== Engine spdk Dev 1 Jobs 1 TargetIOPS 100000 100000 Polling 0 ==
sudo ./open-loop/../scripts/fio ./open-loop/run-spdk.fio --rate_iops=100000 --numjobs=1 --runtime=5 --ioengine=spdk --iodepth=32 --file_service_type=random:32
run: (g=0): rw=randread, bs=(R) 1024B-1024B, (W) 1024B-1024B, (T) 1024B-1024B, ioengine=spdk, iodepth=1024
fio-3.19
Starting 1 thread
Starting SPDK v20.07-pre git sha1 16364fdc1 / DPDK 19.11.2 initialization...
[ DPDK EAL parameters: fio --no-shconf -c 0x1 -m 0 --log-level=lib.eal:6 --log-level=lib.cryptodev:5 --log-level=user1:6 --iova-mode=pa --base-virtaddr=0x200000000000 --match-allocations --file-prefix=spdk_pid31059 ]

run: (groupid=0, jobs=1): err= 0: pid=31063: Fri Jul 17 19:38:45 2020
  read: IOPS=99.0k, BW=97.6MiB/s (102MB/s)(488MiB/5001msec)
    slat (nsec): min=58, max=14733, avg=83.52, stdev=73.65
    clat (usec): min=2, max=167, avg= 3.16, stdev= 4.97
     lat (usec): min=2, max=167, avg= 3.24, stdev= 4.97
    clat percentiles (usec):
     |  1.00th=[    3],  5.00th=[    3], 10.00th=[    3], 20.00th=[    3],
     | 30.00th=[    3], 40.00th=[    3], 50.00th=[    3], 60.00th=[    3],
     | 70.00th=[    3], 80.00th=[    3], 90.00th=[    3], 95.00th=[    4],
     | 99.00th=[    4], 99.50th=[    5], 99.90th=[  149], 99.95th=[  157],
     | 99.99th=[  165]
   bw (  KiB/s): min=100111, max=100118, per=100.00%, avg=100116.11, stdev= 2.76, samples=9
   iops        : min=100111, max=100118, avg=100116.11, stdev= 2.76, samples=9
  lat (usec)   : 4=99.44%, 10=0.35%, 20=0.10%, 50=0.01%, 250=0.10%
  cpu          : usr=99.88%, sys=0.00%, ctx=9, majf=0, minf=0
  IO depths    : 1=99.6%, 2=0.3%, 4=0.1%, 8=0.1%, 16=0.1%, 32=0.1%, >=64=0.1%
     submit    : 0=0.0%, 4=100.0%, 8=0.0%, 16=0.0%, 32=0.0%, 64=0.0%, >=64=0.0%
     complete  : 0=0.0%, 4=100.0%, 8=0.0%, 16=0.0%, 32=0.0%, 64=0.0%, >=64=0.0%
     issued rwts: total=500001,0,0,0 short=0,0,0,0 dropped=0,0,0,0
     latency   : target=0, window=0, percentile=100.00%, depth=1024

Run status group 0 (all jobs):
   READ: bw=97.6MiB/s (102MB/s), 97.6MiB/s-97.6MiB/s (102MB/s-102MB/s), io=488MiB (512MB), run=5001-5001msec
== Engine spdk Dev 1 Jobs 1 TargetIOPS 3000000 3000000 Polling 0 ==
sudo ./open-loop/../scripts/fio ./open-loop/run-spdk.fio --rate_iops=3000000 --numjobs=1 --runtime=5 --ioengine=spdk --iodepth=32 --file_service_type=random:32
run: (g=0): rw=randread, bs=(R) 1024B-1024B, (W) 1024B-1024B, (T) 1024B-1024B, ioengine=spdk, iodepth=1024
fio-3.19
Starting 1 thread
Starting SPDK v20.07-pre git sha1 16364fdc1 / DPDK 19.11.2 initialization...
[ DPDK EAL parameters: fio --no-shconf -c 0x1 -m 0 --log-level=lib.eal:6 --log-level=lib.cryptodev:5 --log-level=user1:6 --iova-mode=pa --base-virtaddr=0x200000000000 --match-allocations --file-prefix=spdk_pid31078 ]

run: (groupid=0, jobs=1): err= 0: pid=31082: Fri Jul 17 19:38:51 2020
  read: IOPS=1361k, BW=1329MiB/s (1393MB/s)(6645MiB/5001msec)
    slat (nsec): min=61, max=17495, avg=71.74, stdev=67.27
    clat (usec): min=105, max=489, avg=375.95, stdev= 7.32
     lat (usec): min=105, max=489, avg=376.02, stdev= 7.32
    clat percentiles (usec):
     |  1.00th=[  371],  5.00th=[  371], 10.00th=[  371], 20.00th=[  375],
     | 30.00th=[  375], 40.00th=[  375], 50.00th=[  375], 60.00th=[  375],
     | 70.00th=[  375], 80.00th=[  375], 90.00th=[  379], 95.00th=[  400],
     | 99.00th=[  404], 99.50th=[  408], 99.90th=[  420], 99.95th=[  433],
     | 99.99th=[  449]
   bw (  MiB/s): min= 1328, max= 1332, per=100.00%, avg=1331.07, stdev= 1.91, samples=9
   iops        : min=1360208, max=1364954, avg=1363020.89, stdev=1958.14, samples=9
  lat (usec)   : 250=0.01%, 500=99.99%
  cpu          : usr=99.98%, sys=0.00%, ctx=16, majf=0, minf=0
  IO depths    : 1=0.1%, 2=0.1%, 4=0.1%, 8=0.1%, 16=0.1%, 32=0.1%, >=64=100.0%
     submit    : 0=0.0%, 4=100.0%, 8=0.0%, 16=0.0%, 32=0.0%, 64=0.0%, >=64=0.0%
     complete  : 0=0.0%, 4=100.0%, 8=0.0%, 16=0.0%, 32=0.0%, 64=0.0%, >=64=0.1%
     issued rwts: total=6804733,0,0,0 short=0,0,0,0 dropped=0,0,0,0
     latency   : target=0, window=0, percentile=100.00%, depth=1024

Run status group 0 (all jobs):
   READ: bw=1329MiB/s (1393MB/s), 1329MiB/s-1329MiB/s (1393MB/s-1393MB/s), io=6645MiB (6968MB), run=5001-5001msec
