== Engine spdk Dev 4 Jobs 1 TargetIOPS 100000 100000 Polling 0 ==
sudo ./open-loop/../scripts/fio ./open-loop/run-spdk.fio --rate_iops=100000 --numjobs=1 -runtime=2 --ioengine=spdk --iodepth=32 --file_service_type=random:32
Starting SPDK v20.07-pre git sha1 16364fdc1 / DPDK 19.11.2 initialization...
[ DPDK EAL parameters: fio --no-shconf -c 0x1 -m 0 --log-level=lib.eal:6 --log-level=lib.cryptodev:5 --log-level=user1:6 --iova-mode=pa --base-virtaddr=0x200000000000 --match-allocations --file-prefix=spdk_pid19996 ]
3;fio-3.19;run;0;0;800008;399804;99950;2001;0;17;0.087179;0.083743;4;502;6.624023;23.763761;1.000000%=4;5.000000%=4;10.000000%=4;20.000000%=4;30.000000%=4;40.000000%=4;50.000000%=5;60.000000%=5;70.000000%=5;80.000000%=5;90.000000%=5;95.000000%=5;99.000000%=10;99.500000%=232;99.900000%=391;99.950000%=423;99.990000%=485;0%=0;0%=0;0%=0;4;502;6.711202;23.764802;400456;400484;100.000000%;400470.666667;14.047538;0;0;0;0;0;0;0.000000;0.000000;0;0;0.000000;0.000000;1.000000%=0;5.000000%=0;10.000000%=0;20.000000%=0;30.000000%=0;40.000000%=0;50.000000%=0;60.000000%=0;70.000000%=0;80.000000%=0;90.000000%=0;95.000000%=0;99.000000%=0;99.500000%=0;99.900000%=0;99.950000%=0;99.990000%=0;0%=0;0%=0;0%=0;0;0;0.000000;0.000000;0;0;0.000000%;0.000000;0.000000;99.450000%;0.000000%;7;0;0;98.7%;0.8%;0.1%;0.1%;0.1%;0.1%;0.5%;0.00%;0.00%;98.98%;0.47%;0.02%;0.02%;0.05%;0.46%;0.01%;0.00%;0.00%;0.00%;0.00%;0.00%;0.00%;0.00%;0.00%;0.00%;0.00%;0.00%;0.00%;0.00%
== Engine spdk Dev 4 Jobs 1 TargetIOPS 2800000 2800000 Polling 0 ==
sudo ./open-loop/../scripts/fio ./open-loop/run-spdk.fio --rate_iops=2800000 --numjobs=1 -runtime=2 --ioengine=spdk --iodepth=32 --file_service_type=random:32
Starting SPDK v20.07-pre git sha1 16364fdc1 / DPDK 19.11.2 initialization...
[ DPDK EAL parameters: fio --no-shconf -c 0x1 -m 0 --log-level=lib.eal:6 --log-level=lib.cryptodev:5 --log-level=user1:6 --iova-mode=pa --base-virtaddr=0x200000000000 --match-allocations --file-prefix=spdk_pid20015 ]
3;fio-3.19;run;0;0;13549340;6771284;1692430;2001;0;15;0.083228;0.070881;4;1785;475.696756;435.050924;1.000000%=23;5.000000%=43;10.000000%=68;20.000000%=118;30.000000%=171;40.000000%=226;50.000000%=288;60.000000%=374;70.000000%=528;80.000000%=1028;90.000000%=1204;95.000000%=1318;99.000000%=1499;99.500000%=1548;99.900000%=1662;99.950000%=1679;99.990000%=1712;0%=0;0%=0;0%=0;4;1785;475.779983;435.042797;6747450;6790144;100.000000%;6773891.333333;23098.725188;0;0;0;0;0;0;0.000000;0.000000;0;0;0.000000;0.000000;1.000000%=0;5.000000%=0;10.000000%=0;20.000000%=0;30.000000%=0;40.000000%=0;50.000000%=0;60.000000%=0;70.000000%=0;80.000000%=0;90.000000%=0;95.000000%=0;99.000000%=0;99.500000%=0;99.900000%=0;99.950000%=0;99.990000%=0;0%=0;0%=0;0%=0;0;0;0.000000;0.000000;0;0;0.000000%;0.000000;0.000000;99.950000%;0.000000%;6;0;0;0.0%;0.0%;0.0%;0.0%;0.0%;0.0%;100.0%;0.00%;0.00%;0.04%;0.57%;5.74%;10.00%;27.58%;24.73%;5.70%;4.27%;21.39%;0.00%;0.00%;0.00%;0.00%;0.00%;0.00%;0.00%;0.00%;0.00%;0.00%;0.00%
== Engine io_uring Dev 4 Jobs 1 TargetIOPS 100000 100000 Polling 2 ==
sudo ./open-loop/../scripts/fio ./open-loop/run.fio --filename=/dev/nvme0n1:/dev/nvme1n1:/dev/nvme2n1:/dev/nvme3n1 --rate_iops=100000 --numjobs=1 -runtime=2 --ioengine=io_uring --iodepth=32 --file_service_type=random:32 --hipri=1 --sqthread_poll=2
fio: ENOSPC on laying out file, stopping
fio: ENOSPC on laying out file, stopping
fio: ENOSPC on laying out file, stopping
fio: ENOSPC on laying out file, stopping
fio: pid=20211, err=22/file:filesetup.c:713, func=open(/dev/nvme0n1), error=Invalid argument
3;fio-3.19;run;0;22;0;0;0;0;0;0;0.000000;0.000000;0;0;0.000000;0.000000;1.000000%=0;5.000000%=0;10.000000%=0;20.000000%=0;30.000000%=0;40.000000%=0;50.000000%=0;60.000000%=0;70.000000%=0;80.000000%=0;90.000000%=0;95.000000%=0;99.000000%=0;99.500000%=0;99.900000%=0;99.950000%=0;99.990000%=0;0%=0;0%=0;0%=0;0;0;0.000000;0.000000;0;0;0.000000%;0.000000;0.000000;0;0;0;0;0;0;0.000000;0.000000;0;0;0.000000;0.000000;1.000000%=0;5.000000%=0;10.000000%=0;20.000000%=0;30.000000%=0;40.000000%=0;50.000000%=0;60.000000%=0;70.000000%=0;80.000000%=0;90.000000%=0;95.000000%=0;99.000000%=0;99.500000%=0;99.900000%=0;99.950000%=0;99.990000%=0;0%=0;0%=0;0%=0;0;0;0.000000;0.000000;0;0;0.000000%;0.000000;0.000000;0.000000%;0.000000%;0;0;0;0.0%;0.0%;0.0%;0.0%;0.0%;0.0%;0.0%;-nan%;0.00%;0.00%;0.00%;0.00%;0.00%;0.00%;0.00%;0.00%;0.00%;0.00%;0.00%;0.00%;0.00%;0.00%;0.00%;0.00%;0.00%;0.00%;0.00%;0.00%;0.00%
== Engine io_uring Dev 4 Jobs 1 TargetIOPS 2800000 2800000 Polling 2 ==
sudo ./open-loop/../scripts/fio ./open-loop/run.fio --filename=/dev/nvme0n1:/dev/nvme1n1:/dev/nvme2n1:/dev/nvme3n1 --rate_iops=2800000 --numjobs=1 -runtime=2 --ioengine=io_uring --iodepth=32 --file_service_type=random:32 --hipri=1 --sqthread_poll=2
fio: pid=20231, err=22/file:filesetup.c:713, func=open(/dev/nvme0n1), error=Invalid argument
3;fio-3.19;run;0;22;0;0;0;0;0;0;0.000000;0.000000;0;0;0.000000;0.000000;1.000000%=0;5.000000%=0;10.000000%=0;20.000000%=0;30.000000%=0;40.000000%=0;50.000000%=0;60.000000%=0;70.000000%=0;80.000000%=0;90.000000%=0;95.000000%=0;99.000000%=0;99.500000%=0;99.900000%=0;99.950000%=0;99.990000%=0;0%=0;0%=0;0%=0;0;0;0.000000;0.000000;0;0;0.000000%;0.000000;0.000000;0;0;0;0;0;0;0.000000;0.000000;0;0;0.000000;0.000000;1.000000%=0;5.000000%=0;10.000000%=0;20.000000%=0;30.000000%=0;40.000000%=0;50.000000%=0;60.000000%=0;70.000000%=0;80.000000%=0;90.000000%=0;95.000000%=0;99.000000%=0;99.500000%=0;99.900000%=0;99.950000%=0;99.990000%=0;0%=0;0%=0;0%=0;0;0;0.000000;0.000000;0;0;0.000000%;0.000000;0.000000;0.000000%;0.000000%;0;0;0;0.0%;0.0%;0.0%;0.0%;0.0%;0.0%;0.0%;-nan%;0.00%;0.00%;0.00%;0.00%;0.00%;0.00%;0.00%;0.00%;0.00%;0.00%;0.00%;0.00%;0.00%;0.00%;0.00%;0.00%;0.00%;0.00%;0.00%;0.00%;0.00%
