== Engine spdk Dev 1 Jobs 1 TargetIOPS 100000 100000 Polling 0 ==
sudo ./open-loop/../scripts/fio ./open-loop/run-spdk.fio --rate_iops=100000 --numjobs=1 --runtime=5 --ioengine=spdk --iodepth=32 --file_service_type=random:32
run: (g=0): rw=randread, bs=(R) 512B-512B, (W) 512B-512B, (T) 512B-512B, ioengine=spdk, iodepth=1024
fio-3.19
Starting 1 thread
Starting SPDK v20.07-pre git sha1 16364fdc1 / DPDK 19.11.2 initialization...
[ DPDK EAL parameters: fio --no-shconf -c 0x1 -m 0 --log-level=lib.eal:6 --log-level=lib.cryptodev:5 --log-level=user1:6 --iova-mode=pa --base-virtaddr=0x200000000000 --match-allocations --file-prefix=spdk_pid29886 ]

run: (groupid=0, jobs=1): err= 0: pid=29890: Fri Jul 17 19:35:44 2020
  read: IOPS=99.0k, BW=48.8MiB/s (51.2MB/s)(244MiB/5001msec)
    slat (nsec): min=59, max=29434, avg=88.38, stdev=78.59
    clat (usec): min=2, max=216, avg= 2.96, stdev= 6.14
     lat (usec): min=2, max=221, avg= 3.05, stdev= 6.14
    clat percentiles (usec):
     |  1.00th=[    3],  5.00th=[    3], 10.00th=[    3], 20.00th=[    3],
     | 30.00th=[    3], 40.00th=[    3], 50.00th=[    3], 60.00th=[    3],
     | 70.00th=[    3], 80.00th=[    3], 90.00th=[    3], 95.00th=[    3],
     | 99.00th=[    4], 99.50th=[    5], 99.90th=[  137], 99.95th=[  204],
     | 99.99th=[  212]
   bw (  KiB/s): min=50013, max=50060, per=100.00%, avg=50053.44, stdev=15.19, samples=9
   iops        : min=100027, max=100120, avg=100107.00, stdev=30.05, samples=9
  lat (usec)   : 4=99.45%, 10=0.35%, 20=0.09%, 50=0.01%, 250=0.10%
  cpu          : usr=99.90%, sys=0.00%, ctx=8, majf=0, minf=0
  IO depths    : 1=99.6%, 2=0.3%, 4=0.1%, 8=0.1%, 16=0.1%, 32=0.1%, >=64=0.1%
     submit    : 0=0.0%, 4=100.0%, 8=0.0%, 16=0.0%, 32=0.0%, 64=0.0%, >=64=0.0%
     complete  : 0=0.0%, 4=100.0%, 8=0.0%, 16=0.0%, 32=0.0%, 64=0.0%, >=64=0.0%
     issued rwts: total=500001,0,0,0 short=0,0,0,0 dropped=0,0,0,0
     latency   : target=0, window=0, percentile=100.00%, depth=1024

Run status group 0 (all jobs):
   READ: bw=48.8MiB/s (51.2MB/s), 48.8MiB/s-48.8MiB/s (51.2MB/s-51.2MB/s), io=244MiB (256MB), run=5001-5001msec
== Engine spdk Dev 1 Jobs 1 TargetIOPS 3000000 3000000 Polling 0 ==
sudo ./open-loop/../scripts/fio ./open-loop/run-spdk.fio --rate_iops=3000000 --numjobs=1 --runtime=5 --ioengine=spdk --iodepth=32 --file_service_type=random:32
run: (g=0): rw=randread, bs=(R) 512B-512B, (W) 512B-512B, (T) 512B-512B, ioengine=spdk, iodepth=1024
fio-3.19
Starting 1 thread
Starting SPDK v20.07-pre git sha1 16364fdc1 / DPDK 19.11.2 initialization...
[ DPDK EAL parameters: fio --no-shconf -c 0x1 -m 0 --log-level=lib.eal:6 --log-level=lib.cryptodev:5 --log-level=user1:6 --iova-mode=pa --base-virtaddr=0x200000000000 --match-allocations --file-prefix=spdk_pid29905 ]

run: (groupid=0, jobs=1): err= 0: pid=29909: Fri Jul 17 19:35:50 2020
  read: IOPS=1560k, BW=762MiB/s (799MB/s)(3810MiB/5001msec)
    slat (nsec): min=57, max=20010, avg=65.09, stdev=59.47
    clat (usec): min=69, max=393, avg=327.88, stdev= 6.48
     lat (usec): min=69, max=393, avg=327.95, stdev= 6.49
    clat percentiles (usec):
     |  1.00th=[  322],  5.00th=[  326], 10.00th=[  326], 20.00th=[  326],
     | 30.00th=[  326], 40.00th=[  326], 50.00th=[  326], 60.00th=[  326],
     | 70.00th=[  326], 80.00th=[  330], 90.00th=[  330], 95.00th=[  343],
     | 99.00th=[  355], 99.50th=[  359], 99.90th=[  363], 99.95th=[  379],
     | 99.99th=[  392]
   bw (  KiB/s): min=778284, max=782264, per=100.00%, avg=780925.56, stdev=1525.98, samples=9
   iops        : min=1556568, max=1564528, avg=1561851.44, stdev=3051.96, samples=9
  lat (usec)   : 100=0.01%, 250=0.01%, 500=99.99%
  cpu          : usr=99.98%, sys=0.00%, ctx=13, majf=0, minf=0
  IO depths    : 1=0.1%, 2=0.1%, 4=0.1%, 8=0.1%, 16=0.1%, 32=0.1%, >=64=100.0%
     submit    : 0=0.0%, 4=100.0%, 8=0.0%, 16=0.0%, 32=0.0%, 64=0.0%, >=64=0.0%
     complete  : 0=0.0%, 4=100.0%, 8=0.0%, 16=0.0%, 32=0.0%, 64=0.0%, >=64=0.1%
     issued rwts: total=7801883,0,0,0 short=0,0,0,0 dropped=0,0,0,0
     latency   : target=0, window=0, percentile=100.00%, depth=1024

Run status group 0 (all jobs):
   READ: bw=762MiB/s (799MB/s), 762MiB/s-762MiB/s (799MB/s-799MB/s), io=3810MiB (3995MB), run=5001-5001msec
