== Engine spdk Dev 4 Jobs 1 TargetIOPS 100000 100000 Polling 0 ==
sudo ./open-loop/../scripts/fio ./open-loop/run-spdk.fio --rate_iops=100000 --numjobs=1 -runtime=2 --ioengine=spdk --iodepth=32 --file_service_type=random:32
Starting SPDK v20.07-pre git sha1 16364fdc1 / DPDK 19.11.2 initialization...
[ DPDK EAL parameters: fio --no-shconf -c 0x1 -m 0 --log-level=lib.eal:6 --log-level=lib.cryptodev:5 --log-level=user1:6 --iova-mode=pa --base-virtaddr=0x200000000000 --match-allocations --file-prefix=spdk_pid18536 ]
3;fio-3.19;run;0;0;800008;399804;99950;2001;0;14;0.087168;0.081345;4;502;6.629982;23.889854;1.000000%=4;5.000000%=4;10.000000%=4;20.000000%=4;30.000000%=4;40.000000%=4;50.000000%=5;60.000000%=5;70.000000%=5;80.000000%=5;90.000000%=5;95.000000%=5;99.000000%=10;99.500000%=236;99.900000%=391;99.950000%=428;99.990000%=485;0%=0;0%=0;0%=0;4;502;6.717149;23.891117;400257;400472;100.000000%;400376.333333;109.436435;0;0;0;0;0;0;0.000000;0.000000;0;0;0.000000;0.000000;1.000000%=0;5.000000%=0;10.000000%=0;20.000000%=0;30.000000%=0;40.000000%=0;50.000000%=0;60.000000%=0;70.000000%=0;80.000000%=0;90.000000%=0;95.000000%=0;99.000000%=0;99.500000%=0;99.900000%=0;99.950000%=0;99.990000%=0;0%=0;0%=0;0%=0;0;0;0.000000;0.000000;0;0;0.000000%;0.000000;0.000000;99.450000%;0.000000%;8;0;0;98.6%;0.8%;0.1%;0.1%;0.1%;0.1%;0.5%;0.00%;0.00%;98.94%;0.51%;0.02%;0.02%;0.04%;0.47%;0.01%;0.00%;0.00%;0.00%;0.00%;0.00%;0.00%;0.00%;0.00%;0.00%;0.00%;0.00%;0.00%;0.00%
== Engine spdk Dev 4 Jobs 1 TargetIOPS 2800000 2800000 Polling 0 ==
sudo ./open-loop/../scripts/fio ./open-loop/run-spdk.fio --rate_iops=2800000 --numjobs=1 -runtime=2 --ioengine=spdk --iodepth=32 --file_service_type=random:32
Starting SPDK v20.07-pre git sha1 16364fdc1 / DPDK 19.11.2 initialization...
[ DPDK EAL parameters: fio --no-shconf -c 0x1 -m 0 --log-level=lib.eal:6 --log-level=lib.cryptodev:5 --log-level=user1:6 --iova-mode=pa --base-virtaddr=0x200000000000 --match-allocations --file-prefix=spdk_pid18555 ]
3;fio-3.19;run;0;0;13553844;6773535;1692982;2001;0;14;0.083133;0.065766;4;1773;470.853662;437.753391;1.000000%=23;5.000000%=43;10.000000%=66;20.000000%=115;30.000000%=164;40.000000%=218;50.000000%=280;60.000000%=362;70.000000%=514;80.000000%=1028;90.000000%=1204;95.000000%=1318;99.000000%=1499;99.500000%=1564;99.900000%=1662;99.950000%=1679;99.990000%=1712;0%=0;0%=0;0%=0;4;1773;470.936793;437.745306;6755615;6791784;100.000000%;6779007.666667;20287.410883;0;0;0;0;0;0;0.000000;0.000000;0;0;0.000000;0.000000;1.000000%=0;5.000000%=0;10.000000%=0;20.000000%=0;30.000000%=0;40.000000%=0;50.000000%=0;60.000000%=0;70.000000%=0;80.000000%=0;90.000000%=0;95.000000%=0;99.000000%=0;99.500000%=0;99.900000%=0;99.950000%=0;99.990000%=0;0%=0;0%=0;0%=0;0;0;0.000000;0.000000;0;0;0.000000%;0.000000;0.000000;99.950000%;0.000000%;5;0;0;0.0%;0.0%;0.0%;0.0%;0.0%;0.0%;100.0%;0.00%;0.00%;0.03%;0.60%;5.98%;10.41%;28.10%;24.27%;5.02%;4.26%;21.34%;0.00%;0.00%;0.00%;0.00%;0.00%;0.00%;0.00%;0.00%;0.00%;0.00%;0.00%
== Engine spdk Dev 4 Jobs 6 TargetIOPS 100000 16666 Polling 0 ==
sudo ./open-loop/../scripts/fio ./open-loop/run-spdk.fio --rate_iops=16666 --numjobs=6 -runtime=2 --ioengine=spdk --iodepth=32 --file_service_type=random:32
Starting SPDK v20.07-pre git sha1 16364fdc1 / DPDK 19.11.2 initialization...
[ DPDK EAL parameters: fio --no-shconf -c 0x1 -m 0 --log-level=lib.eal:6 --log-level=lib.cryptodev:5 --log-level=user1:6 --iova-mode=pa --base-virtaddr=0x200000000000 --match-allocations --file-prefix=spdk_pid18681 ]
3;fio-3.19;run;0;0;800016;399808;99949;2001;0;14113;0.311860;49.361856;4;12924;31.065015;128.671132;1.000000%=4;5.000000%=4;10.000000%=4;20.000000%=4;30.000000%=4;40.000000%=4;50.000000%=5;60.000000%=8;70.000000%=9;80.000000%=9;90.000000%=83;95.000000%=134;99.000000%=403;99.500000%=477;99.900000%=757;99.950000%=790;99.990000%=815;0%=0;0%=0;0%=0;4;14195;31.376874;137.874324;397665;401895;100.000000%;399986.000000;491.604576;0;0;0;0;0;0;0.000000;0.000000;0;0;0.000000;0.000000;1.000000%=0;5.000000%=0;10.000000%=0;20.000000%=0;30.000000%=0;40.000000%=0;50.000000%=0;60.000000%=0;70.000000%=0;80.000000%=0;90.000000%=0;95.000000%=0;99.000000%=0;99.500000%=0;99.900000%=0;99.950000%=0;99.990000%=0;0%=0;0%=0;0%=0;0;0;0.000000;0.000000;0;0;0.000000%;0.000000;0.000000;82.658333%;0.000000%;363;0;0;82.5%;0.3%;0.3%;0.6%;1.3%;2.5%;12.4%;0.00%;0.00%;80.74%;1.71%;1.93%;7.77%;4.91%;2.51%;0.32%;0.10%;0.00%;0.00%;0.00%;0.01%;0.00%;0.00%;0.00%;0.00%;0.00%;0.00%;0.00%;0.00%
== Engine spdk Dev 4 Jobs 6 TargetIOPS 2800000 466666 Polling 0 ==
sudo ./open-loop/../scripts/fio ./open-loop/run-spdk.fio --rate_iops=466666 --numjobs=6 -runtime=2 --ioengine=spdk --iodepth=32 --file_service_type=random:32
Starting SPDK v20.07-pre git sha1 16364fdc1 / DPDK 19.11.2 initialization...
[ DPDK EAL parameters: fio --no-shconf -c 0x1 -m 0 --log-level=lib.eal:6 --log-level=lib.cryptodev:5 --log-level=user1:6 --iova-mode=pa --base-virtaddr=0x200000000000 --match-allocations --file-prefix=spdk_pid18707 ]
3;fio-3.19;run;0;0;16424092;8187483;2045216;2006;0;12004;0.102745;9.744317;4;24208;1647.726905;3081.884481;1.000000%=21;5.000000%=36;10.000000%=49;20.000000%=75;30.000000%=102;40.000000%=136;50.000000%=181;60.000000%=250;70.000000%=423;80.000000%=2834;90.000000%=6193;95.000000%=6717;99.000000%=15925;99.500000%=16580;99.900000%=17694;99.950000%=18219;99.990000%=21626;0%=0;0%=0;0%=0;4;24208;1647.829631;3081.888290;6244049;8806527;88.720152%;7263947.333333;344332.255152;0;0;0;0;0;0;0.000000;0.000000;0;0;0.000000;0.000000;1.000000%=0;5.000000%=0;10.000000%=0;20.000000%=0;30.000000%=0;40.000000%=0;50.000000%=0;60.000000%=0;70.000000%=0;80.000000%=0;90.000000%=0;95.000000%=0;99.000000%=0;99.500000%=0;99.900000%=0;99.950000%=0;99.990000%=0;0%=0;0%=0;0%=0;0;0;0.000000;0.000000;0;0;0.000000%;0.000000;0.000000;84.007322%;0.000000%;311;0;0;0.1%;0.1%;0.1%;0.1%;0.1%;0.1%;100.0%;0.00%;0.00%;0.01%;0.86%;9.18%;18.97%;30.90%;11.84%;2.22%;0.64%;1.28%;5.36%;16.48%;2.33%;0.02%;0.00%;0.00%;0.00%;0.00%;0.00%;0.00%;0.00%
