== Engine spdk Dev 1 Jobs 1 TargetIOPS 100000 100000 Polling 0 ==
sudo ./open-loop/../scripts/fio ./open-loop/run-spdk.fio --rate_iops=100000 --numjobs=1 -runtime=5 --ioengine=spdk --iodepth=32 --file_service_type=random:32
Starting SPDK v20.07-pre git sha1 16364fdc1 / DPDK 19.11.2 initialization...
[ DPDK EAL parameters: fio --no-shconf -c 0x1 -m 0 --log-level=lib.eal:6 --log-level=lib.cryptodev:5 --log-level=user1:6 --iova-mode=pa --base-virtaddr=0x200000000000 --match-allocations --file-prefix=spdk_pid28568 ]
3;fio-3.19;run;0;0;250000;49990;99980;5001;0;14;0.086023;0.057434;2;167;2.911762;4.704883;1.000000%=2;5.000000%=2;10.000000%=2;20.000000%=2;30.000000%=2;40.000000%=2;50.000000%=2;60.000000%=2;70.000000%=2;80.000000%=2;90.000000%=2;95.000000%=2;99.000000%=3;99.500000%=4;99.900000%=120;99.950000%=152;99.990000%=162;0%=0;0%=0;0%=0;2;170;2.997785;4.705613;50004;50059;100.000000%;50052.555556;18.214768;0;0;0;0;0;0;0.000000;0.000000;0;0;0.000000;0.000000;1.000000%=0;5.000000%=0;10.000000%=0;20.000000%=0;30.000000%=0;40.000000%=0;50.000000%=0;60.000000%=0;70.000000%=0;80.000000%=0;90.000000%=0;95.000000%=0;99.000000%=0;99.500000%=0;99.900000%=0;99.950000%=0;99.990000%=0;0%=0;0%=0;0%=0;0;0;0.000000;0.000000;0;0;0.000000%;0.000000;0.000000;99.880000%;0.020000%;12;0;0;99.6%;0.3%;0.1%;0.1%;0.1%;0.1%;0.1%;0.00%;99.45%;0.35%;0.09%;0.01%;0.00%;0.10%;0.00%;0.00%;0.00%;0.00%;0.00%;0.00%;0.00%;0.00%;0.00%;0.00%;0.00%;0.00%;0.00%;0.00%;0.00%
== Engine spdk Dev 1 Jobs 1 TargetIOPS 200000 200000 Polling 0 ==
sudo ./open-loop/../scripts/fio ./open-loop/run-spdk.fio --rate_iops=200000 --numjobs=1 -runtime=5 --ioengine=spdk --iodepth=32 --file_service_type=random:32
Starting SPDK v20.07-pre git sha1 16364fdc1 / DPDK 19.11.2 initialization...
[ DPDK EAL parameters: fio --no-shconf -c 0x1 -m 0 --log-level=lib.eal:6 --log-level=lib.cryptodev:5 --log-level=user1:6 --iova-mode=pa --base-virtaddr=0x200000000000 --match-allocations --file-prefix=spdk_pid28587 ]
3;fio-3.19;run;0;0;500000;99980;199960;5001;0;25;0.083299;0.082839;2;167;2.841483;3.362057;1.000000%=2;5.000000%=2;10.000000%=2;20.000000%=2;30.000000%=2;40.000000%=2;50.000000%=2;60.000000%=2;70.000000%=2;80.000000%=2;90.000000%=2;95.000000%=2;99.000000%=3;99.500000%=4;99.900000%=15;99.950000%=120;99.990000%=160;0%=0;0%=0;0%=0;2;171;2.924782;3.363597;100070;100118;100.000000%;100111.222222;15.650701;0;0;0;0;0;0;0.000000;0.000000;0;0;0.000000;0.000000;1.000000%=0;5.000000%=0;10.000000%=0;20.000000%=0;30.000000%=0;40.000000%=0;50.000000%=0;60.000000%=0;70.000000%=0;80.000000%=0;90.000000%=0;95.000000%=0;99.000000%=0;99.500000%=0;99.900000%=0;99.950000%=0;99.990000%=0;0%=0;0%=0;0%=0;0;0;0.000000;0.000000;0;0;0.000000%;0.000000;0.000000;99.940000%;0.020000%;15;0;0;99.1%;0.7%;0.2%;0.1%;0.1%;0.1%;0.1%;0.00%;99.43%;0.42%;0.09%;0.01%;0.00%;0.05%;0.00%;0.00%;0.00%;0.00%;0.00%;0.00%;0.00%;0.00%;0.00%;0.00%;0.00%;0.00%;0.00%;0.00%;0.00%
== Engine spdk Dev 1 Jobs 1 TargetIOPS 300000 300000 Polling 0 ==
sudo ./open-loop/../scripts/fio ./open-loop/run-spdk.fio --rate_iops=300000 --numjobs=1 -runtime=5 --ioengine=spdk --iodepth=32 --file_service_type=random:32
Starting SPDK v20.07-pre git sha1 16364fdc1 / DPDK 19.11.2 initialization...
[ DPDK EAL parameters: fio --no-shconf -c 0x1 -m 0 --log-level=lib.eal:6 --log-level=lib.cryptodev:5 --log-level=user1:6 --iova-mode=pa --base-virtaddr=0x200000000000 --match-allocations --file-prefix=spdk_pid28606 ]
3;fio-3.19;run;0;0;750000;149970;299940;5001;0;17;0.082666;0.068188;2;163;3.082409;2.706561;1.000000%=2;5.000000%=2;10.000000%=2;20.000000%=2;30.000000%=2;40.000000%=2;50.000000%=2;60.000000%=3;70.000000%=3;80.000000%=3;90.000000%=3;95.000000%=3;99.000000%=3;99.500000%=4;99.900000%=15;99.950000%=17;99.990000%=154;0%=0;0%=0;0%=0;2;168;3.165076;2.708014;150089;150192;100.000000%;150165.222222;30.326464;0;0;0;0;0;0;0.000000;0.000000;0;0;0.000000;0.000000;1.000000%=0;5.000000%=0;10.000000%=0;20.000000%=0;30.000000%=0;40.000000%=0;50.000000%=0;60.000000%=0;70.000000%=0;80.000000%=0;90.000000%=0;95.000000%=0;99.000000%=0;99.500000%=0;99.900000%=0;99.950000%=0;99.990000%=0;0%=0;0%=0;0%=0;0;0;0.000000;0.000000;0;0;0.000000%;0.000000;0.000000;100.040000%;0.000000%;12;0;0;56.7%;43.0%;0.3%;0.1%;0.1%;0.1%;0.1%;0.00%;99.18%;0.69%;0.09%;0.01%;0.00%;0.03%;0.00%;0.00%;0.00%;0.00%;0.00%;0.00%;0.00%;0.00%;0.00%;0.00%;0.00%;0.00%;0.00%;0.00%;0.00%
== Engine spdk Dev 1 Jobs 1 TargetIOPS 400000 400000 Polling 0 ==
sudo ./open-loop/../scripts/fio ./open-loop/run-spdk.fio --rate_iops=400000 --numjobs=1 -runtime=5 --ioengine=spdk --iodepth=32 --file_service_type=random:32
Starting SPDK v20.07-pre git sha1 16364fdc1 / DPDK 19.11.2 initialization...
[ DPDK EAL parameters: fio --no-shconf -c 0x1 -m 0 --log-level=lib.eal:6 --log-level=lib.cryptodev:5 --log-level=user1:6 --iova-mode=pa --base-virtaddr=0x200000000000 --match-allocations --file-prefix=spdk_pid28626 ]
3;fio-3.19;run;0;0;1000000;199960;399920;5001;0;17;0.083895;0.056271;2;221;3.123895;3.297361;1.000000%=2;5.000000%=2;10.000000%=2;20.000000%=2;30.000000%=2;40.000000%=2;50.000000%=3;60.000000%=3;70.000000%=3;80.000000%=3;90.000000%=3;95.000000%=3;99.000000%=4;99.500000%=5;99.900000%=15;99.950000%=17;99.990000%=211;0%=0;0%=0;0%=0;2;221;3.207790;3.298561;200233;200258;100.000000%;200239.111111;7.457286;0;0;0;0;0;0;0.000000;0.000000;0;0;0.000000;0.000000;1.000000%=0;5.000000%=0;10.000000%=0;20.000000%=0;30.000000%=0;40.000000%=0;50.000000%=0;60.000000%=0;70.000000%=0;80.000000%=0;90.000000%=0;95.000000%=0;99.000000%=0;99.500000%=0;99.900000%=0;99.950000%=0;99.990000%=0;0%=0;0%=0;0%=0;0;0;0.000000;0.000000;0;0;0.000000%;0.000000;0.000000;99.940000%;0.020000%;18;0;0;49.5%;50.0%;0.4%;0.1%;0.1%;0.1%;0.1%;0.00%;98.59%;1.27%;0.11%;0.01%;0.00%;0.03%;0.00%;0.00%;0.00%;0.00%;0.00%;0.00%;0.00%;0.00%;0.00%;0.00%;0.00%;0.00%;0.00%;0.00%;0.00%
== Engine spdk Dev 1 Jobs 1 TargetIOPS 700000 700000 Polling 0 ==
sudo ./open-loop/../scripts/fio ./open-loop/run-spdk.fio --rate_iops=700000 --numjobs=1 -runtime=5 --ioengine=spdk --iodepth=32 --file_service_type=random:32
Starting SPDK v20.07-pre git sha1 16364fdc1 / DPDK 19.11.2 initialization...
[ DPDK EAL parameters: fio --no-shconf -c 0x1 -m 0 --log-level=lib.eal:6 --log-level=lib.cryptodev:5 --log-level=user1:6 --iova-mode=pa --base-virtaddr=0x200000000000 --match-allocations --file-prefix=spdk_pid28645 ]
