== Engine io_uring Dev /dev/nvme1n1 Jobs 1 TargetIOPS 500000 500000 Polling 2 ==
1111111
sudo ./open-loop/../scripts/fio ./open-loop/run.fio --filename=/dev/nvme1n1 --rate_iops=500000 --numjobs=1 --runtime=3 --ioengine=io_uring --iodpeth=1024 --hipri=1 --sqthread_poll=2
222
3;fio-3.19-12-g0f69;run;0;0;5999988;1999329;499828;3001;0;0;0.000000;0.000000;9;194;47.639493;17.782483;1.000000%=13;5.000000%=26;10.000000%=28;20.000000%=31;30.000000%=34;40.000000%=39;50.000000%=45;60.000000%=51;70.000000%=58;80.000000%=64;90.000000%=72;95.000000%=77;99.000000%=90;99.500000%=96;99.900000%=109;99.950000%=117;99.990000%=140;0%=0;0%=0;0%=0;9;194;47.675154;17.782135;1999890;2002560;100.000000%;2001979.600000;1169.495960;0;0;0;0;0;0;0.000000;0.000000;0;0;0.000000;0.000000;1.000000%=0;5.000000%=0;10.000000%=0;20.000000%=0;30.000000%=0;40.000000%=0;50.000000%=0;60.000000%=0;70.000000%=0;80.000000%=0;90.000000%=0;95.000000%=0;99.000000%=0;99.500000%=0;99.900000%=0;99.950000%=0;99.990000%=0;0%=0;0%=0;0%=0;0;0;0.000000;0.000000;0;0;0.000000%;0.000000;0.000000;99.966667%;0.000000%;9;0;0;2.3%;4.7%;9.3%;18.7%;37.3%;27.6%;0.1%;0.00%;0.00%;0.01%;3.73%;53.89%;42.07%;0.32%;0.00%;0.00%;0.00%;0.00%;0.00%;0.00%;0.00%;0.00%;0.00%;0.00%;0.00%;0.00%;0.00%;0.00%;0.00%;nvme1n1;2881844;0;2;0;108726;0;0;92.35%
== Engine io_uring Dev /dev/nvme1n1 Jobs 1 TargetIOPS 400000 400000 Polling 2 ==
1111111
sudo ./open-loop/../scripts/fio ./open-loop/run.fio --filename=/dev/nvme1n1 --rate_iops=400000 --numjobs=1 --runtime=3 --ioengine=io_uring --iodpeth=1024 --hipri=1 --sqthread_poll=2
222
3;fio-3.19-12-g0f69;run;0;0;4800008;1599469;399866;3001;0;0;0.000000;0.000000;8;148;18.967352;7.119366;1.000000%=9;5.000000%=9;10.000000%=11;20.000000%=12;30.000000%=14;40.000000%=16;50.000000%=18;60.000000%=20;70.000000%=21;80.000000%=23;90.000000%=27;95.000000%=32;99.000000%=42;99.500000%=46;99.900000%=56;99.950000%=60;99.990000%=72;0%=0;0%=0;0%=0;8;148;19.004528;7.118185;1600296;1602008;100.000000%;1601619.200000;741.341487;0;0;0;0;0;0;0.000000;0.000000;0;0;0.000000;0.000000;1.000000%=0;5.000000%=0;10.000000%=0;20.000000%=0;30.000000%=0;40.000000%=0;50.000000%=0;60.000000%=0;70.000000%=0;80.000000%=0;90.000000%=0;95.000000%=0;99.000000%=0;99.500000%=0;99.900000%=0;99.950000%=0;99.990000%=0;0%=0;0%=0;0%=0;0;0;0.000000;0.000000;0;0;0.000000%;0.000000;0.000000;99.966667%;0.000000%;11;0;0;8.2%;16.4%;32.8%;39.8%;2.9%;0.1%;0.1%;0.00%;0.00%;6.36%;53.34%;39.99%;0.31%;0.01%;0.00%;0.00%;0.00%;0.00%;0.00%;0.00%;0.00%;0.00%;0.00%;0.00%;0.00%;0.00%;0.00%;0.00%;0.00%;nvme1n1;2333529;0;0;0;37986;0;0;93.44%
== Engine io_uring Dev /dev/nvme1n1 Jobs 1 TargetIOPS 100000 100000 Polling 2 ==
1111111
sudo ./open-loop/../scripts/fio ./open-loop/run.fio --filename=/dev/nvme1n1 --rate_iops=100000 --numjobs=1 --runtime=3 --ioengine=io_uring --iodpeth=1024 --hipri=1 --sqthread_poll=2
222
3;fio-3.19-12-g0f69;run;0;0;1200008;399869;99967;3001;0;0;0.000000;0.000000;8;51;13.090815;3.461283;1.000000%=9;5.000000%=9;10.000000%=9;20.000000%=9;30.000000%=10;40.000000%=10;50.000000%=12;60.000000%=15;70.000000%=15;80.000000%=16;90.000000%=16;95.000000%=17;99.000000%=18;99.500000%=25;99.900000%=40;99.950000%=43;99.990000%=48;0%=0;0%=0;0%=0;8;51;13.134918;3.461026;400034;400496;100.000000%;400397.200000;203.113761;0;0;0;0;0;0;0.000000;0.000000;0;0;0.000000;0.000000;1.000000%=0;5.000000%=0;10.000000%=0;20.000000%=0;30.000000%=0;40.000000%=0;50.000000%=0;60.000000%=0;70.000000%=0;80.000000%=0;90.000000%=0;95.000000%=0;99.000000%=0;99.500000%=0;99.900000%=0;99.950000%=0;99.990000%=0;0%=0;0%=0;0%=0;0;0;0.000000;0.000000;0;0;0.000000%;0.000000;0.000000;99.966667%;0.000000%;5;0;0;49.6%;50.1%;0.3%;0.0%;0.0%;0.0%;0.0%;0.00%;0.00%;24.51%;74.74%;0.75%;0.01%;0.00%;0.00%;0.00%;0.00%;0.00%;0.00%;0.00%;0.00%;0.00%;0.00%;0.00%;0.00%;0.00%;0.00%;0.00%;0.00%;nvme1n1;583374;0;0;0;7742;0;0;93.31%
== Engine io_uring Dev /dev/nvme1n1 Jobs 1 TargetIOPS 600000 600000 Polling 2 ==
1111111
sudo ./open-loop/../scripts/fio ./open-loop/run.fio --filename=/dev/nvme1n1 --rate_iops=600000 --numjobs=1 --runtime=3 --ioengine=io_uring --iodpeth=1024 --hipri=1 --sqthread_poll=2
222
3;fio-3.19-12-g0f69;run;0;0;7043488;2346265;586225;3002;0;0;0.000000;0.000000;194;3485;1745.316892;38.920390;1.000000%=1695;5.000000%=1712;10.000000%=1712;20.000000%=1728;30.000000%=1728;40.000000%=1744;50.000000%=1744;60.000000%=1744;70.000000%=1761;80.000000%=1761;90.000000%=1777;95.000000%=1794;99.000000%=1810;99.500000%=1826;99.900000%=1843;99.950000%=1974;99.990000%=3162;0%=0;0%=0;0%=0;194;3485;1745.354030;38.920234;2345131;2350968;100.000000%;2348992.600000;2294.221829;0;0;0;0;0;0;0.000000;0.000000;0;0;0.000000;0.000000;1.000000%=0;5.000000%=0;10.000000%=0;20.000000%=0;30.000000%=0;40.000000%=0;50.000000%=0;60.000000%=0;70.000000%=0;80.000000%=0;90.000000%=0;95.000000%=0;99.000000%=0;99.500000%=0;99.900000%=0;99.950000%=0;99.990000%=0;0%=0;0%=0;0%=0;0;0;0.000000;0.000000;0;0;0.000000%;0.000000;0.000000;99.933356%;0.000000%;5;0;0;0.1%;0.1%;0.1%;0.1%;0.1%;0.1%;100.0%;0.00%;0.00%;0.00%;0.00%;0.00%;0.00%;0.01%;0.01%;0.00%;0.00%;100.01%;0.05%;0.00%;0.00%;0.00%;0.00%;0.00%;0.00%;0.00%;0.00%;0.00%;0.00%;nvme1n1;3398056;0;1;0;5860819;0;0;92.80%
== Engine io_uring Dev /dev/nvme1n1 Jobs 1 TargetIOPS 550000 550000 Polling 2 ==
1111111
sudo ./open-loop/../scripts/fio ./open-loop/run.fio --filename=/dev/nvme1n1 --rate_iops=550000 --numjobs=1 --runtime=3 --ioengine=io_uring --iodpeth=1024 --hipri=1 --sqthread_poll=2
222
3;fio-3.19-12-g0f69;run;0;0;6600060;2199286;549805;3001;0;0;0.000000;0.000000;9;279;113.892073;37.601762;1.000000%=22;5.000000%=73;10.000000%=77;20.000000%=82;30.000000%=87;40.000000%=93;50.000000%=102;60.000000%=118;70.000000%=134;80.000000%=150;90.000000%=168;95.000000%=181;99.000000%=203;99.500000%=209;99.900000%=228;99.950000%=236;99.990000%=252;0%=0;0%=0;0%=0;9;279;113.928077;37.601050;2202110;2203040;100.000000%;2202679.600000;410.649242;0;0;0;0;0;0;0.000000;0.000000;0;0;0.000000;0.000000;1.000000%=0;5.000000%=0;10.000000%=0;20.000000%=0;30.000000%=0;40.000000%=0;50.000000%=0;60.000000%=0;70.000000%=0;80.000000%=0;90.000000%=0;95.000000%=0;99.000000%=0;99.500000%=0;99.900000%=0;99.950000%=0;99.990000%=0;0%=0;0%=0;0%=0;0;0;0.000000;0.000000;0;0;0.000000%;0.000000;0.000000;99.966667%;0.000000%;5;0;0;0.9%;1.8%;3.5%;7.0%;14.0%;28.1%;44.8%;0.00%;0.00%;0.01%;0.32%;1.66%;45.53%;52.47%;0.01%;0.00%;0.00%;0.00%;0.00%;0.00%;0.00%;0.00%;0.00%;0.00%;0.00%;0.00%;0.00%;0.00%;0.00%;nvme1n1;3229185;0;3;0;279705;0;0;94.08%
== Engine io_uring Dev /dev/nvme1n1 Jobs 1 TargetIOPS 525000 525000 Polling 2 ==
1111111
sudo ./open-loop/../scripts/fio ./open-loop/run.fio --filename=/dev/nvme1n1 --rate_iops=525000 --numjobs=1 --runtime=3 --ioengine=io_uring --iodpeth=1024 --hipri=1 --sqthread_poll=2
222
3;fio-3.19-12-g0f69;run;0;0;6300152;2099350;524816;3001;0;0;0.000000;0.000000;9;184;67.736828;24.303777;1.000000%=14;5.000000%=40;10.000000%=43;20.000000%=46;30.000000%=49;40.000000%=55;50.000000%=62;60.000000%=72;70.000000%=81;80.000000%=91;90.000000%=101;95.000000%=110;99.000000%=125;99.500000%=130;99.900000%=144;99.950000%=148;99.990000%=158;0%=0;0%=0;0%=0;9;184;67.772678;24.303773;2101712;2103839;100.000000%;2102670.200000;762.944428;0;0;0;0;0;0;0.000000;0.000000;0;0;0.000000;0.000000;1.000000%=0;5.000000%=0;10.000000%=0;20.000000%=0;30.000000%=0;40.000000%=0;50.000000%=0;60.000000%=0;70.000000%=0;80.000000%=0;90.000000%=0;95.000000%=0;99.000000%=0;99.500000%=0;99.900000%=0;99.950000%=0;99.990000%=0;0%=0;0%=0;0%=0;0;0;0.000000;0.000000;0;0;0.000000%;0.000000;0.000000;99.966667%;0.000000%;5;0;0;1.5%;3.1%;6.2%;12.3%;24.6%;46.8%;5.4%;0.00%;0.00%;0.01%;2.83%;26.83%;58.55%;11.78%;0.00%;0.00%;0.00%;0.00%;0.00%;0.00%;0.00%;0.00%;0.00%;0.00%;0.00%;0.00%;0.00%;0.00%;0.00%;nvme1n1;3045756;0;2;0;158707;0;0;92.92%
== Engine io_uring Dev /dev/nvme1n1 Jobs 1 TargetIOPS 575000 575000 Polling 2 ==
1111111
sudo ./open-loop/../scripts/fio ./open-loop/run.fio --filename=/dev/nvme1n1 --rate_iops=575000 --numjobs=1 --runtime=3 --ioengine=io_uring --iodpeth=1024 --hipri=1 --sqthread_poll=2
222
3;fio-3.19-12-g0f69;run;0;0;6899192;2298964;574698;3001;0;0;0.000000;0.000000;9;775;408.864987;105.610138;1.000000%=129;5.000000%=309;10.000000%=317;20.000000%=329;30.000000%=337;40.000000%=350;50.000000%=366;60.000000%=395;70.000000%=452;80.000000%=514;90.000000%=577;95.000000%=610;99.000000%=659;99.500000%=667;99.900000%=700;99.950000%=708;99.990000%=733;0%=0;0%=0;0%=0;9;775;408.900011;105.609683;2300611;2303344;100.000000%;2302400.600000;1068.787070;0;0;0;0;0;0;0.000000;0.000000;0;0;0.000000;0.000000;1.000000%=0;5.000000%=0;10.000000%=0;20.000000%=0;30.000000%=0;40.000000%=0;50.000000%=0;60.000000%=0;70.000000%=0;80.000000%=0;90.000000%=0;95.000000%=0;99.000000%=0;99.500000%=0;99.900000%=0;99.950000%=0;99.990000%=0;0%=0;0%=0;0%=0;0;0;0.000000;0.000000;0;0;0.000000%;0.000000;0.000000;99.966667%;0.000000%;4;0;0;0.2%;0.5%;1.0%;1.9%;3.9%;7.8%;84.7%;0.00%;0.00%;0.01%;0.00%;0.01%;0.94%;0.46%;76.17%;22.43%;0.01%;0.00%;0.00%;0.00%;0.00%;0.00%;0.00%;0.00%;0.00%;0.00%;0.00%;0.00%;0.00%;nvme1n1;3411091;0;2;0;969733;0;0;95.04%
== Engine io_uring Dev /dev/nvme1n1 Jobs 1 TargetIOPS 300000 300000 Polling 2 ==
1111111
sudo ./open-loop/../scripts/fio ./open-loop/run.fio --filename=/dev/nvme1n1 --rate_iops=300000 --numjobs=1 --runtime=3 --ioengine=io_uring --iodpeth=1024 --hipri=1 --sqthread_poll=2
222
3;fio-3.19-12-g0f69;run;0;0;3600012;1199604;299899;3001;0;0;0.000000;0.000000;7;75;13.372784;3.466571;1.000000%=8;5.000000%=8;10.000000%=9;20.000000%=10;30.000000%=11;40.000000%=12;50.000000%=13;60.000000%=14;70.000000%=14;80.000000%=15;90.000000%=16;95.000000%=17;99.000000%=25;99.500000%=32;99.900000%=43;99.950000%=46;99.990000%=53;0%=0;0%=0;0%=0;7;75;13.413275;3.463485;1201448;1201617;100.000000%;1201496.200000;68.558005;0;0;0;0;0;0;0.000000;0.000000;0;0;0.000000;0.000000;1.000000%=0;5.000000%=0;10.000000%=0;20.000000%=0;30.000000%=0;40.000000%=0;50.000000%=0;60.000000%=0;70.000000%=0;80.000000%=0;90.000000%=0;95.000000%=0;99.000000%=0;99.500000%=0;99.900000%=0;99.950000%=0;99.990000%=0;0%=0;0%=0;0%=0;0;0;0.000000;0.000000;0;0;0.000000%;0.000000;0.000000;99.966667%;0.000000%;3;0;0;16.4%;32.8%;49.6%;1.2%;0.1%;0.0%;0.0%;0.00%;0.00%;15.81%;82.43%;1.73%;0.02%;0.00%;0.00%;0.00%;0.00%;0.00%;0.00%;0.00%;0.00%;0.00%;0.00%;0.00%;0.00%;0.00%;0.00%;0.00%;0.00%;nvme1n1;1791204;0;1;0;21553;0;0;91.98%
== Engine io_uring Dev /dev/nvme1n1 Jobs 1 TargetIOPS 200000 200000 Polling 2 ==
1111111
sudo ./open-loop/../scripts/fio ./open-loop/run.fio --filename=/dev/nvme1n1 --rate_iops=200000 --numjobs=1 --runtime=3 --ioengine=io_uring --iodpeth=1024 --hipri=1 --sqthread_poll=2
222
3;fio-3.19-12-g0f69;run;0;0;2400004;799734;199933;3001;0;0;0.000000;0.000000;7;143;10.761697;2.108275;1.000000%=9;5.000000%=9;10.000000%=9;20.000000%=9;30.000000%=9;40.000000%=10;50.000000%=10;60.000000%=10;70.000000%=11;80.000000%=11;90.000000%=11;95.000000%=12;99.000000%=17;99.500000%=25;99.900000%=38;99.950000%=42;99.990000%=45;0%=0;0%=0;0%=0;7;143;10.802428;2.107257;800649;800968;100.000000%;800811.400000;147.410312;0;0;0;0;0;0;0.000000;0.000000;0;0;0.000000;0.000000;1.000000%=0;5.000000%=0;10.000000%=0;20.000000%=0;30.000000%=0;40.000000%=0;50.000000%=0;60.000000%=0;70.000000%=0;80.000000%=0;90.000000%=0;95.000000%=0;99.000000%=0;99.500000%=0;99.900000%=0;99.950000%=0;99.990000%=0;0%=0;0%=0;0%=0;0;0;0.000000;0.000000;0;0;0.000000%;0.000000;0.000000;99.966667%;0.000000%;9;0;0;32.8%;65.6%;1.4%;0.2%;0.1%;0.0%;0.0%;0.00%;0.00%;31.37%;67.85%;0.78%;0.01%;0.01%;0.00%;0.00%;0.00%;0.00%;0.00%;0.00%;0.00%;0.00%;0.00%;0.00%;0.00%;0.00%;0.00%;0.00%;0.00%;nvme1n1;1171381;0;0;0;11866;0;0;93.76%
== Engine io_uring Dev /dev/nvme1n1 Jobs 2 TargetIOPS 500000 250000 Polling 2 ==
1111111
sudo ./open-loop/../scripts/fio ./open-loop/run.fio --filename=/dev/nvme1n1 --rate_iops=250000 --numjobs=2 --runtime=3 --ioengine=io_uring --iodpeth=512 --hipri=1 --sqthread_poll=2
222
3;fio-3.19-12-g0f69;run;0;0;6000000;1999333;499832;3001;0;0;0.000000;0.000000;7;97;13.727620;4.306293;1.000000%=8;5.000000%=8;10.000000%=9;20.000000%=10;30.000000%=11;40.000000%=12;50.000000%=12;60.000000%=13;70.000000%=14;80.000000%=15;90.000000%=18;95.000000%=20;99.000000%=30;99.500000%=38;99.900000%=46;99.950000%=49;99.990000%=57;0%=0;0%=0;0%=0;7;97;13.768427;4.303323;2001464;2002560;100.000000%;2002128.000000;254.759494;0;0;0;0;0;0;0.000000;0.000000;0;0;0.000000;0.000000;1.000000%=0;5.000000%=0;10.000000%=0;20.000000%=0;30.000000%=0;40.000000%=0;50.000000%=0;60.000000%=0;70.000000%=0;80.000000%=0;90.000000%=0;95.000000%=0;99.000000%=0;99.500000%=0;99.900000%=0;99.950000%=0;99.990000%=0;0%=0;0%=0;0%=0;0;0;0.000000;0.000000;0;0;0.000000%;0.000000;0.000000;99.966667%;0.000000%;10;0;0;20.7%;41.5%;36.6%;1.2%;0.1%;0.0%;0.0%;0.00%;0.00%;13.91%;79.73%;6.30%;0.05%;0.00%;0.00%;0.00%;0.00%;0.00%;0.00%;0.00%;0.00%;0.00%;0.00%;0.00%;0.00%;0.00%;0.00%;0.00%;0.00%;nvme1n1;2984060;0;0;0;36678;0;0;91.92%
== Engine io_uring Dev /dev/nvme1n1 Jobs 2 TargetIOPS 400000 200000 Polling 2 ==
1111111
sudo ./open-loop/../scripts/fio ./open-loop/run.fio --filename=/dev/nvme1n1 --rate_iops=200000 --numjobs=2 --runtime=3 --ioengine=io_uring --iodpeth=512 --hipri=1 --sqthread_poll=2
222
3;fio-3.19-12-g0f69;run;0;0;4800028;1599476;399866;3001;0;0;0.000000;0.000000;7;69;11.427274;2.964805;1.000000%=8;5.000000%=8;10.000000%=9;20.000000%=9;30.000000%=10;40.000000%=10;50.000000%=10;60.000000%=11;70.000000%=11;80.000000%=12;90.000000%=13;95.000000%=16;99.000000%=22;99.500000%=29;99.900000%=41;99.950000%=43;99.990000%=47;0%=0;0%=0;0%=0;7;69;11.468993;2.962436;1601887;1602024;100.000000%;1601995.200000;34.396382;0;0;0;0;0;0;0.000000;0.000000;0;0;0.000000;0.000000;1.000000%=0;5.000000%=0;10.000000%=0;20.000000%=0;30.000000%=0;40.000000%=0;50.000000%=0;60.000000%=0;70.000000%=0;80.000000%=0;90.000000%=0;95.000000%=0;99.000000%=0;99.500000%=0;99.900000%=0;99.950000%=0;99.990000%=0;0%=0;0%=0;0%=0;0;0;0.000000;0.000000;0;0;0.000000%;0.000000;0.000000;99.966667%;0.000000%;16;0;0;31.4%;62.8%;5.6%;0.2%;0.0%;0.0%;0.0%;0.00%;0.00%;26.50%;71.89%;1.61%;0.01%;0.00%;0.00%;0.00%;0.00%;0.00%;0.00%;0.00%;0.00%;0.00%;0.00%;0.00%;0.00%;0.00%;0.00%;0.00%;0.00%;nvme1n1;2337006;0;0;0;24036;0;0;94.46%
== Engine io_uring Dev /dev/nvme1n1 Jobs 2 TargetIOPS 100000 50000 Polling 2 ==
1111111
sudo ./open-loop/../scripts/fio ./open-loop/run.fio --filename=/dev/nvme1n1 --rate_iops=50000 --numjobs=2 --runtime=3 --ioengine=io_uring --iodpeth=512 --hipri=1 --sqthread_poll=2
222
3;fio-3.19-12-g0f69;run;0;0;1200008;399869;99967;3001;0;0;0.000000;0.000000;7;95;9.417073;1.734391;1.000000%=8;5.000000%=8;10.000000%=8;20.000000%=9;30.000000%=9;40.000000%=9;50.000000%=9;60.000000%=9;70.000000%=9;80.000000%=9;90.000000%=9;95.000000%=9;99.000000%=16;99.500000%=20;99.900000%=36;99.950000%=41;99.990000%=42;0%=0;0%=0;0%=0;7;95;9.466107;1.734224;400270;400488;100.000000%;400415.600000;42.376094;0;0;0;0;0;0;0.000000;0.000000;0;0;0.000000;0.000000;1.000000%=0;5.000000%=0;10.000000%=0;20.000000%=0;30.000000%=0;40.000000%=0;50.000000%=0;60.000000%=0;70.000000%=0;80.000000%=0;90.000000%=0;95.000000%=0;99.000000%=0;99.500000%=0;99.900000%=0;99.950000%=0;99.990000%=0;0%=0;0%=0;0%=0;0;0;0.000000;0.000000;0;0;0.000000%;0.000000;0.000000;99.966667%;0.000000%;8;0;0;99.3%;0.7%;0.1%;0.0%;0.0%;0.0%;0.0%;0.00%;0.00%;96.75%;2.66%;0.58%;0.01%;0.00%;0.00%;0.00%;0.00%;0.00%;0.00%;0.00%;0.00%;0.00%;0.00%;0.00%;0.00%;0.00%;0.00%;0.00%;0.00%;nvme1n1;596206;0;0;0;5852;0;0;91.67%
== Engine io_uring Dev /dev/nvme1n1 Jobs 2 TargetIOPS 600000 300000 Polling 2 ==
1111111
sudo ./open-loop/../scripts/fio ./open-loop/run.fio --filename=/dev/nvme1n1 --rate_iops=300000 --numjobs=2 --runtime=3 --ioengine=io_uring --iodpeth=512 --hipri=1 --sqthread_poll=2
222
3;fio-3.19-12-g0f69;run;0;0;7124520;2373257;592974;3002;0;0;0.000000;0.000000;7;3475;1714.012385;191.225989;1.000000%=856;5.000000%=1712;10.000000%=1712;20.000000%=1728;30.000000%=1728;40.000000%=1728;50.000000%=1744;60.000000%=1744;70.000000%=1744;80.000000%=1761;90.000000%=1777;95.000000%=1777;99.000000%=1794;99.500000%=1810;99.900000%=1826;99.950000%=1843;99.990000%=2899;0%=0;0%=0;0%=0;8;3475;1714.050995;191.225986;2346599;2351640;98.989423%;2349273.400000;902.574934;0;0;0;0;0;0;0.000000;0.000000;0;0;0.000000;0.000000;1.000000%=0;5.000000%=0;10.000000%=0;20.000000%=0;30.000000%=0;40.000000%=0;50.000000%=0;60.000000%=0;70.000000%=0;80.000000%=0;90.000000%=0;95.000000%=0;99.000000%=0;99.500000%=0;99.900000%=0;99.950000%=0;99.990000%=0;0%=0;0%=0;0%=0;0;0;0.000000;0.000000;0;0;0.000000%;0.000000;0.000000;99.950008%;0.000000%;6;0;0;0.1%;0.2%;0.3%;0.1%;0.1%;0.1%;99.4%;0.00%;0.00%;0.10%;0.51%;0.02%;0.01%;0.02%;0.02%;0.01%;2.23%;97.12%;0.02%;0.00%;0.00%;0.00%;0.00%;0.00%;0.00%;0.00%;0.00%;0.00%;0.00%;nvme1n1;3422842;0;0;0;5812610;0;0;94.33%
== Engine io_uring Dev /dev/nvme1n1 Jobs 2 TargetIOPS 550000 275000 Polling 2 ==
1111111
sudo ./open-loop/../scripts/fio ./open-loop/run.fio --filename=/dev/nvme1n1 --rate_iops=275000 --numjobs=2 --runtime=3 --ioengine=io_uring --iodpeth=512 --hipri=1 --sqthread_poll=2
222
3;fio-3.19-12-g0f69;run;0;0;6600024;2199274;549815;3001;0;0;0.000000;0.000000;7;97;15.876256;5.533809;1.000000%=8;5.000000%=9;10.000000%=10;20.000000%=11;30.000000%=12;40.000000%=13;50.000000%=14;60.000000%=15;70.000000%=17;80.000000%=18;90.000000%=22;95.000000%=25;99.000000%=38;99.500000%=43;99.900000%=51;99.950000%=55;99.990000%=61;0%=0;0%=0;0%=0;7;97;15.916433;5.531040;2201298;2202888;100.000000%;2202328.400000;335.790940;0;0;0;0;0;0;0.000000;0.000000;0;0;0.000000;0.000000;1.000000%=0;5.000000%=0;10.000000%=0;20.000000%=0;30.000000%=0;40.000000%=0;50.000000%=0;60.000000%=0;70.000000%=0;80.000000%=0;90.000000%=0;95.000000%=0;99.000000%=0;99.500000%=0;99.900000%=0;99.950000%=0;99.990000%=0;0%=0;0%=0;0%=0;0;0;0.000000;0.000000;0;0;0.000000%;0.000000;0.000000;99.966667%;0.000000%;11;0;0;16.3%;32.7%;46.5%;4.5%;0.1%;0.0%;0.0%;0.00%;0.00%;7.98%;77.12%;14.75%;0.16%;0.00%;0.00%;0.00%;0.00%;0.00%;0.00%;0.00%;0.00%;0.00%;0.00%;0.00%;0.00%;0.00%;0.00%;0.00%;0.00%;nvme1n1;3295102;0;0;0;47050;0;0;93.78%
== Engine io_uring Dev /dev/nvme1n1 Jobs 2 TargetIOPS 525000 262500 Polling 2 ==
1111111
sudo ./open-loop/../scripts/fio ./open-loop/run.fio --filename=/dev/nvme1n1 --rate_iops=262500 --numjobs=2 --runtime=3 --ioengine=io_uring --iodpeth=512 --hipri=1 --sqthread_poll=2
222
3;fio-3.19-12-g0f69;run;0;0;6300032;2099310;524825;3001;0;0;0.000000;0.000000;7;104;14.555019;4.728842;1.000000%=8;5.000000%=9;10.000000%=9;20.000000%=11;30.000000%=12;40.000000%=13;50.000000%=13;60.000000%=14;70.000000%=15;80.000000%=16;90.000000%=19;95.000000%=22;99.000000%=33;99.500000%=40;99.900000%=48;99.950000%=51;99.990000%=58;0%=0;0%=0;0%=0;7;104;14.595701;4.725876;2102160;2103036;100.000000%;2102623.200000;146.732107;0;0;0;0;0;0;0.000000;0.000000;0;0;0.000000;0.000000;1.000000%=0;5.000000%=0;10.000000%=0;20.000000%=0;30.000000%=0;40.000000%=0;50.000000%=0;60.000000%=0;70.000000%=0;80.000000%=0;90.000000%=0;95.000000%=0;99.000000%=0;99.500000%=0;99.900000%=0;99.950000%=0;99.990000%=0;0%=0;0%=0;0%=0;0;0;0.000000;0.000000;0;0;0.000000%;0.000000;0.000000;99.966667%;0.000000%;13;0;0;18.4%;36.7%;42.8%;2.1%;0.1%;0.0%;0.0%;0.00%;0.00%;11.49%;79.48%;8.96%;0.07%;0.01%;0.00%;0.00%;0.00%;0.00%;0.00%;0.00%;0.00%;0.00%;0.00%;0.00%;0.00%;0.00%;0.00%;0.00%;0.00%;nvme1n1;3032636;0;0;0;42264;0;0;96.40%
== Engine io_uring Dev /dev/nvme1n1 Jobs 2 TargetIOPS 575000 287500 Polling 2 ==
1111111
sudo ./open-loop/../scripts/fio ./open-loop/run.fio --filename=/dev/nvme1n1 --rate_iops=287500 --numjobs=2 --runtime=3 --ioengine=io_uring --iodpeth=512 --hipri=1 --sqthread_poll=2
222
3;fio-3.19-12-g0f69;run;0;0;6900036;2299245;574809;3001;0;0;0.000000;0.000000;7;93;18.693644;7.684942;1.000000%=8;5.000000%=10;10.000000%=11;20.000000%=12;30.000000%=14;40.000000%=15;50.000000%=16;60.000000%=18;70.000000%=20;80.000000%=23;90.000000%=28;95.000000%=34;99.000000%=46;99.500000%=50;99.900000%=59;99.950000%=63;99.990000%=71;0%=0;0%=0;0%=0;7;93;18.733486;7.682390;2301282;2302920;100.000000%;2302283.600000;346.047396;0;0;0;0;0;0;0.000000;0.000000;0;0;0.000000;0.000000;1.000000%=0;5.000000%=0;10.000000%=0;20.000000%=0;30.000000%=0;40.000000%=0;50.000000%=0;60.000000%=0;70.000000%=0;80.000000%=0;90.000000%=0;95.000000%=0;99.000000%=0;99.500000%=0;99.900000%=0;99.950000%=0;99.990000%=0;0%=0;0%=0;0%=0;0;0;0.000000;0.000000;0;0;0.000000%;0.000000;0.000000;99.966667%;0.000000%;15;0;0;13.6%;27.2%;46.8%;11.9%;0.4%;0.0%;0.0%;0.00%;0.00%;4.49%;65.04%;29.90%;0.57%;0.00%;0.00%;0.00%;0.00%;0.00%;0.00%;0.00%;0.00%;0.00%;0.00%;0.00%;0.00%;0.00%;0.00%;0.00%;0.00%;nvme1n1;3432994;0;0;0;59366;0;0;93.17%
== Engine io_uring Dev /dev/nvme1n1 Jobs 2 TargetIOPS 300000 150000 Polling 2 ==
1111111
sudo ./open-loop/../scripts/fio ./open-loop/run.fio --filename=/dev/nvme1n1 --rate_iops=150000 --numjobs=2 --runtime=3 --ioengine=io_uring --iodpeth=512 --hipri=1 --sqthread_poll=2
222
3;fio-3.19-12-g0f69;run;0;0;3600016;1199605;299900;3001;0;0;0.000000;0.000000;7;59;10.382374;2.254297;1.000000%=7;5.000000%=8;10.000000%=8;20.000000%=9;30.000000%=9;40.000000%=9;50.000000%=10;60.000000%=10;70.000000%=10;80.000000%=10;90.000000%=11;95.000000%=13;99.000000%=18;99.500000%=23;99.900000%=39;99.950000%=41;99.990000%=45;0%=0;0%=0;0%=0;7;59;10.425541;2.252451;1201056;1202025;100.000000%;1201502.600000;168.272002;0;0;0;0;0;0;0.000000;0.000000;0;0;0.000000;0.000000;1.000000%=0;5.000000%=0;10.000000%=0;20.000000%=0;30.000000%=0;40.000000%=0;50.000000%=0;60.000000%=0;70.000000%=0;80.000000%=0;90.000000%=0;95.000000%=0;99.000000%=0;99.500000%=0;99.900000%=0;99.950000%=0;99.990000%=0;0%=0;0%=0;0%=0;0;0;0.000000;0.000000;0;0;0.000000%;0.000000;0.000000;99.966667%;0.000000%;4;0;0;47.5%;51.7%;0.8%;0.1%;0.0%;0.0%;0.0%;0.00%;0.00%;47.12%;52.10%;0.77%;0.01%;0.00%;0.00%;0.00%;0.00%;0.00%;0.00%;0.00%;0.00%;0.00%;0.00%;0.00%;0.00%;0.00%;0.00%;0.00%;0.00%;nvme1n1;1749457;0;0;0;16563;0;0;94.27%
== Engine io_uring Dev /dev/nvme1n1 Jobs 2 TargetIOPS 200000 100000 Polling 2 ==
1111111
sudo ./open-loop/../scripts/fio ./open-loop/run.fio --filename=/dev/nvme1n1 --rate_iops=100000 --numjobs=2 --runtime=3 --ioengine=io_uring --iodpeth=512 --hipri=1 --sqthread_poll=2
222
3;fio-3.19-12-g0f69;run;0;0;2400008;799736;199933;3001;0;0;0.000000;0.000000;7;58;10.137930;1.929457;1.000000%=8;5.000000%=8;10.000000%=9;20.000000%=9;30.000000%=9;40.000000%=9;50.000000%=9;60.000000%=10;70.000000%=10;80.000000%=10;90.000000%=10;95.000000%=10;99.000000%=17;99.500000%=23;99.900000%=39;99.950000%=42;99.990000%=45;0%=0;0%=0;0%=0;7;58;10.182331;1.927704;800474;800984;100.000000%;800792.400000;97.584152;0;0;0;0;0;0;0.000000;0.000000;0;0;0.000000;0.000000;1.000000%=0;5.000000%=0;10.000000%=0;20.000000%=0;30.000000%=0;40.000000%=0;50.000000%=0;60.000000%=0;70.000000%=0;80.000000%=0;90.000000%=0;95.000000%=0;99.000000%=0;99.500000%=0;99.900000%=0;99.950000%=0;99.990000%=0;0%=0;0%=0;0%=0;0;0;0.000000;0.000000;0;0;0.000000%;0.000000;0.000000;99.966667%;0.000000%;8;0;0;49.8%;50.0%;0.2%;0.0%;0.0%;0.0%;0.0%;0.00%;0.00%;54.27%;45.07%;0.65%;0.01%;0.00%;0.00%;0.00%;0.00%;0.00%;0.00%;0.00%;0.00%;0.00%;0.00%;0.00%;0.00%;0.00%;0.00%;0.00%;0.00%;nvme1n1;1181774;0;0;0;11798;0;0;94.59%
== Engine io_uring Dev /dev/nvme1n1 Jobs 3 TargetIOPS 500000 166666 Polling 2 ==
1111111
sudo ./open-loop/../scripts/fio ./open-loop/run.fio --filename=/dev/nvme1n1 --rate_iops=166666 --numjobs=3 --runtime=3 --ioengine=io_uring --iodpeth=341 --hipri=1 --sqthread_poll=2
222
3;fio-3.19-12-g0f69;run;0;0;5917144;1952208;487938;3031;0;0;0.000000;0.000000;3;95936;1497.588752;4818.333289;1.000000%=8;5.000000%=9;10.000000%=10;20.000000%=12;30.000000%=70;40.000000%=403;50.000000%=962;60.000000%=1073;70.000000%=1286;80.000000%=1482;90.000000%=1712;95.000000%=2211;99.000000%=18743;99.500000%=43778;99.900000%=63700;99.950000%=63700;99.990000%=63700;0%=0;0%=0;0%=0;7;95936;1497.632630;4818.348513;1162048;2642584;100.000000%;1979723.000000;213922.570365;0;0;0;0;0;0;0.000000;0.000000;0;0;0.000000;0.000000;1.000000%=0;5.000000%=0;10.000000%=0;20.000000%=0;30.000000%=0;40.000000%=0;50.000000%=0;60.000000%=0;70.000000%=0;80.000000%=0;90.000000%=0;95.000000%=0;99.000000%=0;99.500000%=0;99.900000%=0;99.950000%=0;99.990000%=0;0%=0;0%=0;0%=0;0;0;0.000000;0.000000;0;0;0.000000%;0.000000;0.000000;72.558140%;0.000000%;765;0;0;9.8%;18.4%;2.6%;4.5%;3.8%;0.4%;60.5%;0.00%;0.01%;6.98%;19.64%;0.43%;8.04%;4.30%;1.17%;0.78%;12.77%;39.49%;1.85%;2.86%;0.73%;0.74%;0.24%;0.00%;0.00%;0.00%;0.00%;0.00%;0.00%;nvme1n1;2960795;0;1;0;3804629;0;1442336;93.22%
== Engine io_uring Dev /dev/nvme1n1 Jobs 3 TargetIOPS 400000 133333 Polling 2 ==
1111111
sudo ./open-loop/../scripts/fio ./open-loop/run.fio --filename=/dev/nvme1n1 --rate_iops=133333 --numjobs=3 --runtime=3 --ioengine=io_uring --iodpeth=341 --hipri=1 --sqthread_poll=2
222
3;fio-3.19-12-g0f69;run;0;0;4789904;1593978;398421;3005;0;0;0.000000;0.000000;3;95959;1316.534825;5781.376786;1.000000%=8;5.000000%=9;10.000000%=9;20.000000%=10;30.000000%=10;40.000000%=49;50.000000%=88;60.000000%=839;70.000000%=905;80.000000%=987;90.000000%=1138;95.000000%=1613;99.000000%=35913;99.500000%=43778;99.900000%=67633;99.950000%=71827;99.990000%=76021;0%=0;0%=0;0%=0;7;95960;1316.577290;5781.401283;1282947;1820482;99.832206%;1591303.400000;91578.361785;0;0;0;0;0;0;0.000000;0.000000;0;0;0.000000;0.000000;1.000000%=0;5.000000%=0;10.000000%=0;20.000000%=0;30.000000%=0;40.000000%=0;50.000000%=0;60.000000%=0;70.000000%=0;80.000000%=0;90.000000%=0;95.000000%=0;99.000000%=0;99.500000%=0;99.900000%=0;99.950000%=0;99.990000%=0;0%=0;0%=0;0%=0;0;0;0.000000;0.000000;0;0;0.000000%;0.000000;0.000000;74.722346%;0.000000%;452;0;0;20.4%;21.8%;4.0%;6.0%;0.6%;0.4%;46.8%;0.00%;0.01%;18.37%;21.02%;0.62%;11.64%;1.44%;1.32%;1.58%;24.88%;15.73%;0.25%;0.47%;1.18%;1.14%;0.36%;0.00%;0.00%;0.00%;0.00%;0.00%;0.00%;nvme1n1;2332452;0;2;0;1851603;0;753288;93.14%
== Engine io_uring Dev /dev/nvme1n1 Jobs 3 TargetIOPS 100000 33333 Polling 2 ==
1111111
sudo ./open-loop/../scripts/fio ./open-loop/run.fio --filename=/dev/nvme1n1 --rate_iops=33333 --numjobs=3 --runtime=3 --ioengine=io_uring --iodpeth=341 --hipri=1 --sqthread_poll=2
222
3;fio-3.19-12-g0f69;run;0;0;1202012;399339;99665;3010;0;0;0.000000;0.000000;7;91839;3154.701484;11087.434110;1.000000%=10;5.000000%=10;10.000000%=12;20.000000%=13;30.000000%=13;40.000000%=13;50.000000%=14;60.000000%=14;70.000000%=659;80.000000%=757;90.000000%=864;95.000000%=27918;99.000000%=63700;99.500000%=67633;99.900000%=69730;99.950000%=71827;99.990000%=71827;0%=0;0%=0;0%=0;7;91840;3155.061549;11087.512809;341860;474452;99.520007%;397422.200000;18188.158534;0;0;0;0;0;0;0.000000;0.000000;0;0;0.000000;0.000000;1.000000%=0;5.000000%=0;10.000000%=0;20.000000%=0;30.000000%=0;40.000000%=0;50.000000%=0;60.000000%=0;70.000000%=0;80.000000%=0;90.000000%=0;95.000000%=0;99.000000%=0;99.500000%=0;99.900000%=0;99.950000%=0;99.990000%=0;0%=0;0%=0;0%=0;0;0;0.000000;0.000000;0;0;0.000000%;0.000000;0.000000;75.291375%;0.000000%;542;0;0;63.2%;1.4%;0.2%;0.3%;0.4%;0.5%;33.9%;0.00%;0.00%;1.03%;61.30%;0.51%;1.83%;0.49%;2.27%;9.60%;15.04%;0.15%;0.00%;0.19%;1.60%;4.75%;1.36%;0.00%;0.00%;0.00%;0.00%;0.00%;0.00%;nvme1n1;588325;0;0;0;844194;0;646372;94.41%
== Engine io_uring Dev /dev/nvme1n1 Jobs 3 TargetIOPS 600000 200000 Polling 2 ==
1111111
sudo ./open-loop/../scripts/fio ./open-loop/run.fio --filename=/dev/nvme1n1 --rate_iops=200000 --numjobs=3 --runtime=3 --ioengine=io_uring --iodpeth=341 --hipri=1 --sqthread_poll=2
222
3;fio-3.19-12-g0f69;run;0;0;7093640;2362971;590404;3002;0;0;0.000000;0.000000;7;56021;1706.314559;2624.549350;1.000000%=11;5.000000%=75;10.000000%=108;20.000000%=236;30.000000%=1011;40.000000%=1122;50.000000%=1236;60.000000%=1318;70.000000%=1466;80.000000%=1613;90.000000%=1925;95.000000%=8847;99.000000%=12779;99.500000%=13041;99.900000%=13828;99.950000%=16056;99.990000%=55836;0%=0;0%=0;0%=0;7;56022;1706.355621;2624.557409;2237609;2505107;99.428237%;2349460.400000;32432.109398;0;0;0;0;0;0;0.000000;0.000000;0;0;0.000000;0.000000;1.000000%=0;5.000000%=0;10.000000%=0;20.000000%=0;30.000000%=0;40.000000%=0;50.000000%=0;60.000000%=0;70.000000%=0;80.000000%=0;90.000000%=0;95.000000%=0;99.000000%=0;99.500000%=0;99.900000%=0;99.950000%=0;99.990000%=0;0%=0;0%=0;0%=0;0;0;0.000000;0.000000;0;0;0.000000%;0.000000;0.000000;68.140413%;0.000000%;691;0;0;1.0%;2.0%;2.1%;4.0%;8.0%;3.9%;79.0%;0.00%;0.00%;0.41%;1.18%;0.05%;7.10%;11.48%;3.29%;1.11%;4.09%;62.20%;2.18%;3.03%;3.89%;0.01%;0.02%;0.00%;0.00%;0.00%;0.00%;0.00%;0.00%;nvme1n1;3489764;0;2;0;5558513;0;2198552;93.07%
== Engine io_uring Dev /dev/nvme1n1 Jobs 3 TargetIOPS 550000 183333 Polling 2 ==
1111111
sudo ./open-loop/../scripts/fio ./open-loop/run.fio --filename=/dev/nvme1n1 --rate_iops=183333 --numjobs=3 --runtime=3 --ioengine=io_uring --iodpeth=341 --hipri=1 --sqthread_poll=2
222
3;fio-3.19-12-g0f69;run;0;0;6527096;2174249;543442;3002;0;0;0.000000;0.000000;7;115935;1454.156078;3692.220628;1.000000%=8;5.000000%=10;10.000000%=11;20.000000%=73;30.000000%=124;40.000000%=897;50.000000%=1011;60.000000%=1122;70.000000%=1253;80.000000%=1433;90.000000%=1662;95.000000%=2146;99.000000%=13303;99.500000%=16711;99.900000%=55836;99.950000%=60030;99.990000%=80216;0%=0;0%=0;0%=0;7;115935;1454.220170;3692.259764;1526443;2497371;99.232774%;2157567.600000;173391.482973;0;0;0;0;0;0;0.000000;0.000000;0;0;0.000000;0.000000;1.000000%=0;5.000000%=0;10.000000%=0;20.000000%=0;30.000000%=0;40.000000%=0;50.000000%=0;60.000000%=0;70.000000%=0;80.000000%=0;90.000000%=0;95.000000%=0;99.000000%=0;99.500000%=0;99.900000%=0;99.950000%=0;99.990000%=0;0%=0;0%=0;0%=0;0;0;0.000000;0.000000;0;0;0.000000%;0.000000;0.000000;70.420971%;0.000000%;477;0;0;5.8%;11.5%;3.1%;5.3%;7.8%;1.4%;65.1%;0.00%;0.00%;4.73%;10.79%;0.44%;9.39%;9.12%;2.12%;1.21%;11.02%;45.60%;1.05%;0.18%;4.02%;0.25%;0.10%;0.01%;0.00%;0.00%;0.00%;0.00%;0.00%;nvme1n1;3184124;0;1;0;4049666;0;1645956;94.61%
== Engine io_uring Dev /dev/nvme1n1 Jobs 3 TargetIOPS 525000 175000 Polling 2 ==
1111111
sudo ./open-loop/../scripts/fio ./open-loop/run.fio --filename=/dev/nvme1n1 --rate_iops=175000 --numjobs=3 --runtime=3 --ioengine=io_uring --iodpeth=341 --hipri=1 --sqthread_poll=2
222
3;fio-3.19-12-g0f69;run;0;0;6229000;2074950;518431;3002;0;0;0.000000;0.000000;7;91943;1471.730818;4598.480385;1.000000%=8;5.000000%=9;10.000000%=10;20.000000%=24;30.000000%=110;40.000000%=856;50.000000%=987;60.000000%=1089;70.000000%=1204;80.000000%=1384;90.000000%=1662;95.000000%=2146;99.000000%=17170;99.500000%=40108;99.900000%=63700;99.950000%=67633;99.990000%=67633;0%=0;0%=0;0%=0;7;91944;1471.776453;4598.501966;1161875;2654920;99.518408%;2064957.200000;227222.684265;0;0;0;0;0;0;0.000000;0.000000;0;0;0.000000;0.000000;1.000000%=0;5.000000%=0;10.000000%=0;20.000000%=0;30.000000%=0;40.000000%=0;50.000000%=0;60.000000%=0;70.000000%=0;80.000000%=0;90.000000%=0;95.000000%=0;99.000000%=0;99.500000%=0;99.900000%=0;99.950000%=0;99.990000%=0;0%=0;0%=0;0%=0;0;0;0.000000;0.000000;0;0;0.000000%;0.000000;0.000000;72.280858%;0.000000%;594;0;0;7.2%;14.1%;2.7%;4.6%;5.3%;1.2%;64.9%;0.00%;0.00%;5.48%;14.40%;0.47%;7.97%;5.90%;1.75%;2.40%;13.35%;42.50%;1.55%;2.29%;1.12%;0.63%;0.24%;0.00%;0.00%;0.00%;0.00%;0.00%;0.00%;nvme1n1;3019139;0;2;0;3996091;0;1530456;93.22%
== Engine io_uring Dev /dev/nvme1n1 Jobs 3 TargetIOPS 575000 191666 Polling 2 ==
1111111
sudo ./open-loop/../scripts/fio ./open-loop/run.fio --filename=/dev/nvme1n1 --rate_iops=191666 --numjobs=3 --runtime=3 --ioengine=io_uring --iodpeth=341 --hipri=1 --sqthread_poll=2
222
3;fio-3.19-12-g0f69;run;0;0;6824680;2273377;568051;3002;0;0;0.000000;0.000000;7;71919;1782.816855;3097.558895;1.000000%=9;5.000000%=11;10.000000%=102;20.000000%=872;30.000000%=1089;40.000000%=1204;50.000000%=1286;60.000000%=1335;70.000000%=1400;80.000000%=1531;90.000000%=1695;95.000000%=10289;99.000000%=13172;99.500000%=13434;99.900000%=40108;99.950000%=43778;99.990000%=55836;0%=0;0%=0;0%=0;7;71919;1782.867253;3097.582784;1822930;2723222;100.000000%;2288084.800000;121292.788256;0;0;0;0;0;0;0.000000;0.000000;0;0;0.000000;0.000000;1.000000%=0;5.000000%=0;10.000000%=0;20.000000%=0;30.000000%=0;40.000000%=0;50.000000%=0;60.000000%=0;70.000000%=0;80.000000%=0;90.000000%=0;95.000000%=0;99.000000%=0;99.500000%=0;99.900000%=0;99.950000%=0;99.990000%=0;0%=0;0%=0;0%=0;0;0;0.000000;0.000000;0;0;0.000000%;0.000000;0.000000;67.740502%;0.000000%;475;0;0;2.2%;4.4%;1.3%;2.2%;4.1%;1.2%;84.6%;0.00%;0.00%;1.82%;4.11%;0.16%;3.68%;4.35%;1.59%;2.51%;6.37%;68.16%;1.53%;0.40%;5.09%;0.26%;0.02%;0.00%;0.00%;0.00%;0.00%;0.00%;0.00%;nvme1n1;3266083;0;3;0;3867026;0;861512;92.74%
== Engine io_uring Dev /dev/nvme1n1 Jobs 3 TargetIOPS 300000 100000 Polling 2 ==
1111111
sudo ./open-loop/../scripts/fio ./open-loop/run.fio --filename=/dev/nvme1n1 --rate_iops=100000 --numjobs=3 --runtime=3 --ioengine=io_uring --iodpeth=341 --hipri=1 --sqthread_poll=2
222
3;fio-3.19-12-g0f69;run;0;0;3592852;1191659;297821;3015;0;0;0.000000;0.000000;7;87999;1387.993822;6677.438754;1.000000%=8;5.000000%=9;10.000000%=9;20.000000%=9;30.000000%=10;40.000000%=10;50.000000%=43;60.000000%=569;70.000000%=831;80.000000%=888;90.000000%=987;95.000000%=1433;99.000000%=43778;99.500000%=63700;99.900000%=63700;99.950000%=67633;99.990000%=67633;0%=0;0%=0;0%=0;7;88000;1388.170423;6677.542202;1030801;1408824;100.000000%;1196545.600000;62334.604803;0;0;0;0;0;0;0.000000;0.000000;0;0;0.000000;0.000000;1.000000%=0;5.000000%=0;10.000000%=0;20.000000%=0;30.000000%=0;40.000000%=0;50.000000%=0;60.000000%=0;70.000000%=0;80.000000%=0;90.000000%=0;95.000000%=0;99.000000%=0;99.500000%=0;99.900000%=0;99.950000%=0;99.990000%=0;0%=0;0%=0;0%=0;0;0;0.000000;0.000000;0;0;0.000000%;0.000000;0.000000;74.173508%;0.000000%;797;0;0;25.6%;26.6%;3.5%;1.6%;0.5%;0.9%;41.2%;0.00%;0.00%;24.57%;24.91%;0.60%;6.87%;0.66%;1.62%;4.27%;27.42%;5.83%;0.08%;0.23%;1.18%;1.03%;0.73%;0.00%;0.00%;0.00%;0.00%;0.00%;0.00%;nvme1n1;1750357;0;1;0;1561097;0;874024;94.58%
== Engine io_uring Dev /dev/nvme1n1 Jobs 3 TargetIOPS 200000 66666 Polling 2 ==
1111111
sudo ./open-loop/../scripts/fio ./open-loop/run.fio --filename=/dev/nvme1n1 --rate_iops=66666 --numjobs=3 --runtime=3 --ioengine=io_uring --iodpeth=341 --hipri=1 --sqthread_poll=2
222
3;fio-3.19-12-g0f69;run;0;0;2399968;799722;199930;3001;0;0;0.000000;0.000000;7;107890;2008.353841;8939.826172;1.000000%=8;5.000000%=8;10.000000%=8;20.000000%=8;30.000000%=9;40.000000%=9;50.000000%=9;60.000000%=60;70.000000%=774;80.000000%=823;90.000000%=921;95.000000%=1499;99.000000%=60030;99.500000%=63700;99.900000%=76021;99.950000%=80216;99.990000%=80216;0%=0;0%=0;0%=0;7;107890;2008.508900;8939.946611;657617;937939;99.602162%;796540.400000;33860.769666;0;0;0;0;0;0;0.000000;0.000000;0;0;0.000000;0.000000;1.000000%=0;5.000000%=0;10.000000%=0;20.000000%=0;30.000000%=0;40.000000%=0;50.000000%=0;60.000000%=0;70.000000%=0;80.000000%=0;90.000000%=0;95.000000%=0;99.000000%=0;99.500000%=0;99.900000%=0;99.950000%=0;99.990000%=0;0%=0;0%=0;0%=0;0;0;0.000000;0.000000;0;0;0.000000%;0.000000;0.000000;75.088889%;0.000000%;456;0;0;57.7%;2.6%;2.2%;0.1%;0.2%;0.4%;36.9%;0.00%;0.00%;54.98%;2.27%;0.36%;4.99%;0.10%;1.10%;4.99%;23.65%;3.31%;0.08%;0.01%;0.54%;2.47%;1.16%;0.01%;0.00%;0.00%;0.00%;0.00%;0.00%;nvme1n1;1161590;0;1;0;1245167;0;811968;93.17%
== Engine io_uring Dev /dev/nvme1n1 Jobs 4 TargetIOPS 500000 125000 Polling 2 ==
1111111
sudo ./open-loop/../scripts/fio ./open-loop/run.fio --filename=/dev/nvme1n1 --rate_iops=125000 --numjobs=4 --runtime=3 --ioengine=io_uring --iodpeth=256 --hipri=1 --sqthread_poll=2
222
3;fio-3.19-12-g0f69;run;0;0;5915060;1965789;491277;3009;0;0;0.000000;0.000000;7;83999;1552.002801;4571.863671;1.000000%=9;5.000000%=10;10.000000%=207;20.000000%=423;30.000000%=428;40.000000%=436;50.000000%=440;60.000000%=468;70.000000%=634;80.000000%=864;90.000000%=897;95.000000%=12255;99.000000%=20578;99.500000%=28180;99.900000%=47972;99.950000%=48496;99.990000%=71827;0%=0;0%=0;0%=0;7;83999;1552.180107;4572.145840;1301636;2513286;99.028522%;1946691.800000;119463.236320;0;0;0;0;0;0;0.000000;0.000000;0;0;0.000000;0.000000;1.000000%=0;5.000000%=0;10.000000%=0;20.000000%=0;30.000000%=0;40.000000%=0;50.000000%=0;60.000000%=0;70.000000%=0;80.000000%=0;90.000000%=0;95.000000%=0;99.000000%=0;99.500000%=0;99.900000%=0;99.950000%=0;99.990000%=0;0%=0;0%=0;0%=0;0;0;0.000000;0.000000;0;0;0.000000%;0.000000;0.000000;35.361185%;0.000000%;676;0;0;3.3%;3.6%;0.9%;1.1%;0.3%;0.6%;90.1%;0.00%;0.00%;2.88%;3.50%;0.27%;2.40%;1.91%;50.46%;10.71%;20.44%;1.30%;0.03%;0.68%;3.93%;1.48%;0.05%;0.00%;0.00%;0.00%;0.00%;0.00%;0.00%;nvme1n1;2872583;0;0;0;3713077;0;2264368;94.52%
== Engine io_uring Dev /dev/nvme1n1 Jobs 4 TargetIOPS 400000 100000 Polling 2 ==
1111111
sudo ./open-loop/../scripts/fio ./open-loop/run.fio --filename=/dev/nvme1n1 --rate_iops=100000 --numjobs=4 --runtime=3 --ioengine=io_uring --iodpeth=256 --hipri=1 --sqthread_poll=2
222
3;fio-3.19-12-g0f69;run;0;0;4791972;1591488;397868;3011;0;0;0.000000;0.000000;7;91999;1358.794779;4678.028371;1.000000%=9;5.000000%=10;10.000000%=15;20.000000%=214;30.000000%=423;40.000000%=432;50.000000%=440;60.000000%=497;70.000000%=528;80.000000%=634;90.000000%=872;95.000000%=6455;99.000000%=20578;99.500000%=32374;99.900000%=60030;99.950000%=63700;99.990000%=71827;0%=0;0%=0;0%=0;7;91999;1358.899271;4678.114177;1228623;1969632;99.859038%;1589244.600000;95611.362819;0;0;0;0;0;0;0.000000;0.000000;0;0;0.000000;0.000000;1.000000%=0;5.000000%=0;10.000000%=0;20.000000%=0;30.000000%=0;40.000000%=0;50.000000%=0;60.000000%=0;70.000000%=0;80.000000%=0;90.000000%=0;95.000000%=0;99.000000%=0;99.500000%=0;99.900000%=0;99.950000%=0;99.990000%=0;0%=0;0%=0;0%=0;0;0;0.000000;0.000000;0;0;0.000000%;0.000000;0.000000;39.109076%;0.000000%;719;0;0;6.7%;7.4%;2.6%;1.3%;0.8%;1.2%;79.9%;0.00%;0.00%;3.99%;8.27%;0.64%;5.25%;3.20%;38.80%;21.95%;11.69%;0.60%;0.11%;1.25%;2.77%;1.35%;0.13%;0.00%;0.00%;0.00%;0.00%;0.00%;0.00%;nvme1n1;2348600;0;0;0;2610481;0;1560024;93.41%
== Engine io_uring Dev /dev/nvme1n1 Jobs 4 TargetIOPS 100000 25000 Polling 2 ==
1111111
sudo ./open-loop/../scripts/fio ./open-loop/run.fio --filename=/dev/nvme1n1 --rate_iops=25000 --numjobs=4 --runtime=3 --ioengine=io_uring --iodpeth=256 --hipri=1 --sqthread_poll=2
222
3;fio-3.19-12-g0f69;run;0;0;1191872;397158;99204;3001;0;0;0.000000;0.000000;7;95953;2486.992878;8480.604227;1.000000%=9;5.000000%=10;10.000000%=12;20.000000%=13;30.000000%=13;40.000000%=56;50.000000%=232;60.000000%=329;70.000000%=428;80.000000%=456;90.000000%=4292;95.000000%=11993;99.000000%=47972;99.500000%=60030;99.900000%=71827;99.950000%=71827;99.990000%=71827;0%=0;0%=0;0%=0;7;95953;2487.338014;8480.743132;316869;459780;99.444503%;394951.800000;14346.853950;0;0;0;0;0;0;0.000000;0.000000;0;0;0.000000;0.000000;1.000000%=0;5.000000%=0;10.000000%=0;20.000000%=0;30.000000%=0;40.000000%=0;50.000000%=0;60.000000%=0;70.000000%=0;80.000000%=0;90.000000%=0;95.000000%=0;99.000000%=0;99.500000%=0;99.900000%=0;99.950000%=0;99.990000%=0;0%=0;0%=0;0%=0;0;0;0.000000;0.000000;0;0;0.000000%;0.000000;0.000000;51.866667%;0.000000%;758;0;0;38.4%;1.6%;1.0%;1.4%;2.2%;4.3%;51.1%;0.00%;0.00%;2.30%;35.34%;1.02%;2.77%;10.17%;31.95%;1.19%;0.74%;0.09%;0.09%;8.77%;1.85%;3.04%;0.76%;0.00%;0.00%;0.00%;0.00%;0.00%;0.00%;nvme1n1;576992;0;0;0;537916;0;359832;92.05%
== Engine io_uring Dev /dev/nvme1n1 Jobs 4 TargetIOPS 600000 150000 Polling 2 ==
1111111
sudo ./open-loop/../scripts/fio ./open-loop/run.fio --filename=/dev/nvme1n1 --rate_iops=150000 --numjobs=4 --runtime=3 --ioengine=io_uring --iodpeth=256 --hipri=1 --sqthread_poll=2
222
3;fio-3.19-12-g0f69;run;0;0;7032592;2337185;583957;3009;0;0;0.000000;0.000000;8;29086;1680.840156;5192.590646;1.000000%=195;5.000000%=419;10.000000%=423;20.000000%=428;30.000000%=428;40.000000%=432;50.000000%=436;60.000000%=440;70.000000%=444;80.000000%=460;90.000000%=675;95.000000%=16449;99.000000%=24510;99.500000%=24510;99.900000%=28180;99.950000%=28442;99.990000%=28704;0%=0;0%=0;0%=0;8;29086;1681.053459;5192.921850;2202266;2385373;99.525754%;2326101.000000;19868.210576;0;0;0;0;0;0;0.000000;0.000000;0;0;0.000000;0.000000;1.000000%=0;5.000000%=0;10.000000%=0;20.000000%=0;30.000000%=0;40.000000%=0;50.000000%=0;60.000000%=0;70.000000%=0;80.000000%=0;90.000000%=0;95.000000%=0;99.000000%=0;99.500000%=0;99.900000%=0;99.950000%=0;99.990000%=0;0%=0;0%=0;0%=0;0;0;0.000000;0.000000;0;0;0.000000%;0.000000;0.000000;26.602831%;0.000000%;421;0;0;0.4%;0.4%;0.1%;0.1%;0.1%;0.1%;99.1%;0.00%;0.00%;0.33%;0.39%;0.03%;0.08%;1.34%;83.35%;5.37%;3.49%;0.26%;0.01%;0.09%;0.51%;4.80%;0.00%;0.00%;0.00%;0.00%;0.00%;0.00%;0.00%;nvme1n1;3370550;0;2;0;5405720;0;3755332;93.42%
== Engine io_uring Dev /dev/nvme1n1 Jobs 4 TargetIOPS 550000 137500 Polling 2 ==
1111111
sudo ./open-loop/../scripts/fio ./open-loop/run.fio --filename=/dev/nvme1n1 --rate_iops=137500 --numjobs=4 --runtime=3 --ioengine=io_uring --iodpeth=256 --hipri=1 --sqthread_poll=2
222
3;fio-3.19-12-g0f69;run;0;0;6545252;2173780;543190;3011;0;0;0.000000;0.000000;7;91999;1454.610468;4181.657537;1.000000%=9;5.000000%=89;10.000000%=387;20.000000%=428;30.000000%=428;40.000000%=432;50.000000%=440;60.000000%=448;70.000000%=569;80.000000%=864;90.000000%=888;95.000000%=10027;99.000000%=24248;99.500000%=24510;99.900000%=32374;99.950000%=43778;99.990000%=60030;0%=0;0%=0;0%=0;7;91999;1454.736008;4181.849601;1915444;2436936;99.673224%;2166676.600000;53848.317947;0;0;0;0;0;0;0.000000;0.000000;0;0;0.000000;0.000000;1.000000%=0;5.000000%=0;10.000000%=0;20.000000%=0;30.000000%=0;40.000000%=0;50.000000%=0;60.000000%=0;70.000000%=0;80.000000%=0;90.000000%=0;95.000000%=0;99.000000%=0;99.500000%=0;99.900000%=0;99.950000%=0;99.990000%=0;0%=0;0%=0;0%=0;0;0;0.000000;0.000000;0;0;0.000000%;0.000000;0.000000;33.405459%;0.000000%;561;0;0;2.0%;2.1%;0.3%;0.5%;0.3%;0.5%;94.2%;0.00%;0.00%;1.82%;2.16%;0.26%;0.93%;1.96%;60.82%;5.80%;19.04%;1.72%;0.02%;0.51%;3.46%;1.52%;0.03%;0.00%;0.00%;0.00%;0.00%;0.00%;0.00%;nvme1n1;3048342;0;0;0;4006487;0;2502572;94.52%
== Engine io_uring Dev /dev/nvme1n1 Jobs 4 TargetIOPS 525000 131250 Polling 2 ==
1111111
sudo ./open-loop/../scripts/fio ./open-loop/run.fio --filename=/dev/nvme1n1 --rate_iops=131250 --numjobs=4 --runtime=3 --ioengine=io_uring --iodpeth=256 --hipri=1 --sqthread_poll=2
222
3;fio-3.19-12-g0f69;run;0;0;6255452;2084455;520858;3001;0;0;0.000000;0.000000;8;84067;1421.262529;3970.499530;1.000000%=9;5.000000%=52;10.000000%=301;20.000000%=428;30.000000%=432;40.000000%=436;50.000000%=440;60.000000%=460;70.000000%=741;80.000000%=864;90.000000%=897;95.000000%=10420;99.000000%=20054;99.500000%=20840;99.900000%=32636;99.950000%=40632;99.990000%=84410;0%=0;0%=0;0%=0;8;84068;1421.387528;3970.650229;1861575;2352045;99.660890%;2077386.400000;43037.095222;0;0;0;0;0;0;0.000000;0.000000;0;0;0.000000;0.000000;1.000000%=0;5.000000%=0;10.000000%=0;20.000000%=0;30.000000%=0;40.000000%=0;50.000000%=0;60.000000%=0;70.000000%=0;80.000000%=0;90.000000%=0;95.000000%=0;99.000000%=0;99.500000%=0;99.900000%=0;99.950000%=0;99.990000%=0;0%=0;0%=0;0%=0;0;0;0.000000;0.000000;0;0;0.000000%;0.000000;0.000000;33.991667%;0.000000%;609;0;0;2.4%;2.5%;0.5%;0.7%;0.4%;0.7%;92.8%;0.00%;0.00%;2.17%;2.46%;0.32%;1.38%;2.25%;54.64%;7.02%;21.85%;2.29%;0.07%;0.43%;4.14%;0.98%;0.05%;0.00%;0.00%;0.00%;0.00%;0.00%;0.00%;nvme1n1;3065872;0;1;0;4075339;0;2481216;94.87%
== Engine io_uring Dev /dev/nvme1n1 Jobs 4 TargetIOPS 575000 143750 Polling 2 ==
1111111
sudo ./open-loop/../scripts/fio ./open-loop/run.fio --filename=/dev/nvme1n1 --rate_iops=143750 --numjobs=4 --runtime=3 --ioengine=io_uring --iodpeth=256 --hipri=1 --sqthread_poll=2
222
3;fio-3.19-12-g0f69;run;0;0;6751700;2245327;560992;3007;0;0;0.000000;0.000000;7;79968;1445.270004;4709.737367;1.000000%=9;5.000000%=195;10.000000%=419;20.000000%=428;30.000000%=428;40.000000%=432;50.000000%=436;60.000000%=440;70.000000%=444;80.000000%=464;90.000000%=626;95.000000%=1269;99.000000%=24510;99.500000%=24510;99.900000%=35913;99.950000%=45875;99.990000%=71827;0%=0;0%=0;0%=0;7;79968;1445.435700;4709.982101;1931785;2395619;100.000000%;2264779.000000;58555.418459;0;0;0;0;0;0;0.000000;0.000000;0;0;0.000000;0.000000;1.000000%=0;5.000000%=0;10.000000%=0;20.000000%=0;30.000000%=0;40.000000%=0;50.000000%=0;60.000000%=0;70.000000%=0;80.000000%=0;90.000000%=0;95.000000%=0;99.000000%=0;99.500000%=0;99.900000%=0;99.950000%=0;99.990000%=0;0%=0;0%=0;0%=0;0;0;0.000000;0.000000;0;0;0.000000%;0.000000;0.000000;29.860070%;0.000000%;468;0;0;1.3%;1.5%;0.6%;1.2%;0.3%;0.4%;94.7%;0.00%;0.00%;1.12%;1.25%;0.11%;2.04%;1.78%;76.74%;9.01%;2.74%;0.31%;0.01%;0.32%;1.40%;3.19%;0.05%;0.00%;0.00%;0.00%;0.00%;0.00%;0.00%;nvme1n1;3261930;0;0;0;4275210;0;2713732;95.13%
== Engine io_uring Dev /dev/nvme1n1 Jobs 4 TargetIOPS 300000 75000 Polling 2 ==
1111111
sudo ./open-loop/../scripts/fio ./open-loop/run.fio --filename=/dev/nvme1n1 --rate_iops=75000 --numjobs=4 --runtime=3 --ioengine=io_uring --iodpeth=256 --hipri=1 --sqthread_poll=2
222
3;fio-3.19-12-g0f69;run;0;0;3593764;1186844;296539;3028;0;0;0.000000;0.000000;7;91995;1385.148581;5478.297604;1.000000%=8;5.000000%=9;10.000000%=9;20.000000%=12;30.000000%=195;40.000000%=399;50.000000%=440;60.000000%=489;70.000000%=497;80.000000%=509;90.000000%=864;95.000000%=4292;99.000000%=30277;99.500000%=43778;99.900000%=60030;99.950000%=64225;99.990000%=67633;0%=0;0%=0;0%=0;7;91995;1385.268600;5478.365124;1028007;1365782;99.811483%;1184606.600000;32621.542836;0;0;0;0;0;0;0.000000;0.000000;0;0;0.000000;0.000000;1.000000%=0;5.000000%=0;10.000000%=0;20.000000%=0;30.000000%=0;40.000000%=0;50.000000%=0;60.000000%=0;70.000000%=0;80.000000%=0;90.000000%=0;95.000000%=0;99.000000%=0;99.500000%=0;99.900000%=0;99.950000%=0;99.990000%=0;0%=0;0%=0;0%=0;0;0;0.000000;0.000000;0;0;0.000000%;0.000000;0.000000;46.819656%;0.000000%;667;0;0;21.5%;3.7%;3.4%;0.7%;1.2%;1.4%;68.2%;0.00%;0.00%;16.86%;5.12%;1.04%;6.32%;3.45%;39.67%;13.82%;7.58%;0.56%;0.11%;1.78%;1.74%;1.79%;0.22%;0.00%;0.00%;0.00%;0.00%;0.00%;0.00%;nvme1n1;1739304;0;2;0;1601148;0;898156;92.87%
== Engine io_uring Dev /dev/nvme1n1 Jobs 4 TargetIOPS 200000 50000 Polling 2 ==
1111111
sudo ./open-loop/../scripts/fio ./open-loop/run.fio --filename=/dev/nvme1n1 --rate_iops=50000 --numjobs=4 --runtime=3 --ioengine=io_uring --iodpeth=256 --hipri=1 --sqthread_poll=2
222
3;fio-3.19-12-g0f69;run;0;0;2399384;797932;199228;3007;0;0;0.000000;0.000000;3;83932;1857.475137;6639.083426;1.000000%=8;5.000000%=9;10.000000%=9;20.000000%=13;30.000000%=52;40.000000%=280;50.000000%=419;60.000000%=456;70.000000%=473;80.000000%=485;90.000000%=872;95.000000%=11993;99.000000%=40108;99.500000%=43778;99.900000%=63700;99.950000%=63700;99.990000%=63700;0%=0;0%=0;0%=0;7;83933;1857.627989;6639.148319;664782;861591;98.058456%;782439.800000;19222.422289;0;0;0;0;0;0;0.000000;0.000000;0;0;0.000000;0.000000;1.000000%=0;5.000000%=0;10.000000%=0;20.000000%=0;30.000000%=0;40.000000%=0;50.000000%=0;60.000000%=0;70.000000%=0;80.000000%=0;90.000000%=0;95.000000%=0;99.000000%=0;99.500000%=0;99.900000%=0;99.950000%=0;99.990000%=0;0%=0;0%=0;0%=0;0;0;0.000000;0.000000;0;0;0.000000%;0.000000;0.000000;50.000000%;0.000000%;706;0;0;28.9%;2.4%;1.5%;1.2%;1.7%;1.9%;62.5%;0.00%;0.01%;16.63%;11.61%;1.29%;3.68%;4.76%;45.44%;4.45%;3.26%;0.04%;0.24%;3.35%;2.28%;2.76%;0.33%;0.00%;0.00%;0.00%;0.00%;0.00%;0.00%;nvme1n1;1179329;0;1;0;971506;0;533144;94.53%
