== Engine spdk Dev 1 Jobs 1 TargetIOPS 100000 100000 Polling 0 ==
sudo ./open-loop/../scripts/fio ./open-loop/run-spdk.fio --rate_iops=100000 --numjobs=1 --runtime=5 --ioengine=spdk --iodepth=32 --file_service_type=random:32
run: (g=0): rw=randread, bs=(R) 512B-512B, (W) 512B-512B, (T) 512B-512B, ioengine=spdk, iodepth=1024
fio-3.19
Starting 1 thread
Starting SPDK v20.07-pre git sha1 16364fdc1 / DPDK 19.11.2 initialization...
[ DPDK EAL parameters: fio --no-shconf -c 0x1 -m 0 --log-level=lib.eal:6 --log-level=lib.cryptodev:5 --log-level=user1:6 --iova-mode=pa --base-virtaddr=0x200000000000 --match-allocations --file-prefix=spdk_pid3926 ]

run: (groupid=0, jobs=1): err= 0: pid=3930: Sat Jul 18 01:18:45 2020
  read: IOPS=99.0k, BW=48.8MiB/s (51.2MB/s)(244MiB/5001msec)
    slat (nsec): min=58, max=14602, avg=82.92, stdev=60.82
    clat (usec): min=2, max=166, avg= 2.92, stdev= 4.66
     lat (usec): min=2, max=171, avg= 3.00, stdev= 4.66
    clat percentiles (usec):
     |  1.00th=[    3],  5.00th=[    3], 10.00th=[    3], 20.00th=[    3],
     | 30.00th=[    3], 40.00th=[    3], 50.00th=[    3], 60.00th=[    3],
     | 70.00th=[    3], 80.00th=[    3], 90.00th=[    3], 95.00th=[    3],
     | 99.00th=[    4], 99.50th=[    5], 99.90th=[  120], 99.95th=[  151],
     | 99.99th=[  163]
   bw (  KiB/s): min=50049, max=50061, per=100.00%, avg=50057.11, stdev= 3.44, samples=9
   iops        : min=100098, max=100122, avg=100114.22, stdev= 6.89, samples=9
  lat (usec)   : 4=99.45%, 10=0.35%, 20=0.10%, 50=0.01%, 250=0.10%
  cpu          : usr=99.92%, sys=0.00%, ctx=15, majf=0, minf=0
  IO depths    : 1=99.6%, 2=0.3%, 4=0.1%, 8=0.1%, 16=0.1%, 32=0.1%, >=64=0.1%
     submit    : 0=0.0%, 4=100.0%, 8=0.0%, 16=0.0%, 32=0.0%, 64=0.0%, >=64=0.0%
     complete  : 0=0.0%, 4=100.0%, 8=0.0%, 16=0.0%, 32=0.0%, 64=0.0%, >=64=0.0%
     issued rwts: total=500001,0,0,0 short=0,0,0,0 dropped=0,0,0,0
     latency   : target=0, window=0, percentile=100.00%, depth=1024

Run status group 0 (all jobs):
   READ: bw=48.8MiB/s (51.2MB/s), 48.8MiB/s-48.8MiB/s (51.2MB/s-51.2MB/s), io=244MiB (256MB), run=5001-5001msec
== Engine spdk Dev 1 Jobs 1 TargetIOPS 3000000 3000000 Polling 0 ==
sudo ./open-loop/../scripts/fio ./open-loop/run-spdk.fio --rate_iops=3000000 --numjobs=1 --runtime=5 --ioengine=spdk --iodepth=32 --file_service_type=random:32
run: (g=0): rw=randread, bs=(R) 512B-512B, (W) 512B-512B, (T) 512B-512B, ioengine=spdk, iodepth=1024
fio-3.19
Starting 1 thread
Starting SPDK v20.07-pre git sha1 16364fdc1 / DPDK 19.11.2 initialization...
[ DPDK EAL parameters: fio --no-shconf -c 0x1 -m 0 --log-level=lib.eal:6 --log-level=lib.cryptodev:5 --log-level=user1:6 --iova-mode=pa --base-virtaddr=0x200000000000 --match-allocations --file-prefix=spdk_pid3945 ]

run: (groupid=0, jobs=1): err= 0: pid=3949: Sat Jul 18 01:18:51 2020
  read: IOPS=1561k, BW=762MiB/s (799MB/s)(3813MiB/5001msec)
    slat (nsec): min=58, max=17160, avg=65.05, stdev=58.60
    clat (usec): min=69, max=399, avg=327.60, stdev= 6.25
     lat (usec): min=69, max=399, avg=327.67, stdev= 6.25
    clat percentiles (usec):
     |  1.00th=[  322],  5.00th=[  326], 10.00th=[  326], 20.00th=[  326],
     | 30.00th=[  326], 40.00th=[  326], 50.00th=[  326], 60.00th=[  326],
     | 70.00th=[  326], 80.00th=[  326], 90.00th=[  330], 95.00th=[  338],
     | 99.00th=[  355], 99.50th=[  359], 99.90th=[  363], 99.95th=[  371],
     | 99.99th=[  392]
   bw (  KiB/s): min=780110, max=782363, per=100.00%, avg=781834.33, stdev=686.67, samples=9
   iops        : min=1560220, max=1564728, avg=1563668.89, stdev=1373.70, samples=9
  lat (usec)   : 100=0.01%, 250=0.01%, 500=99.99%
  cpu          : usr=99.98%, sys=0.00%, ctx=18, majf=0, minf=0
  IO depths    : 1=0.1%, 2=0.1%, 4=0.1%, 8=0.1%, 16=0.1%, 32=0.1%, >=64=100.0%
     submit    : 0=0.0%, 4=100.0%, 8=0.0%, 16=0.0%, 32=0.0%, 64=0.0%, >=64=0.0%
     complete  : 0=0.0%, 4=100.0%, 8=0.0%, 16=0.0%, 32=0.0%, 64=0.0%, >=64=0.1%
     issued rwts: total=7808368,0,0,0 short=0,0,0,0 dropped=0,0,0,0
     latency   : target=0, window=0, percentile=100.00%, depth=1024

Run status group 0 (all jobs):
   READ: bw=762MiB/s (799MB/s), 762MiB/s-762MiB/s (799MB/s-799MB/s), io=3813MiB (3998MB), run=5001-5001msec
