== Engine spdk Dev 4 Jobs 1 TargetIOPS 100000 100000 Polling 0 ==
sudo ./open-loop/../scripts/fio ./open-loop/run-spdk.fio --rate_iops=100000 --numjobs=1 -runtime=2 --ioengine=spdk --iodepth=32 --file_service_type=random:32
Starting SPDK v20.07-pre git sha1 16364fdc1 / DPDK 19.11.2 initialization...
[ DPDK EAL parameters: fio --no-shconf -c 0x1 -m 0 --log-level=lib.eal:6 --log-level=lib.cryptodev:5 --log-level=user1:6 --iova-mode=pa --base-virtaddr=0x200000000000 --match-allocations --file-prefix=spdk_pid13054 ]
3;fio-3.20-66-g797e;run;0;0;800004;399802;99950;2001;0;14;0.086078;0.069577;4;38;4.934025;0.848636;1.000000%=4;5.000000%=4;10.000000%=4;20.000000%=4;30.000000%=4;40.000000%=4;50.000000%=5;60.000000%=5;70.000000%=5;80.000000%=5;90.000000%=5;95.000000%=5;99.000000%=8;99.500000%=9;99.900000%=15;99.950000%=17;99.990000%=20;0%=0;0%=0;0%=0;4;38;5.020103;0.852662;400103;400520;100.000000%;400373.000000;234.134577;0;0;0;0;0;0;0.000000;0.000000;0;0;0.000000;0.000000;1.000000%=0;5.000000%=0;10.000000%=0;20.000000%=0;30.000000%=0;40.000000%=0;50.000000%=0;60.000000%=0;70.000000%=0;80.000000%=0;90.000000%=0;95.000000%=0;99.000000%=0;99.500000%=0;99.900000%=0;99.950000%=0;99.990000%=0;0%=0;0%=0;0%=0;0;0;0.000000;0.000000;0;0;0.000000%;0.000000;0.000000;99.950000%;0.000000%;16;0;0;99.2%;0.8%;0.1%;0.0%;0.0%;0.0%;0.0%;0.00%;0.00%;99.53%;0.46%;0.01%;0.00%;0.00%;0.00%;0.00%;0.00%;0.00%;0.00%;0.00%;0.00%;0.00%;0.00%;0.00%;0.00%;0.00%;0.00%;0.00%;0.00%
== Engine spdk Dev 4 Jobs 1 TargetIOPS 200000 200000 Polling 0 ==
sudo ./open-loop/../scripts/fio ./open-loop/run-spdk.fio --rate_iops=200000 --numjobs=1 -runtime=2 --ioengine=spdk --iodepth=32 --file_service_type=random:32
Starting SPDK v20.07-pre git sha1 16364fdc1 / DPDK 19.11.2 initialization...
[ DPDK EAL parameters: fio --no-shconf -c 0x1 -m 0 --log-level=lib.eal:6 --log-level=lib.cryptodev:5 --log-level=user1:6 --iova-mode=pa --base-virtaddr=0x200000000000 --match-allocations --file-prefix=spdk_pid13150 ]
3;fio-3.20-66-g797e;run;0;0;1600004;799602;199900;2001;0;14;0.088784;0.065765;4;614;6.654198;18.624161;1.000000%=4;5.000000%=4;10.000000%=4;20.000000%=4;30.000000%=5;40.000000%=5;50.000000%=5;60.000000%=5;70.000000%=5;80.000000%=6;90.000000%=6;95.000000%=6;99.000000%=9;99.500000%=14;99.900000%=346;99.950000%=452;99.990000%=577;0%=0;0%=0;0%=0;4;614;6.742982;18.625100;800816;801024;100.000000%;800944.000000;112.000000;0;0;0;0;0;0;0.000000;0.000000;0;0;0.000000;0.000000;1.000000%=0;5.000000%=0;10.000000%=0;20.000000%=0;30.000000%=0;40.000000%=0;50.000000%=0;60.000000%=0;70.000000%=0;80.000000%=0;90.000000%=0;95.000000%=0;99.000000%=0;99.500000%=0;99.900000%=0;99.950000%=0;99.990000%=0;0%=0;0%=0;0%=0;0;0;0.000000;0.000000;0;0;0.000000%;0.000000;0.000000;99.750000%;0.000000%;15;0;0;49.4%;50.1%;0.2%;0.1%;0.1%;0.1%;0.3%;0.00%;0.00%;99.22%;0.46%;0.04%;0.02%;0.01%;0.22%;0.03%;0.00%;0.00%;0.00%;0.00%;0.00%;0.00%;0.00%;0.00%;0.00%;0.00%;0.00%;0.00%;0.00%
== Engine spdk Dev 4 Jobs 1 TargetIOPS 300000 300000 Polling 0 ==
sudo ./open-loop/../scripts/fio ./open-loop/run-spdk.fio --rate_iops=300000 --numjobs=1 -runtime=2 --ioengine=spdk --iodepth=32 --file_service_type=random:32
Starting SPDK v20.07-pre git sha1 16364fdc1 / DPDK 19.11.2 initialization...
[ DPDK EAL parameters: fio --no-shconf -c 0x1 -m 0 --log-level=lib.eal:6 --log-level=lib.cryptodev:5 --log-level=user1:6 --iova-mode=pa --base-virtaddr=0x200000000000 --match-allocations --file-prefix=spdk_pid13169 ]
3;fio-3.20-66-g797e;run;0;0;2400004;1199402;299849;2001;0;14;0.087214;0.052338;4;41;6.506321;1.278176;1.000000%=4;5.000000%=4;10.000000%=4;20.000000%=5;30.000000%=5;40.000000%=5;50.000000%=6;60.000000%=6;70.000000%=6;80.000000%=7;90.000000%=7;95.000000%=8;99.000000%=10;99.500000%=11;99.900000%=18;99.950000%=20;99.990000%=25;0%=0;0%=0;0%=0;4;41;6.593535;1.278445;1200335;1201512;100.000000%;1201119.666667;679.541267;0;0;0;0;0;0;0.000000;0.000000;0;0;0.000000;0.000000;1.000000%=0;5.000000%=0;10.000000%=0;20.000000%=0;30.000000%=0;40.000000%=0;50.000000%=0;60.000000%=0;70.000000%=0;80.000000%=0;90.000000%=0;95.000000%=0;99.000000%=0;99.500000%=0;99.900000%=0;99.950000%=0;99.990000%=0;0%=0;0%=0;0%=0;0;0;0.000000;0.000000;0;0;0.000000%;0.000000;0.000000;99.950000%;0.000000%;7;0;0;32.6%;64.8%;2.6%;0.1%;0.0%;0.0%;0.0%;0.00%;0.00%;98.76%;1.18%;0.06%;0.00%;0.00%;0.00%;0.00%;0.00%;0.00%;0.00%;0.00%;0.00%;0.00%;0.00%;0.00%;0.00%;0.00%;0.00%;0.00%;0.00%
== Engine spdk Dev 4 Jobs 1 TargetIOPS 400000 400000 Polling 0 ==
sudo ./open-loop/../scripts/fio ./open-loop/run-spdk.fio --rate_iops=400000 --numjobs=1 -runtime=2 --ioengine=spdk --iodepth=32 --file_service_type=random:32
Starting SPDK v20.07-pre git sha1 16364fdc1 / DPDK 19.11.2 initialization...
[ DPDK EAL parameters: fio --no-shconf -c 0x1 -m 0 --log-level=lib.eal:6 --log-level=lib.cryptodev:5 --log-level=user1:6 --iova-mode=pa --base-virtaddr=0x200000000000 --match-allocations --file-prefix=spdk_pid13188 ]
3;fio-3.20-66-g797e;run;0;0;3200012;1599206;399799;2001;0;14;0.087771;0.074955;4;44;8.095642;1.987678;1.000000%=5;5.000000%=5;10.000000%=5;20.000000%=6;30.000000%=6;40.000000%=7;50.000000%=7;60.000000%=8;70.000000%=9;80.000000%=9;90.000000%=10;95.000000%=11;99.000000%=12;99.500000%=15;99.900000%=22;99.950000%=25;99.990000%=31;0%=0;0%=0;0%=0;4;44;8.183413;1.987611;1601000;1602024;100.000000%;1601677.333333;586.642424;0;0;0;0;0;0;0.000000;0.000000;0;0;0.000000;0.000000;1.000000%=0;5.000000%=0;10.000000%=0;20.000000%=0;30.000000%=0;40.000000%=0;50.000000%=0;60.000000%=0;70.000000%=0;80.000000%=0;90.000000%=0;95.000000%=0;99.000000%=0;99.500000%=0;99.900000%=0;99.950000%=0;99.990000%=0;0%=0;0%=0;0%=0;0;0;0.000000;0.000000;0;0;0.000000%;0.000000;0.000000;99.950000%;0.000000%;9;0;0;19.3%;38.7%;41.6%;0.4%;0.1%;0.0%;0.0%;0.00%;0.00%;83.33%;16.46%;0.21%;0.00%;0.00%;0.00%;0.00%;0.00%;0.00%;0.00%;0.00%;0.00%;0.00%;0.00%;0.00%;0.00%;0.00%;0.00%;0.00%;0.00%
== Engine spdk Dev 4 Jobs 1 TargetIOPS 700000 700000 Polling 0 ==
sudo ./open-loop/../scripts/fio ./open-loop/run-spdk.fio --rate_iops=700000 --numjobs=1 -runtime=2 --ioengine=spdk --iodepth=32 --file_service_type=random:32
Starting SPDK v20.07-pre git sha1 16364fdc1 / DPDK 19.11.2 initialization...
[ DPDK EAL parameters: fio --no-shconf -c 0x1 -m 0 --log-level=lib.eal:6 --log-level=lib.cryptodev:5 --log-level=user1:6 --iova-mode=pa --base-virtaddr=0x200000000000 --match-allocations --file-prefix=spdk_pid13207 ]
