== Engine spdk Dev 1 Jobs 1 TargetIOPS 100000 100000 Polling 0 ==
sudo ./open-loop/../scripts/fio ./open-loop/run-spdk.fio --rate_iops=100000 --numjobs=1 --runtime=5 --ioengine=spdk --iodepth=32 --file_service_type=random:32
run: (g=0): rw=randread, bs=(R) 512B-512B, (W) 512B-512B, (T) 512B-512B, ioengine=spdk, iodepth=1024
fio-3.19
Starting 1 thread
Starting SPDK v20.07-pre git sha1 16364fdc1 / DPDK 19.11.2 initialization...
[ DPDK EAL parameters: fio --no-shconf -c 0x1 -m 0 --log-level=lib.eal:6 --log-level=lib.cryptodev:5 --log-level=user1:6 --iova-mode=pa --base-virtaddr=0x200000000000 --match-allocations --file-prefix=spdk_pid29174 ]

run: (groupid=0, jobs=1): err= 0: pid=29178: Fri Jul 17 19:31:53 2020
  read: IOPS=99.0k, BW=48.8MiB/s (51.2MB/s)(244MiB/5001msec)
    slat (nsec): min=57, max=15051, avg=87.69, stdev=84.27
    clat (usec): min=2, max=167, avg= 2.92, stdev= 4.71
     lat (usec): min=2, max=172, avg= 3.01, stdev= 4.71
    clat percentiles (usec):
     |  1.00th=[    3],  5.00th=[    3], 10.00th=[    3], 20.00th=[    3],
     | 30.00th=[    3], 40.00th=[    3], 50.00th=[    3], 60.00th=[    3],
     | 70.00th=[    3], 80.00th=[    3], 90.00th=[    3], 95.00th=[    3],
     | 99.00th=[    4], 99.50th=[    5], 99.90th=[  121], 99.95th=[  153],
     | 99.99th=[  165]
   bw (  KiB/s): min=50055, max=50061, per=100.00%, avg=50058.44, stdev= 1.67, samples=9
   iops        : min=100111, max=100122, avg=100117.00, stdev= 2.92, samples=9
  lat (usec)   : 4=99.44%, 10=0.36%, 20=0.09%, 50=0.01%, 250=0.10%
  cpu          : usr=99.90%, sys=0.00%, ctx=8, majf=0, minf=0
  IO depths    : 1=99.6%, 2=0.3%, 4=0.1%, 8=0.1%, 16=0.1%, 32=0.1%, >=64=0.1%
     submit    : 0=0.0%, 4=100.0%, 8=0.0%, 16=0.0%, 32=0.0%, 64=0.0%, >=64=0.0%
     complete  : 0=0.0%, 4=100.0%, 8=0.0%, 16=0.0%, 32=0.0%, 64=0.0%, >=64=0.0%
     issued rwts: total=500001,0,0,0 short=0,0,0,0 dropped=0,0,0,0
     latency   : target=0, window=0, percentile=100.00%, depth=1024

Run status group 0 (all jobs):
   READ: bw=48.8MiB/s (51.2MB/s), 48.8MiB/s-48.8MiB/s (51.2MB/s-51.2MB/s), io=244MiB (256MB), run=5001-5001msec
== Engine spdk Dev 1 Jobs 1 TargetIOPS 200000 200000 Polling 0 ==
sudo ./open-loop/../scripts/fio ./open-loop/run-spdk.fio --rate_iops=200000 --numjobs=1 --runtime=5 --ioengine=spdk --iodepth=32 --file_service_type=random:32
run: (g=0): rw=randread, bs=(R) 512B-512B, (W) 512B-512B, (T) 512B-512B, ioengine=spdk, iodepth=1024
fio-3.19
Starting 1 thread
Starting SPDK v20.07-pre git sha1 16364fdc1 / DPDK 19.11.2 initialization...
[ DPDK EAL parameters: fio --no-shconf -c 0x1 -m 0 --log-level=lib.eal:6 --log-level=lib.cryptodev:5 --log-level=user1:6 --iova-mode=pa --base-virtaddr=0x200000000000 --match-allocations --file-prefix=spdk_pid29193 ]

run: (groupid=0, jobs=1): err= 0: pid=29197: Fri Jul 17 19:31:59 2020
  read: IOPS=200k, BW=97.6MiB/s (102MB/s)(488MiB/5001msec)
    slat (nsec): min=57, max=14751, avg=87.20, stdev=64.57
    clat (usec): min=2, max=164, avg= 2.84, stdev= 3.33
     lat (usec): min=2, max=168, avg= 2.92, stdev= 3.33
    clat percentiles (usec):
     |  1.00th=[    3],  5.00th=[    3], 10.00th=[    3], 20.00th=[    3],
     | 30.00th=[    3], 40.00th=[    3], 50.00th=[    3], 60.00th=[    3],
     | 70.00th=[    3], 80.00th=[    3], 90.00th=[    3], 95.00th=[    3],
     | 99.00th=[    4], 99.50th=[    5], 99.90th=[   16], 99.95th=[  122],
     | 99.99th=[  159]
   bw (  KiB/s): min=100046, max=100119, per=100.00%, avg=100110.33, stdev=24.14, samples=9
   iops        : min=200093, max=200238, avg=200220.78, stdev=47.94, samples=9
  lat (usec)   : 4=99.46%, 10=0.40%, 20=0.09%, 50=0.01%, 250=0.05%
  cpu          : usr=99.96%, sys=0.00%, ctx=24, majf=0, minf=0
  IO depths    : 1=99.1%, 2=0.7%, 4=0.1%, 8=0.1%, 16=0.1%, 32=0.1%, >=64=0.1%
     submit    : 0=0.0%, 4=100.0%, 8=0.0%, 16=0.0%, 32=0.0%, 64=0.0%, >=64=0.0%
     complete  : 0=0.0%, 4=100.0%, 8=0.0%, 16=0.0%, 32=0.0%, 64=0.0%, >=64=0.0%
     issued rwts: total=1000001,0,0,0 short=0,0,0,0 dropped=0,0,0,0
     latency   : target=0, window=0, percentile=100.00%, depth=1024

Run status group 0 (all jobs):
   READ: bw=97.6MiB/s (102MB/s), 97.6MiB/s-97.6MiB/s (102MB/s-102MB/s), io=488MiB (512MB), run=5001-5001msec
== Engine spdk Dev 1 Jobs 1 TargetIOPS 300000 300000 Polling 0 ==
sudo ./open-loop/../scripts/fio ./open-loop/run-spdk.fio --rate_iops=300000 --numjobs=1 --runtime=5 --ioengine=spdk --iodepth=32 --file_service_type=random:32
run: (g=0): rw=randread, bs=(R) 512B-512B, (W) 512B-512B, (T) 512B-512B, ioengine=spdk, iodepth=1024
fio-3.19
Starting 1 thread
Starting SPDK v20.07-pre git sha1 16364fdc1 / DPDK 19.11.2 initialization...
[ DPDK EAL parameters: fio --no-shconf -c 0x1 -m 0 --log-level=lib.eal:6 --log-level=lib.cryptodev:5 --log-level=user1:6 --iova-mode=pa --base-virtaddr=0x200000000000 --match-allocations --file-prefix=spdk_pid29212 ]

run: (groupid=0, jobs=1): err= 0: pid=29216: Fri Jul 17 19:32:05 2020
  read: IOPS=300k, BW=146MiB/s (154MB/s)(732MiB/5001msec)
    slat (nsec): min=58, max=17498, avg=82.86, stdev=78.05
    clat (usec): min=2, max=166, avg= 3.08, stdev= 2.73
     lat (usec): min=2, max=171, avg= 3.17, stdev= 2.73
    clat percentiles (usec):
     |  1.00th=[    3],  5.00th=[    3], 10.00th=[    3], 20.00th=[    3],
     | 30.00th=[    3], 40.00th=[    3], 50.00th=[    3], 60.00th=[    4],
     | 70.00th=[    4], 80.00th=[    4], 90.00th=[    4], 95.00th=[    4],
     | 99.00th=[    4], 99.50th=[    5], 99.90th=[   16], 99.95th=[   18],
     | 99.99th=[  157]
   bw (  KiB/s): min=150105, max=150180, per=100.00%, avg=150169.78, stdev=24.32, samples=9
   iops        : min=300210, max=300360, avg=300339.56, stdev=48.64, samples=9
  lat (usec)   : 4=99.15%, 10=0.71%, 20=0.10%, 50=0.01%, 100=0.01%
  lat (usec)   : 250=0.03%
  cpu          : usr=99.94%, sys=0.02%, ctx=28, majf=0, minf=0
  IO depths    : 1=56.6%, 2=43.1%, 4=0.3%, 8=0.1%, 16=0.1%, 32=0.1%, >=64=0.1%
     submit    : 0=0.0%, 4=100.0%, 8=0.0%, 16=0.0%, 32=0.0%, 64=0.0%, >=64=0.0%
     complete  : 0=0.0%, 4=100.0%, 8=0.0%, 16=0.0%, 32=0.0%, 64=0.0%, >=64=0.0%
     issued rwts: total=1500001,0,0,0 short=0,0,0,0 dropped=0,0,0,0
     latency   : target=0, window=0, percentile=100.00%, depth=1024

Run status group 0 (all jobs):
   READ: bw=146MiB/s (154MB/s), 146MiB/s-146MiB/s (154MB/s-154MB/s), io=732MiB (768MB), run=5001-5001msec
== Engine spdk Dev 1 Jobs 1 TargetIOPS 400000 400000 Polling 0 ==
sudo ./open-loop/../scripts/fio ./open-loop/run-spdk.fio --rate_iops=400000 --numjobs=1 --runtime=5 --ioengine=spdk --iodepth=32 --file_service_type=random:32
run: (g=0): rw=randread, bs=(R) 512B-512B, (W) 512B-512B, (T) 512B-512B, ioengine=spdk, iodepth=1024
fio-3.19
Starting 1 thread
Starting SPDK v20.07-pre git sha1 16364fdc1 / DPDK 19.11.2 initialization...
[ DPDK EAL parameters: fio --no-shconf -c 0x1 -m 0 --log-level=lib.eal:6 --log-level=lib.cryptodev:5 --log-level=user1:6 --iova-mode=pa --base-virtaddr=0x200000000000 --match-allocations --file-prefix=spdk_pid29232 ]

run: (groupid=0, jobs=1): err= 0: pid=29236: Fri Jul 17 19:32:10 2020
  read: IOPS=400k, BW=195MiB/s (205MB/s)(977MiB/5001msec)
    slat (nsec): min=58, max=17387, avg=82.65, stdev=67.91
    clat (usec): min=2, max=190, avg= 3.12, stdev= 2.90
     lat (usec): min=2, max=190, avg= 3.20, stdev= 2.90
    clat percentiles (usec):
     |  1.00th=[    3],  5.00th=[    3], 10.00th=[    3], 20.00th=[    3],
     | 30.00th=[    3], 40.00th=[    3], 50.00th=[    4], 60.00th=[    4],
     | 70.00th=[    4], 80.00th=[    4], 90.00th=[    4], 95.00th=[    4],
     | 99.00th=[    5], 99.50th=[    6], 99.90th=[   15], 99.95th=[   18],
     | 99.99th=[  180]
   bw (  KiB/s): min=200006, max=200241, per=100.00%, avg=200212.78, stdev=77.56, samples=9
   iops        : min=400012, max=400482, avg=400425.56, stdev=155.12, samples=9
  lat (usec)   : 4=98.64%, 10=1.23%, 20=0.10%, 50=0.01%, 250=0.03%
  cpu          : usr=99.96%, sys=0.02%, ctx=15, majf=0, minf=0
  IO depths    : 1=49.5%, 2=50.0%, 4=0.4%, 8=0.1%, 16=0.1%, 32=0.1%, >=64=0.1%
     submit    : 0=0.0%, 4=100.0%, 8=0.0%, 16=0.0%, 32=0.0%, 64=0.0%, >=64=0.0%
     complete  : 0=0.0%, 4=100.0%, 8=0.0%, 16=0.0%, 32=0.0%, 64=0.0%, >=64=0.0%
     issued rwts: total=2000001,0,0,0 short=0,0,0,0 dropped=0,0,0,0
     latency   : target=0, window=0, percentile=100.00%, depth=1024

Run status group 0 (all jobs):
   READ: bw=195MiB/s (205MB/s), 195MiB/s-195MiB/s (205MB/s-205MB/s), io=977MiB (1024MB), run=5001-5001msec
== Engine spdk Dev 1 Jobs 1 TargetIOPS 700000 700000 Polling 0 ==
sudo ./open-loop/../scripts/fio ./open-loop/run-spdk.fio --rate_iops=700000 --numjobs=1 --runtime=5 --ioengine=spdk --iodepth=32 --file_service_type=random:32
run: (g=0): rw=randread, bs=(R) 512B-512B, (W) 512B-512B, (T) 512B-512B, ioengine=spdk, iodepth=1024
fio-3.19
Starting 1 thread
Starting SPDK v20.07-pre git sha1 16364fdc1 / DPDK 19.11.2 initialization...
[ DPDK EAL parameters: fio --no-shconf -c 0x1 -m 0 --log-level=lib.eal:6 --log-level=lib.cryptodev:5 --log-level=user1:6 --iova-mode=pa --base-virtaddr=0x200000000000 --match-allocations --file-prefix=spdk_pid29251 ]

run: (groupid=0, jobs=1): err= 0: pid=29255: Fri Jul 17 19:32:16 2020
  read: IOPS=700k, BW=342MiB/s (358MB/s)(1709MiB/5001msec)
    slat (nsec): min=58, max=17297, avg=82.63, stdev=68.15
    clat (usec): min=3, max=349, avg= 3.78, stdev= 5.45
     lat (usec): min=3, max=349, avg= 3.86, stdev= 5.45
    clat percentiles (usec):
     |  1.00th=[    4],  5.00th=[    4], 10.00th=[    4], 20.00th=[    4],
     | 30.00th=[    4], 40.00th=[    4], 50.00th=[    4], 60.00th=[    4],
     | 70.00th=[    4], 80.00th=[    4], 90.00th=[    4], 95.00th=[    5],
     | 99.00th=[    6], 99.50th=[    7], 99.90th=[   18], 99.95th=[   22],
     | 99.99th=[  330]
   bw (  KiB/s): min=350338, max=350424, per=100.00%, avg=350411.11, stdev=27.50, samples=9
   iops        : min=700677, max=700848, avg=700822.33, stdev=54.66, samples=9
  lat (usec)   : 4=93.04%, 10=6.76%, 20=0.14%, 50=0.02%, 100=0.01%
  lat (usec)   : 250=0.02%, 500=0.02%
  cpu          : usr=99.98%, sys=0.00%, ctx=16, majf=0, minf=0
  IO depths    : 1=23.0%, 2=46.0%, 4=30.5%, 8=0.4%, 16=0.1%, 32=0.1%, >=64=0.1%
     submit    : 0=0.0%, 4=100.0%, 8=0.0%, 16=0.0%, 32=0.0%, 64=0.0%, >=64=0.0%
     complete  : 0=0.0%, 4=100.0%, 8=0.0%, 16=0.0%, 32=0.0%, 64=0.0%, >=64=0.0%
     issued rwts: total=3500000,0,0,0 short=0,0,0,0 dropped=0,0,0,0
     latency   : target=0, window=0, percentile=100.00%, depth=1024

Run status group 0 (all jobs):
   READ: bw=342MiB/s (358MB/s), 342MiB/s-342MiB/s (358MB/s-358MB/s), io=1709MiB (1792MB), run=5001-5001msec
== Engine spdk Dev 1 Jobs 1 TargetIOPS 1000000 1000000 Polling 0 ==
sudo ./open-loop/../scripts/fio ./open-loop/run-spdk.fio --rate_iops=1000000 --numjobs=1 --runtime=5 --ioengine=spdk --iodepth=32 --file_service_type=random:32
run: (g=0): rw=randread, bs=(R) 512B-512B, (W) 512B-512B, (T) 512B-512B, ioengine=spdk, iodepth=1024
fio-3.19
Starting 1 thread
Starting SPDK v20.07-pre git sha1 16364fdc1 / DPDK 19.11.2 initialization...
[ DPDK EAL parameters: fio --no-shconf -c 0x1 -m 0 --log-level=lib.eal:6 --log-level=lib.cryptodev:5 --log-level=user1:6 --iova-mode=pa --base-virtaddr=0x200000000000 --match-allocations --file-prefix=spdk_pid29270 ]

run: (groupid=0, jobs=1): err= 0: pid=29274: Fri Jul 17 19:32:22 2020
  read: IOPS=1000k, BW=488MiB/s (512MB/s)(2441MiB/5001msec)
    slat (nsec): min=58, max=17430, avg=82.31, stdev=59.16
    clat (usec): min=3, max=359, avg= 4.57, stdev= 7.53
     lat (usec): min=3, max=359, avg= 4.65, stdev= 7.53
    clat percentiles (usec):
     |  1.00th=[    4],  5.00th=[    4], 10.00th=[    4], 20.00th=[    5],
     | 30.00th=[    5], 40.00th=[    5], 50.00th=[    5], 60.00th=[    5],
     | 70.00th=[    5], 80.00th=[    5], 90.00th=[    5], 95.00th=[    5],
     | 99.00th=[    9], 99.50th=[   11], 99.90th=[   23], 99.95th=[  241],
     | 99.99th=[  347]
   bw (  KiB/s): min=500204, max=500620, per=100.00%, avg=500556.89, stdev=132.60, samples=9
   iops        : min=1000409, max=1001240, avg=1001113.67, stdev=264.79, samples=9
  lat (usec)   : 4=13.97%, 10=85.52%, 20=0.39%, 50=0.06%, 100=0.01%
  lat (usec)   : 250=0.01%, 500=0.05%
  cpu          : usr=99.98%, sys=0.00%, ctx=18, majf=0, minf=0
  IO depths    : 1=13.9%, 2=27.8%, 4=55.0%, 8=2.8%, 16=0.4%, 32=0.1%, >=64=0.1%
     submit    : 0=0.0%, 4=100.0%, 8=0.0%, 16=0.0%, 32=0.0%, 64=0.0%, >=64=0.0%
     complete  : 0=0.0%, 4=100.0%, 8=0.0%, 16=0.0%, 32=0.0%, 64=0.0%, >=64=0.0%
     issued rwts: total=4999999,0,0,0 short=0,0,0,0 dropped=0,0,0,0
     latency   : target=0, window=0, percentile=100.00%, depth=1024

Run status group 0 (all jobs):
   READ: bw=488MiB/s (512MB/s), 488MiB/s-488MiB/s (512MB/s-512MB/s), io=2441MiB (2560MB), run=5001-5001msec
== Engine spdk Dev 1 Jobs 1 TargetIOPS 1500000 1500000 Polling 0 ==
sudo ./open-loop/../scripts/fio ./open-loop/run-spdk.fio --rate_iops=1500000 --numjobs=1 --runtime=5 --ioengine=spdk --iodepth=32 --file_service_type=random:32
run: (g=0): rw=randread, bs=(R) 512B-512B, (W) 512B-512B, (T) 512B-512B, ioengine=spdk, iodepth=1024
fio-3.19
Starting 1 thread
Starting SPDK v20.07-pre git sha1 16364fdc1 / DPDK 19.11.2 initialization...
[ DPDK EAL parameters: fio --no-shconf -c 0x1 -m 0 --log-level=lib.eal:6 --log-level=lib.cryptodev:5 --log-level=user1:6 --iova-mode=pa --base-virtaddr=0x200000000000 --match-allocations --file-prefix=spdk_pid29289 ]

run: (groupid=0, jobs=1): err= 0: pid=29293: Fri Jul 17 19:32:28 2020
  read: IOPS=1500k, BW=732MiB/s (768MB/s)(3662MiB/5001msec)
    slat (nsec): min=58, max=20066, avg=81.82, stdev=59.23
    clat (usec): min=4, max=361, avg= 9.71, stdev=24.15
     lat (usec): min=4, max=361, avg= 9.79, stdev=24.14
    clat percentiles (usec):
     |  1.00th=[    7],  5.00th=[    7], 10.00th=[    7], 20.00th=[    8],
     | 30.00th=[    8], 40.00th=[    8], 50.00th=[    8], 60.00th=[    8],
     | 70.00th=[    8], 80.00th=[    9], 90.00th=[    9], 95.00th=[   10],
     | 99.00th=[   25], 99.50th=[  326], 99.90th=[  330], 99.95th=[  338],
     | 99.99th=[  355]
   bw (  KiB/s): min=750890, max=750923, per=100.00%, avg=750907.89, stdev=13.16, samples=9
   iops        : min=1501782, max=1501846, avg=1501815.89, stdev=25.95, samples=9
  lat (usec)   : 10=96.22%, 20=2.46%, 50=0.74%, 100=0.01%, 250=0.01%
  lat (usec)   : 500=0.56%
  cpu          : usr=99.98%, sys=0.00%, ctx=13, majf=0, minf=0
  IO depths    : 1=4.8%, 2=9.6%, 4=19.2%, 8=38.5%, 16=26.3%, 32=0.9%, >=64=0.7%
     submit    : 0=0.0%, 4=100.0%, 8=0.0%, 16=0.0%, 32=0.0%, 64=0.0%, >=64=0.0%
     complete  : 0=0.0%, 4=100.0%, 8=0.1%, 16=0.0%, 32=0.0%, 64=0.0%, >=64=0.0%
     issued rwts: total=7499993,0,0,0 short=0,0,0,0 dropped=0,0,0,0
     latency   : target=0, window=0, percentile=100.00%, depth=1024

Run status group 0 (all jobs):
   READ: bw=732MiB/s (768MB/s), 732MiB/s-732MiB/s (768MB/s-768MB/s), io=3662MiB (3840MB), run=5001-5001msec
== Engine spdk Dev 1 Jobs 1 TargetIOPS 2000000 2000000 Polling 0 ==
sudo ./open-loop/../scripts/fio ./open-loop/run-spdk.fio --rate_iops=2000000 --numjobs=1 --runtime=5 --ioengine=spdk --iodepth=32 --file_service_type=random:32
run: (g=0): rw=randread, bs=(R) 512B-512B, (W) 512B-512B, (T) 512B-512B, ioengine=spdk, iodepth=1024
fio-3.19
Starting 1 thread
Starting SPDK v20.07-pre git sha1 16364fdc1 / DPDK 19.11.2 initialization...
[ DPDK EAL parameters: fio --no-shconf -c 0x1 -m 0 --log-level=lib.eal:6 --log-level=lib.cryptodev:5 --log-level=user1:6 --iova-mode=pa --base-virtaddr=0x200000000000 --match-allocations --file-prefix=spdk_pid29308 ]

run: (groupid=0, jobs=1): err= 0: pid=29312: Fri Jul 17 19:32:34 2020
  read: IOPS=1529k, BW=747MiB/s (783MB/s)(3734MiB/5001msec)
    slat (nsec): min=57, max=20242, avg=64.93, stdev=60.33
    clat (usec): min=69, max=490, avg=334.51, stdev= 6.46
     lat (usec): min=69, max=490, avg=334.57, stdev= 6.46
    clat percentiles (usec):
     |  1.00th=[  330],  5.00th=[  334], 10.00th=[  334], 20.00th=[  334],
     | 30.00th=[  334], 40.00th=[  334], 50.00th=[  334], 60.00th=[  334],
     | 70.00th=[  334], 80.00th=[  334], 90.00th=[  334], 95.00th=[  347],
     | 99.00th=[  363], 99.50th=[  363], 99.90th=[  371], 99.95th=[  379],
     | 99.99th=[  400]
   bw (  KiB/s): min=764221, max=766547, per=100.00%, avg=765521.56, stdev=817.98, samples=9
   iops        : min=1528443, max=1533094, avg=1531043.00, stdev=1636.36, samples=9
  lat (usec)   : 100=0.01%, 250=0.01%, 500=99.99%
  cpu          : usr=99.98%, sys=0.00%, ctx=15, majf=0, minf=0
  IO depths    : 1=0.1%, 2=0.1%, 4=0.1%, 8=0.1%, 16=0.1%, 32=0.1%, >=64=100.0%
     submit    : 0=0.0%, 4=100.0%, 8=0.0%, 16=0.0%, 32=0.0%, 64=0.0%, >=64=0.0%
     complete  : 0=0.0%, 4=100.0%, 8=0.0%, 16=0.0%, 32=0.0%, 64=0.0%, >=64=0.1%
     issued rwts: total=7647271,0,0,0 short=0,0,0,0 dropped=0,0,0,0
     latency   : target=0, window=0, percentile=100.00%, depth=1024

Run status group 0 (all jobs):
   READ: bw=747MiB/s (783MB/s), 747MiB/s-747MiB/s (783MB/s-783MB/s), io=3734MiB (3915MB), run=5001-5001msec
== Engine spdk Dev 1 Jobs 1 TargetIOPS 2400000 2400000 Polling 0 ==
sudo ./open-loop/../scripts/fio ./open-loop/run-spdk.fio --rate_iops=2400000 --numjobs=1 --runtime=5 --ioengine=spdk --iodepth=32 --file_service_type=random:32
run: (g=0): rw=randread, bs=(R) 512B-512B, (W) 512B-512B, (T) 512B-512B, ioengine=spdk, iodepth=1024
fio-3.19
Starting 1 thread
Starting SPDK v20.07-pre git sha1 16364fdc1 / DPDK 19.11.2 initialization...
[ DPDK EAL parameters: fio --no-shconf -c 0x1 -m 0 --log-level=lib.eal:6 --log-level=lib.cryptodev:5 --log-level=user1:6 --iova-mode=pa --base-virtaddr=0x200000000000 --match-allocations --file-prefix=spdk_pid29327 ]

run: (groupid=0, jobs=1): err= 0: pid=29331: Fri Jul 17 19:32:40 2020
  read: IOPS=1560k, BW=762MiB/s (799MB/s)(3809MiB/5001msec)
    slat (nsec): min=58, max=21096, avg=65.12, stdev=62.34
    clat (usec): min=68, max=475, avg=327.92, stdev= 6.49
     lat (usec): min=68, max=475, avg=327.98, stdev= 6.49
    clat percentiles (usec):
     |  1.00th=[  322],  5.00th=[  326], 10.00th=[  326], 20.00th=[  326],
     | 30.00th=[  326], 40.00th=[  326], 50.00th=[  326], 60.00th=[  326],
     | 70.00th=[  326], 80.00th=[  330], 90.00th=[  330], 95.00th=[  338],
     | 99.00th=[  355], 99.50th=[  359], 99.90th=[  367], 99.95th=[  379],
     | 99.99th=[  404]
   bw (  KiB/s): min=778522, max=782350, per=100.00%, avg=780968.00, stdev=1178.39, samples=9
   iops        : min=1557042, max=1564700, avg=1561936.33, stdev=2357.17, samples=9
  lat (usec)   : 100=0.01%, 250=0.01%, 500=99.99%
  cpu          : usr=99.98%, sys=0.00%, ctx=14, majf=0, minf=0
  IO depths    : 1=0.1%, 2=0.1%, 4=0.1%, 8=0.1%, 16=0.1%, 32=0.1%, >=64=100.0%
     submit    : 0=0.0%, 4=100.0%, 8=0.0%, 16=0.0%, 32=0.0%, 64=0.0%, >=64=0.0%
     complete  : 0=0.0%, 4=100.0%, 8=0.0%, 16=0.0%, 32=0.0%, 64=0.0%, >=64=0.1%
     issued rwts: total=7801009,0,0,0 short=0,0,0,0 dropped=0,0,0,0
     latency   : target=0, window=0, percentile=100.00%, depth=1024

Run status group 0 (all jobs):
   READ: bw=762MiB/s (799MB/s), 762MiB/s-762MiB/s (799MB/s-799MB/s), io=3809MiB (3994MB), run=5001-5001msec
== Engine spdk Dev 1 Jobs 1 TargetIOPS 2800000 2800000 Polling 0 ==
sudo ./open-loop/../scripts/fio ./open-loop/run-spdk.fio --rate_iops=2800000 --numjobs=1 --runtime=5 --ioengine=spdk --iodepth=32 --file_service_type=random:32
run: (g=0): rw=randread, bs=(R) 512B-512B, (W) 512B-512B, (T) 512B-512B, ioengine=spdk, iodepth=1024
fio-3.19
Starting 1 thread
Starting SPDK v20.07-pre git sha1 16364fdc1 / DPDK 19.11.2 initialization...
[ DPDK EAL parameters: fio --no-shconf -c 0x1 -m 0 --log-level=lib.eal:6 --log-level=lib.cryptodev:5 --log-level=user1:6 --iova-mode=pa --base-virtaddr=0x200000000000 --match-allocations --file-prefix=spdk_pid29346 ]
