== Engine io_uring Dev 4 Jobs 1 TargetIOPS 100000 100000 Polling 2 ==
sudo ./open-loop/../scripts/fio ./open-loop/run.fio --filename=/dev/nvme0n1:/dev/nvme1n1:/dev/nvme2n1:/dev/nvme3n1 --rate_iops=100000 --numjobs=1 -runtime=2 --ioengine=io_uring --iodepth=32 --file_service_type=random:32 --hipri=1 --sqthread_poll=2
fio: pid=10903, err=22/file:filesetup.c:713, func=open(/dev/nvme0n1), error=Invalid argument
3;fio-3.20-66-g797e;run;0;22;0;0;0;0;0;0;0.000000;0.000000;0;0;0.000000;0.000000;1.000000%=0;5.000000%=0;10.000000%=0;20.000000%=0;30.000000%=0;40.000000%=0;50.000000%=0;60.000000%=0;70.000000%=0;80.000000%=0;90.000000%=0;95.000000%=0;99.000000%=0;99.500000%=0;99.900000%=0;99.950000%=0;99.990000%=0;0%=0;0%=0;0%=0;0;0;0.000000;0.000000;0;0;0.000000%;0.000000;0.000000;0;0;0;0;0;0;0.000000;0.000000;0;0;0.000000;0.000000;1.000000%=0;5.000000%=0;10.000000%=0;20.000000%=0;30.000000%=0;40.000000%=0;50.000000%=0;60.000000%=0;70.000000%=0;80.000000%=0;90.000000%=0;95.000000%=0;99.000000%=0;99.500000%=0;99.900000%=0;99.950000%=0;99.990000%=0;0%=0;0%=0;0%=0;0;0;0.000000;0.000000;0;0;0.000000%;0.000000;0.000000;0.000000%;0.000000%;0;0;0;0.0%;0.0%;0.0%;0.0%;0.0%;0.0%;0.0%;-nan%;0.00%;0.00%;0.00%;0.00%;0.00%;0.00%;0.00%;0.00%;0.00%;0.00%;0.00%;0.00%;0.00%;0.00%;0.00%;0.00%;0.00%;0.00%;0.00%;0.00%;0.00%
== Engine io_uring Dev 4 Jobs 1 TargetIOPS 200000 200000 Polling 2 ==
sudo ./open-loop/../scripts/fio ./open-loop/run.fio --filename=/dev/nvme0n1:/dev/nvme1n1:/dev/nvme2n1:/dev/nvme3n1 --rate_iops=200000 --numjobs=1 -runtime=2 --ioengine=io_uring --iodepth=32 --file_service_type=random:32 --hipri=1 --sqthread_poll=2
fio: pid=10923, err=22/file:filesetup.c:713, func=open(/dev/nvme0n1), error=Invalid argument
3;fio-3.20-66-g797e;run;0;22;0;0;0;0;0;0;0.000000;0.000000;0;0;0.000000;0.000000;1.000000%=0;5.000000%=0;10.000000%=0;20.000000%=0;30.000000%=0;40.000000%=0;50.000000%=0;60.000000%=0;70.000000%=0;80.000000%=0;90.000000%=0;95.000000%=0;99.000000%=0;99.500000%=0;99.900000%=0;99.950000%=0;99.990000%=0;0%=0;0%=0;0%=0;0;0;0.000000;0.000000;0;0;0.000000%;0.000000;0.000000;0;0;0;0;0;0;0.000000;0.000000;0;0;0.000000;0.000000;1.000000%=0;5.000000%=0;10.000000%=0;20.000000%=0;30.000000%=0;40.000000%=0;50.000000%=0;60.000000%=0;70.000000%=0;80.000000%=0;90.000000%=0;95.000000%=0;99.000000%=0;99.500000%=0;99.900000%=0;99.950000%=0;99.990000%=0;0%=0;0%=0;0%=0;0;0;0.000000;0.000000;0;0;0.000000%;0.000000;0.000000;0.000000%;0.000000%;0;0;0;0.0%;0.0%;0.0%;0.0%;0.0%;0.0%;0.0%;-nan%;0.00%;0.00%;0.00%;0.00%;0.00%;0.00%;0.00%;0.00%;0.00%;0.00%;0.00%;0.00%;0.00%;0.00%;0.00%;0.00%;0.00%;0.00%;0.00%;0.00%;0.00%
== Engine io_uring Dev 4 Jobs 1 TargetIOPS 300000 300000 Polling 2 ==
sudo ./open-loop/../scripts/fio ./open-loop/run.fio --filename=/dev/nvme0n1:/dev/nvme1n1:/dev/nvme2n1:/dev/nvme3n1 --rate_iops=300000 --numjobs=1 -runtime=2 --ioengine=io_uring --iodepth=32 --file_service_type=random:32 --hipri=1 --sqthread_poll=2
fio: pid=10943, err=22/file:filesetup.c:713, func=open(/dev/nvme0n1), error=Invalid argument
3;fio-3.20-66-g797e;run;0;22;0;0;0;0;0;0;0.000000;0.000000;0;0;0.000000;0.000000;1.000000%=0;5.000000%=0;10.000000%=0;20.000000%=0;30.000000%=0;40.000000%=0;50.000000%=0;60.000000%=0;70.000000%=0;80.000000%=0;90.000000%=0;95.000000%=0;99.000000%=0;99.500000%=0;99.900000%=0;99.950000%=0;99.990000%=0;0%=0;0%=0;0%=0;0;0;0.000000;0.000000;0;0;0.000000%;0.000000;0.000000;0;0;0;0;0;0;0.000000;0.000000;0;0;0.000000;0.000000;1.000000%=0;5.000000%=0;10.000000%=0;20.000000%=0;30.000000%=0;40.000000%=0;50.000000%=0;60.000000%=0;70.000000%=0;80.000000%=0;90.000000%=0;95.000000%=0;99.000000%=0;99.500000%=0;99.900000%=0;99.950000%=0;99.990000%=0;0%=0;0%=0;0%=0;0;0;0.000000;0.000000;0;0;0.000000%;0.000000;0.000000;0.000000%;0.000000%;0;0;0;0.0%;0.0%;0.0%;0.0%;0.0%;0.0%;0.0%;-nan%;0.00%;0.00%;0.00%;0.00%;0.00%;0.00%;0.00%;0.00%;0.00%;0.00%;0.00%;0.00%;0.00%;0.00%;0.00%;0.00%;0.00%;0.00%;0.00%;0.00%;0.00%
== Engine io_uring Dev 4 Jobs 1 TargetIOPS 400000 400000 Polling 2 ==
sudo ./open-loop/../scripts/fio ./open-loop/run.fio --filename=/dev/nvme0n1:/dev/nvme1n1:/dev/nvme2n1:/dev/nvme3n1 --rate_iops=400000 --numjobs=1 -runtime=2 --ioengine=io_uring --iodepth=32 --file_service_type=random:32 --hipri=1 --sqthread_poll=2
fio: pid=10963, err=22/file:filesetup.c:713, func=open(/dev/nvme0n1), error=Invalid argument
3;fio-3.20-66-g797e;run;0;22;0;0;0;0;0;0;0.000000;0.000000;0;0;0.000000;0.000000;1.000000%=0;5.000000%=0;10.000000%=0;20.000000%=0;30.000000%=0;40.000000%=0;50.000000%=0;60.000000%=0;70.000000%=0;80.000000%=0;90.000000%=0;95.000000%=0;99.000000%=0;99.500000%=0;99.900000%=0;99.950000%=0;99.990000%=0;0%=0;0%=0;0%=0;0;0;0.000000;0.000000;0;0;0.000000%;0.000000;0.000000;0;0;0;0;0;0;0.000000;0.000000;0;0;0.000000;0.000000;1.000000%=0;5.000000%=0;10.000000%=0;20.000000%=0;30.000000%=0;40.000000%=0;50.000000%=0;60.000000%=0;70.000000%=0;80.000000%=0;90.000000%=0;95.000000%=0;99.000000%=0;99.500000%=0;99.900000%=0;99.950000%=0;99.990000%=0;0%=0;0%=0;0%=0;0;0;0.000000;0.000000;0;0;0.000000%;0.000000;0.000000;0.000000%;0.000000%;0;0;0;0.0%;0.0%;0.0%;0.0%;0.0%;0.0%;0.0%;-nan%;0.00%;0.00%;0.00%;0.00%;0.00%;0.00%;0.00%;0.00%;0.00%;0.00%;0.00%;0.00%;0.00%;0.00%;0.00%;0.00%;0.00%;0.00%;0.00%;0.00%;0.00%
== Engine io_uring Dev 4 Jobs 1 TargetIOPS 700000 700000 Polling 2 ==
sudo ./open-loop/../scripts/fio ./open-loop/run.fio --filename=/dev/nvme0n1:/dev/nvme1n1:/dev/nvme2n1:/dev/nvme3n1 --rate_iops=700000 --numjobs=1 -runtime=2 --ioengine=io_uring --iodepth=32 --file_service_type=random:32 --hipri=1 --sqthread_poll=2
fio: pid=10983, err=22/file:filesetup.c:713, func=open(/dev/nvme0n1), error=Invalid argument
3;fio-3.20-66-g797e;run;0;22;0;0;0;0;0;0;0.000000;0.000000;0;0;0.000000;0.000000;1.000000%=0;5.000000%=0;10.000000%=0;20.000000%=0;30.000000%=0;40.000000%=0;50.000000%=0;60.000000%=0;70.000000%=0;80.000000%=0;90.000000%=0;95.000000%=0;99.000000%=0;99.500000%=0;99.900000%=0;99.950000%=0;99.990000%=0;0%=0;0%=0;0%=0;0;0;0.000000;0.000000;0;0;0.000000%;0.000000;0.000000;0;0;0;0;0;0;0.000000;0.000000;0;0;0.000000;0.000000;1.000000%=0;5.000000%=0;10.000000%=0;20.000000%=0;30.000000%=0;40.000000%=0;50.000000%=0;60.000000%=0;70.000000%=0;80.000000%=0;90.000000%=0;95.000000%=0;99.000000%=0;99.500000%=0;99.900000%=0;99.950000%=0;99.990000%=0;0%=0;0%=0;0%=0;0;0;0.000000;0.000000;0;0;0.000000%;0.000000;0.000000;0.000000%;0.000000%;0;0;0;0.0%;0.0%;0.0%;0.0%;0.0%;0.0%;0.0%;-nan%;0.00%;0.00%;0.00%;0.00%;0.00%;0.00%;0.00%;0.00%;0.00%;0.00%;0.00%;0.00%;0.00%;0.00%;0.00%;0.00%;0.00%;0.00%;0.00%;0.00%;0.00%
== Engine io_uring Dev 4 Jobs 1 TargetIOPS 1000000 1000000 Polling 2 ==
sudo ./open-loop/../scripts/fio ./open-loop/run.fio --filename=/dev/nvme0n1:/dev/nvme1n1:/dev/nvme2n1:/dev/nvme3n1 --rate_iops=1000000 --numjobs=1 -runtime=2 --ioengine=io_uring --iodepth=32 --file_service_type=random:32 --hipri=1 --sqthread_poll=2
fio: pid=11003, err=22/file:filesetup.c:713, func=open(/dev/nvme0n1), error=Invalid argument
3;fio-3.20-66-g797e;run;0;22;0;0;0;0;0;0;0.000000;0.000000;0;0;0.000000;0.000000;1.000000%=0;5.000000%=0;10.000000%=0;20.000000%=0;30.000000%=0;40.000000%=0;50.000000%=0;60.000000%=0;70.000000%=0;80.000000%=0;90.000000%=0;95.000000%=0;99.000000%=0;99.500000%=0;99.900000%=0;99.950000%=0;99.990000%=0;0%=0;0%=0;0%=0;0;0;0.000000;0.000000;0;0;0.000000%;0.000000;0.000000;0;0;0;0;0;0;0.000000;0.000000;0;0;0.000000;0.000000;1.000000%=0;5.000000%=0;10.000000%=0;20.000000%=0;30.000000%=0;40.000000%=0;50.000000%=0;60.000000%=0;70.000000%=0;80.000000%=0;90.000000%=0;95.000000%=0;99.000000%=0;99.500000%=0;99.900000%=0;99.950000%=0;99.990000%=0;0%=0;0%=0;0%=0;0;0;0.000000;0.000000;0;0;0.000000%;0.000000;0.000000;0.000000%;0.000000%;0;0;0;0.0%;0.0%;0.0%;0.0%;0.0%;0.0%;0.0%;-nan%;0.00%;0.00%;0.00%;0.00%;0.00%;0.00%;0.00%;0.00%;0.00%;0.00%;0.00%;0.00%;0.00%;0.00%;0.00%;0.00%;0.00%;0.00%;0.00%;0.00%;0.00%
== Engine io_uring Dev 4 Jobs 1 TargetIOPS 1500000 1500000 Polling 2 ==
sudo ./open-loop/../scripts/fio ./open-loop/run.fio --filename=/dev/nvme0n1:/dev/nvme1n1:/dev/nvme2n1:/dev/nvme3n1 --rate_iops=1500000 --numjobs=1 -runtime=2 --ioengine=io_uring --iodepth=32 --file_service_type=random:32 --hipri=1 --sqthread_poll=2
fio: pid=11023, err=22/file:filesetup.c:713, func=open(/dev/nvme0n1), error=Invalid argument
3;fio-3.20-66-g797e;run;0;22;0;0;0;0;0;0;0.000000;0.000000;0;0;0.000000;0.000000;1.000000%=0;5.000000%=0;10.000000%=0;20.000000%=0;30.000000%=0;40.000000%=0;50.000000%=0;60.000000%=0;70.000000%=0;80.000000%=0;90.000000%=0;95.000000%=0;99.000000%=0;99.500000%=0;99.900000%=0;99.950000%=0;99.990000%=0;0%=0;0%=0;0%=0;0;0;0.000000;0.000000;0;0;0.000000%;0.000000;0.000000;0;0;0;0;0;0;0.000000;0.000000;0;0;0.000000;0.000000;1.000000%=0;5.000000%=0;10.000000%=0;20.000000%=0;30.000000%=0;40.000000%=0;50.000000%=0;60.000000%=0;70.000000%=0;80.000000%=0;90.000000%=0;95.000000%=0;99.000000%=0;99.500000%=0;99.900000%=0;99.950000%=0;99.990000%=0;0%=0;0%=0;0%=0;0;0;0.000000;0.000000;0;0;0.000000%;0.000000;0.000000;0.000000%;0.000000%;0;0;0;0.0%;0.0%;0.0%;0.0%;0.0%;0.0%;0.0%;-nan%;0.00%;0.00%;0.00%;0.00%;0.00%;0.00%;0.00%;0.00%;0.00%;0.00%;0.00%;0.00%;0.00%;0.00%;0.00%;0.00%;0.00%;0.00%;0.00%;0.00%;0.00%
== Engine io_uring Dev 4 Jobs 1 TargetIOPS 2000000 2000000 Polling 2 ==
sudo ./open-loop/../scripts/fio ./open-loop/run.fio --filename=/dev/nvme0n1:/dev/nvme1n1:/dev/nvme2n1:/dev/nvme3n1 --rate_iops=2000000 --numjobs=1 -runtime=2 --ioengine=io_uring --iodepth=32 --file_service_type=random:32 --hipri=1 --sqthread_poll=2
fio: pid=11043, err=22/file:filesetup.c:713, func=open(/dev/nvme0n1), error=Invalid argument
3;fio-3.20-66-g797e;run;0;22;0;0;0;0;0;0;0.000000;0.000000;0;0;0.000000;0.000000;1.000000%=0;5.000000%=0;10.000000%=0;20.000000%=0;30.000000%=0;40.000000%=0;50.000000%=0;60.000000%=0;70.000000%=0;80.000000%=0;90.000000%=0;95.000000%=0;99.000000%=0;99.500000%=0;99.900000%=0;99.950000%=0;99.990000%=0;0%=0;0%=0;0%=0;0;0;0.000000;0.000000;0;0;0.000000%;0.000000;0.000000;0;0;0;0;0;0;0.000000;0.000000;0;0;0.000000;0.000000;1.000000%=0;5.000000%=0;10.000000%=0;20.000000%=0;30.000000%=0;40.000000%=0;50.000000%=0;60.000000%=0;70.000000%=0;80.000000%=0;90.000000%=0;95.000000%=0;99.000000%=0;99.500000%=0;99.900000%=0;99.950000%=0;99.990000%=0;0%=0;0%=0;0%=0;0;0;0.000000;0.000000;0;0;0.000000%;0.000000;0.000000;0.000000%;0.000000%;0;0;0;0.0%;0.0%;0.0%;0.0%;0.0%;0.0%;0.0%;-nan%;0.00%;0.00%;0.00%;0.00%;0.00%;0.00%;0.00%;0.00%;0.00%;0.00%;0.00%;0.00%;0.00%;0.00%;0.00%;0.00%;0.00%;0.00%;0.00%;0.00%;0.00%
== Engine io_uring Dev 4 Jobs 1 TargetIOPS 2200000 2200000 Polling 2 ==
sudo ./open-loop/../scripts/fio ./open-loop/run.fio --filename=/dev/nvme0n1:/dev/nvme1n1:/dev/nvme2n1:/dev/nvme3n1 --rate_iops=2200000 --numjobs=1 -runtime=2 --ioengine=io_uring --iodepth=32 --file_service_type=random:32 --hipri=1 --sqthread_poll=2
fio: pid=11063, err=22/file:filesetup.c:713, func=open(/dev/nvme0n1), error=Invalid argument
3;fio-3.20-66-g797e;run;0;22;0;0;0;0;0;0;0.000000;0.000000;0;0;0.000000;0.000000;1.000000%=0;5.000000%=0;10.000000%=0;20.000000%=0;30.000000%=0;40.000000%=0;50.000000%=0;60.000000%=0;70.000000%=0;80.000000%=0;90.000000%=0;95.000000%=0;99.000000%=0;99.500000%=0;99.900000%=0;99.950000%=0;99.990000%=0;0%=0;0%=0;0%=0;0;0;0.000000;0.000000;0;0;0.000000%;0.000000;0.000000;0;0;0;0;0;0;0.000000;0.000000;0;0;0.000000;0.000000;1.000000%=0;5.000000%=0;10.000000%=0;20.000000%=0;30.000000%=0;40.000000%=0;50.000000%=0;60.000000%=0;70.000000%=0;80.000000%=0;90.000000%=0;95.000000%=0;99.000000%=0;99.500000%=0;99.900000%=0;99.950000%=0;99.990000%=0;0%=0;0%=0;0%=0;0;0;0.000000;0.000000;0;0;0.000000%;0.000000;0.000000;0.000000%;0.000000%;0;0;0;0.0%;0.0%;0.0%;0.0%;0.0%;0.0%;0.0%;-nan%;0.00%;0.00%;0.00%;0.00%;0.00%;0.00%;0.00%;0.00%;0.00%;0.00%;0.00%;0.00%;0.00%;0.00%;0.00%;0.00%;0.00%;0.00%;0.00%;0.00%;0.00%
== Engine io_uring Dev 4 Jobs 1 TargetIOPS 2400000 2400000 Polling 2 ==
sudo ./open-loop/../scripts/fio ./open-loop/run.fio --filename=/dev/nvme0n1:/dev/nvme1n1:/dev/nvme2n1:/dev/nvme3n1 --rate_iops=2400000 --numjobs=1 -runtime=2 --ioengine=io_uring --iodepth=32 --file_service_type=random:32 --hipri=1 --sqthread_poll=2
fio: pid=11083, err=22/file:filesetup.c:713, func=open(/dev/nvme0n1), error=Invalid argument
3;fio-3.20-66-g797e;run;0;22;0;0;0;0;0;0;0.000000;0.000000;0;0;0.000000;0.000000;1.000000%=0;5.000000%=0;10.000000%=0;20.000000%=0;30.000000%=0;40.000000%=0;50.000000%=0;60.000000%=0;70.000000%=0;80.000000%=0;90.000000%=0;95.000000%=0;99.000000%=0;99.500000%=0;99.900000%=0;99.950000%=0;99.990000%=0;0%=0;0%=0;0%=0;0;0;0.000000;0.000000;0;0;0.000000%;0.000000;0.000000;0;0;0;0;0;0;0.000000;0.000000;0;0;0.000000;0.000000;1.000000%=0;5.000000%=0;10.000000%=0;20.000000%=0;30.000000%=0;40.000000%=0;50.000000%=0;60.000000%=0;70.000000%=0;80.000000%=0;90.000000%=0;95.000000%=0;99.000000%=0;99.500000%=0;99.900000%=0;99.950000%=0;99.990000%=0;0%=0;0%=0;0%=0;0;0;0.000000;0.000000;0;0;0.000000%;0.000000;0.000000;0.000000%;0.000000%;0;0;0;0.0%;0.0%;0.0%;0.0%;0.0%;0.0%;0.0%;-nan%;0.00%;0.00%;0.00%;0.00%;0.00%;0.00%;0.00%;0.00%;0.00%;0.00%;0.00%;0.00%;0.00%;0.00%;0.00%;0.00%;0.00%;0.00%;0.00%;0.00%;0.00%
== Engine io_uring Dev 4 Jobs 1 TargetIOPS 2600000 2600000 Polling 2 ==
sudo ./open-loop/../scripts/fio ./open-loop/run.fio --filename=/dev/nvme0n1:/dev/nvme1n1:/dev/nvme2n1:/dev/nvme3n1 --rate_iops=2600000 --numjobs=1 -runtime=2 --ioengine=io_uring --iodepth=32 --file_service_type=random:32 --hipri=1 --sqthread_poll=2
fio: pid=11103, err=22/file:filesetup.c:713, func=open(/dev/nvme0n1), error=Invalid argument
3;fio-3.20-66-g797e;run;0;22;0;0;0;0;0;0;0.000000;0.000000;0;0;0.000000;0.000000;1.000000%=0;5.000000%=0;10.000000%=0;20.000000%=0;30.000000%=0;40.000000%=0;50.000000%=0;60.000000%=0;70.000000%=0;80.000000%=0;90.000000%=0;95.000000%=0;99.000000%=0;99.500000%=0;99.900000%=0;99.950000%=0;99.990000%=0;0%=0;0%=0;0%=0;0;0;0.000000;0.000000;0;0;0.000000%;0.000000;0.000000;0;0;0;0;0;0;0.000000;0.000000;0;0;0.000000;0.000000;1.000000%=0;5.000000%=0;10.000000%=0;20.000000%=0;30.000000%=0;40.000000%=0;50.000000%=0;60.000000%=0;70.000000%=0;80.000000%=0;90.000000%=0;95.000000%=0;99.000000%=0;99.500000%=0;99.900000%=0;99.950000%=0;99.990000%=0;0%=0;0%=0;0%=0;0;0;0.000000;0.000000;0;0;0.000000%;0.000000;0.000000;0.000000%;0.000000%;0;0;0;0.0%;0.0%;0.0%;0.0%;0.0%;0.0%;0.0%;-nan%;0.00%;0.00%;0.00%;0.00%;0.00%;0.00%;0.00%;0.00%;0.00%;0.00%;0.00%;0.00%;0.00%;0.00%;0.00%;0.00%;0.00%;0.00%;0.00%;0.00%;0.00%
== Engine io_uring Dev 4 Jobs 1 TargetIOPS 2800000 2800000 Polling 2 ==
sudo ./open-loop/../scripts/fio ./open-loop/run.fio --filename=/dev/nvme0n1:/dev/nvme1n1:/dev/nvme2n1:/dev/nvme3n1 --rate_iops=2800000 --numjobs=1 -runtime=2 --ioengine=io_uring --iodepth=32 --file_service_type=random:32 --hipri=1 --sqthread_poll=2
fio: pid=11123, err=22/file:filesetup.c:713, func=open(/dev/nvme0n1), error=Invalid argument
3;fio-3.20-66-g797e;run;0;22;0;0;0;0;0;0;0.000000;0.000000;0;0;0.000000;0.000000;1.000000%=0;5.000000%=0;10.000000%=0;20.000000%=0;30.000000%=0;40.000000%=0;50.000000%=0;60.000000%=0;70.000000%=0;80.000000%=0;90.000000%=0;95.000000%=0;99.000000%=0;99.500000%=0;99.900000%=0;99.950000%=0;99.990000%=0;0%=0;0%=0;0%=0;0;0;0.000000;0.000000;0;0;0.000000%;0.000000;0.000000;0;0;0;0;0;0;0.000000;0.000000;0;0;0.000000;0.000000;1.000000%=0;5.000000%=0;10.000000%=0;20.000000%=0;30.000000%=0;40.000000%=0;50.000000%=0;60.000000%=0;70.000000%=0;80.000000%=0;90.000000%=0;95.000000%=0;99.000000%=0;99.500000%=0;99.900000%=0;99.950000%=0;99.990000%=0;0%=0;0%=0;0%=0;0;0;0.000000;0.000000;0;0;0.000000%;0.000000;0.000000;0.000000%;0.000000%;0;0;0;0.0%;0.0%;0.0%;0.0%;0.0%;0.0%;0.0%;-nan%;0.00%;0.00%;0.00%;0.00%;0.00%;0.00%;0.00%;0.00%;0.00%;0.00%;0.00%;0.00%;0.00%;0.00%;0.00%;0.00%;0.00%;0.00%;0.00%;0.00%;0.00%
== Engine io_uring Dev 4 Jobs 3 TargetIOPS 100000 33333 Polling 2 ==
sudo ./open-loop/../scripts/fio ./open-loop/run.fio --filename=/dev/nvme0n1:/dev/nvme1n1:/dev/nvme2n1:/dev/nvme3n1 --rate_iops=33333 --numjobs=3 -runtime=2 --ioengine=io_uring --iodepth=32 --file_service_type=random:32 --hipri=1 --sqthread_poll=2
fio: pid=11252, err=22/file:filesetup.c:713, func=open(/dev/nvme0n1), error=Invalid argument
fio: pid=11253, err=22/file:filesetup.c:713, func=open(/dev/nvme0n1), error=Invalid argument
fio: pid=11254, err=22/file:filesetup.c:713, func=open(/dev/nvme0n1), error=Invalid argument
3;fio-3.20-66-g797e;run;0;22;0;0;0;0;0;0;0.000000;0.000000;0;0;0.000000;0.000000;1.000000%=0;5.000000%=0;10.000000%=0;20.000000%=0;30.000000%=0;40.000000%=0;50.000000%=0;60.000000%=0;70.000000%=0;80.000000%=0;90.000000%=0;95.000000%=0;99.000000%=0;99.500000%=0;99.900000%=0;99.950000%=0;99.990000%=0;0%=0;0%=0;0%=0;0;0;0.000000;0.000000;0;0;0.000000%;0.000000;0.000000;0;0;0;0;0;0;0.000000;0.000000;0;0;0.000000;0.000000;1.000000%=0;5.000000%=0;10.000000%=0;20.000000%=0;30.000000%=0;40.000000%=0;50.000000%=0;60.000000%=0;70.000000%=0;80.000000%=0;90.000000%=0;95.000000%=0;99.000000%=0;99.500000%=0;99.900000%=0;99.950000%=0;99.990000%=0;0%=0;0%=0;0%=0;0;0;0.000000;0.000000;0;0;0.000000%;0.000000;0.000000;0.000000%;0.000000%;0;0;0;0.0%;0.0%;0.0%;0.0%;0.0%;0.0%;0.0%;-nan%;0.00%;0.00%;0.00%;0.00%;0.00%;0.00%;0.00%;0.00%;0.00%;0.00%;0.00%;0.00%;0.00%;0.00%;0.00%;0.00%;0.00%;0.00%;0.00%;0.00%;0.00%
== Engine io_uring Dev 4 Jobs 3 TargetIOPS 200000 66666 Polling 2 ==
sudo ./open-loop/../scripts/fio ./open-loop/run.fio --filename=/dev/nvme0n1:/dev/nvme1n1:/dev/nvme2n1:/dev/nvme3n1 --rate_iops=66666 --numjobs=3 -runtime=2 --ioengine=io_uring --iodepth=32 --file_service_type=random:32 --hipri=1 --sqthread_poll=2
fio: pid=11282, err=22/file:filesetup.c:713, func=open(/dev/nvme0n1), error=Invalid argument
fio: pid=11281, err=22/file:filesetup.c:713, func=open(/dev/nvme0n1), error=Invalid argument
fio: pid=11280, err=22/file:filesetup.c:713, func=open(/dev/nvme0n1), error=Invalid argument
3;fio-3.20-66-g797e;run;0;22;0;0;0;0;0;0;0.000000;0.000000;0;0;0.000000;0.000000;1.000000%=0;5.000000%=0;10.000000%=0;20.000000%=0;30.000000%=0;40.000000%=0;50.000000%=0;60.000000%=0;70.000000%=0;80.000000%=0;90.000000%=0;95.000000%=0;99.000000%=0;99.500000%=0;99.900000%=0;99.950000%=0;99.990000%=0;0%=0;0%=0;0%=0;0;0;0.000000;0.000000;0;0;0.000000%;0.000000;0.000000;0;0;0;0;0;0;0.000000;0.000000;0;0;0.000000;0.000000;1.000000%=0;5.000000%=0;10.000000%=0;20.000000%=0;30.000000%=0;40.000000%=0;50.000000%=0;60.000000%=0;70.000000%=0;80.000000%=0;90.000000%=0;95.000000%=0;99.000000%=0;99.500000%=0;99.900000%=0;99.950000%=0;99.990000%=0;0%=0;0%=0;0%=0;0;0;0.000000;0.000000;0;0;0.000000%;0.000000;0.000000;0.000000%;0.000000%;0;0;0;0.0%;0.0%;0.0%;0.0%;0.0%;0.0%;0.0%;-nan%;0.00%;0.00%;0.00%;0.00%;0.00%;0.00%;0.00%;0.00%;0.00%;0.00%;0.00%;0.00%;0.00%;0.00%;0.00%;0.00%;0.00%;0.00%;0.00%;0.00%;0.00%
== Engine io_uring Dev 4 Jobs 3 TargetIOPS 300000 100000 Polling 2 ==
sudo ./open-loop/../scripts/fio ./open-loop/run.fio --filename=/dev/nvme0n1:/dev/nvme1n1:/dev/nvme2n1:/dev/nvme3n1 --rate_iops=100000 --numjobs=3 -runtime=2 --ioengine=io_uring --iodepth=32 --file_service_type=random:32 --hipri=1 --sqthread_poll=2
fio: pid=11310, err=22/file:filesetup.c:713, func=open(/dev/nvme0n1), error=Invalid argument
fio: pid=11308, err=22/file:filesetup.c:713, func=open(/dev/nvme0n1), error=Invalid argument
fio: pid=11309, err=22/file:filesetup.c:713, func=open(/dev/nvme0n1), error=Invalid argument
3;fio-3.20-66-g797e;run;0;22;0;0;0;0;0;0;0.000000;0.000000;0;0;0.000000;0.000000;1.000000%=0;5.000000%=0;10.000000%=0;20.000000%=0;30.000000%=0;40.000000%=0;50.000000%=0;60.000000%=0;70.000000%=0;80.000000%=0;90.000000%=0;95.000000%=0;99.000000%=0;99.500000%=0;99.900000%=0;99.950000%=0;99.990000%=0;0%=0;0%=0;0%=0;0;0;0.000000;0.000000;0;0;0.000000%;0.000000;0.000000;0;0;0;0;0;0;0.000000;0.000000;0;0;0.000000;0.000000;1.000000%=0;5.000000%=0;10.000000%=0;20.000000%=0;30.000000%=0;40.000000%=0;50.000000%=0;60.000000%=0;70.000000%=0;80.000000%=0;90.000000%=0;95.000000%=0;99.000000%=0;99.500000%=0;99.900000%=0;99.950000%=0;99.990000%=0;0%=0;0%=0;0%=0;0;0;0.000000;0.000000;0;0;0.000000%;0.000000;0.000000;0.000000%;0.000000%;0;0;0;0.0%;0.0%;0.0%;0.0%;0.0%;0.0%;0.0%;-nan%;0.00%;0.00%;0.00%;0.00%;0.00%;0.00%;0.00%;0.00%;0.00%;0.00%;0.00%;0.00%;0.00%;0.00%;0.00%;0.00%;0.00%;0.00%;0.00%;0.00%;0.00%
== Engine io_uring Dev 4 Jobs 3 TargetIOPS 400000 133333 Polling 2 ==
sudo ./open-loop/../scripts/fio ./open-loop/run.fio --filename=/dev/nvme0n1:/dev/nvme1n1:/dev/nvme2n1:/dev/nvme3n1 --rate_iops=133333 --numjobs=3 -runtime=2 --ioengine=io_uring --iodepth=32 --file_service_type=random:32 --hipri=1 --sqthread_poll=2
fio: pid=11337, err=22/file:filesetup.c:713, func=open(/dev/nvme0n1), error=Invalid argument
fio: pid=11336, err=22/file:filesetup.c:713, func=open(/dev/nvme0n1), error=Invalid argument
fio: pid=11338, err=22/file:filesetup.c:713, func=open(/dev/nvme0n1), error=Invalid argument
3;fio-3.20-66-g797e;run;0;22;0;0;0;0;0;0;0.000000;0.000000;0;0;0.000000;0.000000;1.000000%=0;5.000000%=0;10.000000%=0;20.000000%=0;30.000000%=0;40.000000%=0;50.000000%=0;60.000000%=0;70.000000%=0;80.000000%=0;90.000000%=0;95.000000%=0;99.000000%=0;99.500000%=0;99.900000%=0;99.950000%=0;99.990000%=0;0%=0;0%=0;0%=0;0;0;0.000000;0.000000;0;0;0.000000%;0.000000;0.000000;0;0;0;0;0;0;0.000000;0.000000;0;0;0.000000;0.000000;1.000000%=0;5.000000%=0;10.000000%=0;20.000000%=0;30.000000%=0;40.000000%=0;50.000000%=0;60.000000%=0;70.000000%=0;80.000000%=0;90.000000%=0;95.000000%=0;99.000000%=0;99.500000%=0;99.900000%=0;99.950000%=0;99.990000%=0;0%=0;0%=0;0%=0;0;0;0.000000;0.000000;0;0;0.000000%;0.000000;0.000000;0.000000%;0.000000%;0;0;0;0.0%;0.0%;0.0%;0.0%;0.0%;0.0%;0.0%;-nan%;0.00%;0.00%;0.00%;0.00%;0.00%;0.00%;0.00%;0.00%;0.00%;0.00%;0.00%;0.00%;0.00%;0.00%;0.00%;0.00%;0.00%;0.00%;0.00%;0.00%;0.00%
== Engine io_uring Dev 4 Jobs 3 TargetIOPS 700000 233333 Polling 2 ==
sudo ./open-loop/../scripts/fio ./open-loop/run.fio --filename=/dev/nvme0n1:/dev/nvme1n1:/dev/nvme2n1:/dev/nvme3n1 --rate_iops=233333 --numjobs=3 -runtime=2 --ioengine=io_uring --iodepth=32 --file_service_type=random:32 --hipri=1 --sqthread_poll=2
fio: pid=11365, err=22/file:filesetup.c:713, func=open(/dev/nvme0n1), error=Invalid argument
fio: pid=11366, err=22/file:filesetup.c:713, func=open(/dev/nvme0n1), error=Invalid argument
fio: pid=11367, err=22/file:filesetup.c:713, func=open(/dev/nvme0n1), error=Invalid argument
3;fio-3.20-66-g797e;run;0;22;0;0;0;0;0;0;0.000000;0.000000;0;0;0.000000;0.000000;1.000000%=0;5.000000%=0;10.000000%=0;20.000000%=0;30.000000%=0;40.000000%=0;50.000000%=0;60.000000%=0;70.000000%=0;80.000000%=0;90.000000%=0;95.000000%=0;99.000000%=0;99.500000%=0;99.900000%=0;99.950000%=0;99.990000%=0;0%=0;0%=0;0%=0;0;0;0.000000;0.000000;0;0;0.000000%;0.000000;0.000000;0;0;0;0;0;0;0.000000;0.000000;0;0;0.000000;0.000000;1.000000%=0;5.000000%=0;10.000000%=0;20.000000%=0;30.000000%=0;40.000000%=0;50.000000%=0;60.000000%=0;70.000000%=0;80.000000%=0;90.000000%=0;95.000000%=0;99.000000%=0;99.500000%=0;99.900000%=0;99.950000%=0;99.990000%=0;0%=0;0%=0;0%=0;0;0;0.000000;0.000000;0;0;0.000000%;0.000000;0.000000;0.000000%;0.000000%;0;0;0;0.0%;0.0%;0.0%;0.0%;0.0%;0.0%;0.0%;-nan%;0.00%;0.00%;0.00%;0.00%;0.00%;0.00%;0.00%;0.00%;0.00%;0.00%;0.00%;0.00%;0.00%;0.00%;0.00%;0.00%;0.00%;0.00%;0.00%;0.00%;0.00%
== Engine io_uring Dev 4 Jobs 3 TargetIOPS 1000000 333333 Polling 2 ==
sudo ./open-loop/../scripts/fio ./open-loop/run.fio --filename=/dev/nvme0n1:/dev/nvme1n1:/dev/nvme2n1:/dev/nvme3n1 --rate_iops=333333 --numjobs=3 -runtime=2 --ioengine=io_uring --iodepth=32 --file_service_type=random:32 --hipri=1 --sqthread_poll=2
fio: pid=11395, err=22/file:filesetup.c:713, func=open(/dev/nvme0n1), error=Invalid argument
fio: pid=11393, err=22/file:filesetup.c:713, func=open(/dev/nvme0n1), error=Invalid argument
fio: pid=11394, err=22/file:filesetup.c:713, func=open(/dev/nvme0n1), error=Invalid argument
3;fio-3.20-66-g797e;run;0;22;0;0;0;0;0;0;0.000000;0.000000;0;0;0.000000;0.000000;1.000000%=0;5.000000%=0;10.000000%=0;20.000000%=0;30.000000%=0;40.000000%=0;50.000000%=0;60.000000%=0;70.000000%=0;80.000000%=0;90.000000%=0;95.000000%=0;99.000000%=0;99.500000%=0;99.900000%=0;99.950000%=0;99.990000%=0;0%=0;0%=0;0%=0;0;0;0.000000;0.000000;0;0;0.000000%;0.000000;0.000000;0;0;0;0;0;0;0.000000;0.000000;0;0;0.000000;0.000000;1.000000%=0;5.000000%=0;10.000000%=0;20.000000%=0;30.000000%=0;40.000000%=0;50.000000%=0;60.000000%=0;70.000000%=0;80.000000%=0;90.000000%=0;95.000000%=0;99.000000%=0;99.500000%=0;99.900000%=0;99.950000%=0;99.990000%=0;0%=0;0%=0;0%=0;0;0;0.000000;0.000000;0;0;0.000000%;0.000000;0.000000;0.000000%;0.000000%;0;0;0;0.0%;0.0%;0.0%;0.0%;0.0%;0.0%;0.0%;-nan%;0.00%;0.00%;0.00%;0.00%;0.00%;0.00%;0.00%;0.00%;0.00%;0.00%;0.00%;0.00%;0.00%;0.00%;0.00%;0.00%;0.00%;0.00%;0.00%;0.00%;0.00%
== Engine io_uring Dev 4 Jobs 3 TargetIOPS 1500000 500000 Polling 2 ==
sudo ./open-loop/../scripts/fio ./open-loop/run.fio --filename=/dev/nvme0n1:/dev/nvme1n1:/dev/nvme2n1:/dev/nvme3n1 --rate_iops=500000 --numjobs=3 -runtime=2 --ioengine=io_uring --iodepth=32 --file_service_type=random:32 --hipri=1 --sqthread_poll=2
fio: pid=11423, err=22/file:filesetup.c:713, func=open(/dev/nvme0n1), error=Invalid argument
fio: pid=11422, err=22/file:filesetup.c:713, func=open(/dev/nvme0n1), error=Invalid argument
fio: pid=11424, err=22/file:filesetup.c:713, func=open(/dev/nvme0n1), error=Invalid argument
3;fio-3.20-66-g797e;run;0;22;0;0;0;0;0;0;0.000000;0.000000;0;0;0.000000;0.000000;1.000000%=0;5.000000%=0;10.000000%=0;20.000000%=0;30.000000%=0;40.000000%=0;50.000000%=0;60.000000%=0;70.000000%=0;80.000000%=0;90.000000%=0;95.000000%=0;99.000000%=0;99.500000%=0;99.900000%=0;99.950000%=0;99.990000%=0;0%=0;0%=0;0%=0;0;0;0.000000;0.000000;0;0;0.000000%;0.000000;0.000000;0;0;0;0;0;0;0.000000;0.000000;0;0;0.000000;0.000000;1.000000%=0;5.000000%=0;10.000000%=0;20.000000%=0;30.000000%=0;40.000000%=0;50.000000%=0;60.000000%=0;70.000000%=0;80.000000%=0;90.000000%=0;95.000000%=0;99.000000%=0;99.500000%=0;99.900000%=0;99.950000%=0;99.990000%=0;0%=0;0%=0;0%=0;0;0;0.000000;0.000000;0;0;0.000000%;0.000000;0.000000;0.000000%;0.000000%;0;0;0;0.0%;0.0%;0.0%;0.0%;0.0%;0.0%;0.0%;-nan%;0.00%;0.00%;0.00%;0.00%;0.00%;0.00%;0.00%;0.00%;0.00%;0.00%;0.00%;0.00%;0.00%;0.00%;0.00%;0.00%;0.00%;0.00%;0.00%;0.00%;0.00%
== Engine io_uring Dev 4 Jobs 3 TargetIOPS 2000000 666666 Polling 2 ==
sudo ./open-loop/../scripts/fio ./open-loop/run.fio --filename=/dev/nvme0n1:/dev/nvme1n1:/dev/nvme2n1:/dev/nvme3n1 --rate_iops=666666 --numjobs=3 -runtime=2 --ioengine=io_uring --iodepth=32 --file_service_type=random:32 --hipri=1 --sqthread_poll=2
fio: pid=11450, err=22/file:filesetup.c:713, func=open(/dev/nvme0n1), error=Invalid argument
fio: pid=11451, err=22/file:filesetup.c:713, func=open(/dev/nvme0n1), error=Invalid argument
fio: pid=11452, err=22/file:filesetup.c:713, func=open(/dev/nvme0n1), error=Invalid argument
3;fio-3.20-66-g797e;run;0;22;0;0;0;0;0;0;0.000000;0.000000;0;0;0.000000;0.000000;1.000000%=0;5.000000%=0;10.000000%=0;20.000000%=0;30.000000%=0;40.000000%=0;50.000000%=0;60.000000%=0;70.000000%=0;80.000000%=0;90.000000%=0;95.000000%=0;99.000000%=0;99.500000%=0;99.900000%=0;99.950000%=0;99.990000%=0;0%=0;0%=0;0%=0;0;0;0.000000;0.000000;0;0;0.000000%;0.000000;0.000000;0;0;0;0;0;0;0.000000;0.000000;0;0;0.000000;0.000000;1.000000%=0;5.000000%=0;10.000000%=0;20.000000%=0;30.000000%=0;40.000000%=0;50.000000%=0;60.000000%=0;70.000000%=0;80.000000%=0;90.000000%=0;95.000000%=0;99.000000%=0;99.500000%=0;99.900000%=0;99.950000%=0;99.990000%=0;0%=0;0%=0;0%=0;0;0;0.000000;0.000000;0;0;0.000000%;0.000000;0.000000;0.000000%;0.000000%;0;0;0;0.0%;0.0%;0.0%;0.0%;0.0%;0.0%;0.0%;-nan%;0.00%;0.00%;0.00%;0.00%;0.00%;0.00%;0.00%;0.00%;0.00%;0.00%;0.00%;0.00%;0.00%;0.00%;0.00%;0.00%;0.00%;0.00%;0.00%;0.00%;0.00%
== Engine io_uring Dev 4 Jobs 3 TargetIOPS 2200000 733333 Polling 2 ==
sudo ./open-loop/../scripts/fio ./open-loop/run.fio --filename=/dev/nvme0n1:/dev/nvme1n1:/dev/nvme2n1:/dev/nvme3n1 --rate_iops=733333 --numjobs=3 -runtime=2 --ioengine=io_uring --iodepth=32 --file_service_type=random:32 --hipri=1 --sqthread_poll=2
fio: pid=11479, err=22/file:filesetup.c:713, func=open(/dev/nvme0n1), error=Invalid argument
fio: pid=11478, err=22/file:filesetup.c:713, func=open(/dev/nvme0n1), error=Invalid argument
fio: pid=11480, err=22/file:filesetup.c:713, func=open(/dev/nvme0n1), error=Invalid argument
3;fio-3.20-66-g797e;run;0;22;0;0;0;0;0;0;0.000000;0.000000;0;0;0.000000;0.000000;1.000000%=0;5.000000%=0;10.000000%=0;20.000000%=0;30.000000%=0;40.000000%=0;50.000000%=0;60.000000%=0;70.000000%=0;80.000000%=0;90.000000%=0;95.000000%=0;99.000000%=0;99.500000%=0;99.900000%=0;99.950000%=0;99.990000%=0;0%=0;0%=0;0%=0;0;0;0.000000;0.000000;0;0;0.000000%;0.000000;0.000000;0;0;0;0;0;0;0.000000;0.000000;0;0;0.000000;0.000000;1.000000%=0;5.000000%=0;10.000000%=0;20.000000%=0;30.000000%=0;40.000000%=0;50.000000%=0;60.000000%=0;70.000000%=0;80.000000%=0;90.000000%=0;95.000000%=0;99.000000%=0;99.500000%=0;99.900000%=0;99.950000%=0;99.990000%=0;0%=0;0%=0;0%=0;0;0;0.000000;0.000000;0;0;0.000000%;0.000000;0.000000;0.000000%;0.000000%;0;0;0;0.0%;0.0%;0.0%;0.0%;0.0%;0.0%;0.0%;-nan%;0.00%;0.00%;0.00%;0.00%;0.00%;0.00%;0.00%;0.00%;0.00%;0.00%;0.00%;0.00%;0.00%;0.00%;0.00%;0.00%;0.00%;0.00%;0.00%;0.00%;0.00%
== Engine io_uring Dev 4 Jobs 3 TargetIOPS 2400000 800000 Polling 2 ==
sudo ./open-loop/../scripts/fio ./open-loop/run.fio --filename=/dev/nvme0n1:/dev/nvme1n1:/dev/nvme2n1:/dev/nvme3n1 --rate_iops=800000 --numjobs=3 -runtime=2 --ioengine=io_uring --iodepth=32 --file_service_type=random:32 --hipri=1 --sqthread_poll=2
fio: pid=11507, err=22/file:filesetup.c:713, func=open(/dev/nvme0n1), error=Invalid argument
fio: pid=11508, err=22/file:filesetup.c:713, func=open(/dev/nvme0n1), error=Invalid argument
fio: pid=11506, err=22/file:filesetup.c:713, func=open(/dev/nvme0n1), error=Invalid argument
3;fio-3.20-66-g797e;run;0;22;0;0;0;0;0;0;0.000000;0.000000;0;0;0.000000;0.000000;1.000000%=0;5.000000%=0;10.000000%=0;20.000000%=0;30.000000%=0;40.000000%=0;50.000000%=0;60.000000%=0;70.000000%=0;80.000000%=0;90.000000%=0;95.000000%=0;99.000000%=0;99.500000%=0;99.900000%=0;99.950000%=0;99.990000%=0;0%=0;0%=0;0%=0;0;0;0.000000;0.000000;0;0;0.000000%;0.000000;0.000000;0;0;0;0;0;0;0.000000;0.000000;0;0;0.000000;0.000000;1.000000%=0;5.000000%=0;10.000000%=0;20.000000%=0;30.000000%=0;40.000000%=0;50.000000%=0;60.000000%=0;70.000000%=0;80.000000%=0;90.000000%=0;95.000000%=0;99.000000%=0;99.500000%=0;99.900000%=0;99.950000%=0;99.990000%=0;0%=0;0%=0;0%=0;0;0;0.000000;0.000000;0;0;0.000000%;0.000000;0.000000;0.000000%;0.000000%;0;0;0;0.0%;0.0%;0.0%;0.0%;0.0%;0.0%;0.0%;-nan%;0.00%;0.00%;0.00%;0.00%;0.00%;0.00%;0.00%;0.00%;0.00%;0.00%;0.00%;0.00%;0.00%;0.00%;0.00%;0.00%;0.00%;0.00%;0.00%;0.00%;0.00%
== Engine io_uring Dev 4 Jobs 3 TargetIOPS 2600000 866666 Polling 2 ==
sudo ./open-loop/../scripts/fio ./open-loop/run.fio --filename=/dev/nvme0n1:/dev/nvme1n1:/dev/nvme2n1:/dev/nvme3n1 --rate_iops=866666 --numjobs=3 -runtime=2 --ioengine=io_uring --iodepth=32 --file_service_type=random:32 --hipri=1 --sqthread_poll=2
fio: pid=11534, err=22/file:filesetup.c:713, func=open(/dev/nvme0n1), error=Invalid argument
fio: pid=11535, err=22/file:filesetup.c:713, func=open(/dev/nvme0n1), error=Invalid argument
fio: pid=11536, err=22/file:filesetup.c:713, func=open(/dev/nvme0n1), error=Invalid argument
3;fio-3.20-66-g797e;run;0;22;0;0;0;0;0;0;0.000000;0.000000;0;0;0.000000;0.000000;1.000000%=0;5.000000%=0;10.000000%=0;20.000000%=0;30.000000%=0;40.000000%=0;50.000000%=0;60.000000%=0;70.000000%=0;80.000000%=0;90.000000%=0;95.000000%=0;99.000000%=0;99.500000%=0;99.900000%=0;99.950000%=0;99.990000%=0;0%=0;0%=0;0%=0;0;0;0.000000;0.000000;0;0;0.000000%;0.000000;0.000000;0;0;0;0;0;0;0.000000;0.000000;0;0;0.000000;0.000000;1.000000%=0;5.000000%=0;10.000000%=0;20.000000%=0;30.000000%=0;40.000000%=0;50.000000%=0;60.000000%=0;70.000000%=0;80.000000%=0;90.000000%=0;95.000000%=0;99.000000%=0;99.500000%=0;99.900000%=0;99.950000%=0;99.990000%=0;0%=0;0%=0;0%=0;0;0;0.000000;0.000000;0;0;0.000000%;0.000000;0.000000;0.000000%;0.000000%;0;0;0;0.0%;0.0%;0.0%;0.0%;0.0%;0.0%;0.0%;-nan%;0.00%;0.00%;0.00%;0.00%;0.00%;0.00%;0.00%;0.00%;0.00%;0.00%;0.00%;0.00%;0.00%;0.00%;0.00%;0.00%;0.00%;0.00%;0.00%;0.00%;0.00%
== Engine io_uring Dev 4 Jobs 3 TargetIOPS 2800000 933333 Polling 2 ==
sudo ./open-loop/../scripts/fio ./open-loop/run.fio --filename=/dev/nvme0n1:/dev/nvme1n1:/dev/nvme2n1:/dev/nvme3n1 --rate_iops=933333 --numjobs=3 -runtime=2 --ioengine=io_uring --iodepth=32 --file_service_type=random:32 --hipri=1 --sqthread_poll=2
fio: pid=11564, err=22/file:filesetup.c:713, func=open(/dev/nvme0n1), error=Invalid argument
fio: pid=11563, err=22/file:filesetup.c:713, func=open(/dev/nvme0n1), error=Invalid argument
fio: pid=11562, err=22/file:filesetup.c:713, func=open(/dev/nvme0n1), error=Invalid argument
3;fio-3.20-66-g797e;run;0;22;0;0;0;0;0;0;0.000000;0.000000;0;0;0.000000;0.000000;1.000000%=0;5.000000%=0;10.000000%=0;20.000000%=0;30.000000%=0;40.000000%=0;50.000000%=0;60.000000%=0;70.000000%=0;80.000000%=0;90.000000%=0;95.000000%=0;99.000000%=0;99.500000%=0;99.900000%=0;99.950000%=0;99.990000%=0;0%=0;0%=0;0%=0;0;0;0.000000;0.000000;0;0;0.000000%;0.000000;0.000000;0;0;0;0;0;0;0.000000;0.000000;0;0;0.000000;0.000000;1.000000%=0;5.000000%=0;10.000000%=0;20.000000%=0;30.000000%=0;40.000000%=0;50.000000%=0;60.000000%=0;70.000000%=0;80.000000%=0;90.000000%=0;95.000000%=0;99.000000%=0;99.500000%=0;99.900000%=0;99.950000%=0;99.990000%=0;0%=0;0%=0;0%=0;0;0;0.000000;0.000000;0;0;0.000000%;0.000000;0.000000;0.000000%;0.000000%;0;0;0;0.0%;0.0%;0.0%;0.0%;0.0%;0.0%;0.0%;-nan%;0.00%;0.00%;0.00%;0.00%;0.00%;0.00%;0.00%;0.00%;0.00%;0.00%;0.00%;0.00%;0.00%;0.00%;0.00%;0.00%;0.00%;0.00%;0.00%;0.00%;0.00%
== Engine io_uring Dev 4 Jobs 4 TargetIOPS 100000 25000 Polling 2 ==
sudo ./open-loop/../scripts/fio ./open-loop/run.fio --filename=/dev/nvme0n1:/dev/nvme1n1:/dev/nvme2n1:/dev/nvme3n1 --rate_iops=25000 --numjobs=4 -runtime=2 --ioengine=io_uring --iodepth=32 --file_service_type=random:32 --hipri=1 --sqthread_poll=2
fio: pid=11700, err=22/file:filesetup.c:713, func=open(/dev/nvme0n1), error=Invalid argument
fio: pid=11699, err=22/file:filesetup.c:713, func=open(/dev/nvme0n1), error=Invalid argument
fio: pid=11701, err=22/file:filesetup.c:713, func=open(/dev/nvme0n1), error=Invalid argument
fio: pid=11702, err=22/file:filesetup.c:713, func=open(/dev/nvme0n1), error=Invalid argument
3;fio-3.20-66-g797e;run;0;22;0;0;0;0;0;0;0.000000;0.000000;0;0;0.000000;0.000000;1.000000%=0;5.000000%=0;10.000000%=0;20.000000%=0;30.000000%=0;40.000000%=0;50.000000%=0;60.000000%=0;70.000000%=0;80.000000%=0;90.000000%=0;95.000000%=0;99.000000%=0;99.500000%=0;99.900000%=0;99.950000%=0;99.990000%=0;0%=0;0%=0;0%=0;0;0;0.000000;0.000000;0;0;0.000000%;0.000000;0.000000;0;0;0;0;0;0;0.000000;0.000000;0;0;0.000000;0.000000;1.000000%=0;5.000000%=0;10.000000%=0;20.000000%=0;30.000000%=0;40.000000%=0;50.000000%=0;60.000000%=0;70.000000%=0;80.000000%=0;90.000000%=0;95.000000%=0;99.000000%=0;99.500000%=0;99.900000%=0;99.950000%=0;99.990000%=0;0%=0;0%=0;0%=0;0;0;0.000000;0.000000;0;0;0.000000%;0.000000;0.000000;0.000000%;0.000000%;0;0;0;0.0%;0.0%;0.0%;0.0%;0.0%;0.0%;0.0%;-nan%;0.00%;0.00%;0.00%;0.00%;0.00%;0.00%;0.00%;0.00%;0.00%;0.00%;0.00%;0.00%;0.00%;0.00%;0.00%;0.00%;0.00%;0.00%;0.00%;0.00%;0.00%
== Engine io_uring Dev 4 Jobs 4 TargetIOPS 200000 50000 Polling 2 ==
sudo ./open-loop/../scripts/fio ./open-loop/run.fio --filename=/dev/nvme0n1:/dev/nvme1n1:/dev/nvme2n1:/dev/nvme3n1 --rate_iops=50000 --numjobs=4 -runtime=2 --ioengine=io_uring --iodepth=32 --file_service_type=random:32 --hipri=1 --sqthread_poll=2
fio: pid=11731, err=22/file:filesetup.c:713, func=open(/dev/nvme0n1), error=Invalid argument
fio: pid=11733, err=22/file:filesetup.c:713, func=open(/dev/nvme0n1), error=Invalid argument
fio: pid=11732, err=22/file:filesetup.c:713, func=open(/dev/nvme0n1), error=Invalid argument
fio: pid=11734, err=22/file:filesetup.c:713, func=open(/dev/nvme0n1), error=Invalid argument
3;fio-3.20-66-g797e;run;0;22;0;0;0;0;0;0;0.000000;0.000000;0;0;0.000000;0.000000;1.000000%=0;5.000000%=0;10.000000%=0;20.000000%=0;30.000000%=0;40.000000%=0;50.000000%=0;60.000000%=0;70.000000%=0;80.000000%=0;90.000000%=0;95.000000%=0;99.000000%=0;99.500000%=0;99.900000%=0;99.950000%=0;99.990000%=0;0%=0;0%=0;0%=0;0;0;0.000000;0.000000;0;0;0.000000%;0.000000;0.000000;0;0;0;0;0;0;0.000000;0.000000;0;0;0.000000;0.000000;1.000000%=0;5.000000%=0;10.000000%=0;20.000000%=0;30.000000%=0;40.000000%=0;50.000000%=0;60.000000%=0;70.000000%=0;80.000000%=0;90.000000%=0;95.000000%=0;99.000000%=0;99.500000%=0;99.900000%=0;99.950000%=0;99.990000%=0;0%=0;0%=0;0%=0;0;0;0.000000;0.000000;0;0;0.000000%;0.000000;0.000000;0.000000%;0.000000%;0;0;0;0.0%;0.0%;0.0%;0.0%;0.0%;0.0%;0.0%;-nan%;0.00%;0.00%;0.00%;0.00%;0.00%;0.00%;0.00%;0.00%;0.00%;0.00%;0.00%;0.00%;0.00%;0.00%;0.00%;0.00%;0.00%;0.00%;0.00%;0.00%;0.00%
== Engine io_uring Dev 4 Jobs 4 TargetIOPS 300000 75000 Polling 2 ==
sudo ./open-loop/../scripts/fio ./open-loop/run.fio --filename=/dev/nvme0n1:/dev/nvme1n1:/dev/nvme2n1:/dev/nvme3n1 --rate_iops=75000 --numjobs=4 -runtime=2 --ioengine=io_uring --iodepth=32 --file_service_type=random:32 --hipri=1 --sqthread_poll=2
fio: pid=11763, err=22/file:filesetup.c:713, func=open(/dev/nvme0n1), error=Invalid argument
fio: pid=11764, err=22/file:filesetup.c:713, func=open(/dev/nvme0n1), error=Invalid argument
fio: pid=11765, err=22/file:filesetup.c:713, func=open(/dev/nvme0n1), error=Invalid argument
fio: pid=11766, err=22/file:filesetup.c:713, func=open(/dev/nvme0n1), error=Invalid argument
3;fio-3.20-66-g797e;run;0;22;0;0;0;0;0;0;0.000000;0.000000;0;0;0.000000;0.000000;1.000000%=0;5.000000%=0;10.000000%=0;20.000000%=0;30.000000%=0;40.000000%=0;50.000000%=0;60.000000%=0;70.000000%=0;80.000000%=0;90.000000%=0;95.000000%=0;99.000000%=0;99.500000%=0;99.900000%=0;99.950000%=0;99.990000%=0;0%=0;0%=0;0%=0;0;0;0.000000;0.000000;0;0;0.000000%;0.000000;0.000000;0;0;0;0;0;0;0.000000;0.000000;0;0;0.000000;0.000000;1.000000%=0;5.000000%=0;10.000000%=0;20.000000%=0;30.000000%=0;40.000000%=0;50.000000%=0;60.000000%=0;70.000000%=0;80.000000%=0;90.000000%=0;95.000000%=0;99.000000%=0;99.500000%=0;99.900000%=0;99.950000%=0;99.990000%=0;0%=0;0%=0;0%=0;0;0;0.000000;0.000000;0;0;0.000000%;0.000000;0.000000;0.000000%;0.000000%;0;0;0;0.0%;0.0%;0.0%;0.0%;0.0%;0.0%;0.0%;-nan%;0.00%;0.00%;0.00%;0.00%;0.00%;0.00%;0.00%;0.00%;0.00%;0.00%;0.00%;0.00%;0.00%;0.00%;0.00%;0.00%;0.00%;0.00%;0.00%;0.00%;0.00%
== Engine io_uring Dev 4 Jobs 4 TargetIOPS 400000 100000 Polling 2 ==
sudo ./open-loop/../scripts/fio ./open-loop/run.fio --filename=/dev/nvme0n1:/dev/nvme1n1:/dev/nvme2n1:/dev/nvme3n1 --rate_iops=100000 --numjobs=4 -runtime=2 --ioengine=io_uring --iodepth=32 --file_service_type=random:32 --hipri=1 --sqthread_poll=2
fio: pid=11798, err=22/file:filesetup.c:713, func=open(/dev/nvme0n1), error=Invalid argument
fio: pid=11797, err=22/file:filesetup.c:713, func=open(/dev/nvme0n1), error=Invalid argument
fio: pid=11795, err=22/file:filesetup.c:713, func=open(/dev/nvme0n1), error=Invalid argument
fio: pid=11796, err=22/file:filesetup.c:713, func=open(/dev/nvme0n1), error=Invalid argument
3;fio-3.20-66-g797e;run;0;22;0;0;0;0;0;0;0.000000;0.000000;0;0;0.000000;0.000000;1.000000%=0;5.000000%=0;10.000000%=0;20.000000%=0;30.000000%=0;40.000000%=0;50.000000%=0;60.000000%=0;70.000000%=0;80.000000%=0;90.000000%=0;95.000000%=0;99.000000%=0;99.500000%=0;99.900000%=0;99.950000%=0;99.990000%=0;0%=0;0%=0;0%=0;0;0;0.000000;0.000000;0;0;0.000000%;0.000000;0.000000;0;0;0;0;0;0;0.000000;0.000000;0;0;0.000000;0.000000;1.000000%=0;5.000000%=0;10.000000%=0;20.000000%=0;30.000000%=0;40.000000%=0;50.000000%=0;60.000000%=0;70.000000%=0;80.000000%=0;90.000000%=0;95.000000%=0;99.000000%=0;99.500000%=0;99.900000%=0;99.950000%=0;99.990000%=0;0%=0;0%=0;0%=0;0;0;0.000000;0.000000;0;0;0.000000%;0.000000;0.000000;0.000000%;0.000000%;0;0;0;0.0%;0.0%;0.0%;0.0%;0.0%;0.0%;0.0%;-nan%;0.00%;0.00%;0.00%;0.00%;0.00%;0.00%;0.00%;0.00%;0.00%;0.00%;0.00%;0.00%;0.00%;0.00%;0.00%;0.00%;0.00%;0.00%;0.00%;0.00%;0.00%
== Engine io_uring Dev 4 Jobs 4 TargetIOPS 700000 175000 Polling 2 ==
sudo ./open-loop/../scripts/fio ./open-loop/run.fio --filename=/dev/nvme0n1:/dev/nvme1n1:/dev/nvme2n1:/dev/nvme3n1 --rate_iops=175000 --numjobs=4 -runtime=2 --ioengine=io_uring --iodepth=32 --file_service_type=random:32 --hipri=1 --sqthread_poll=2
fio: pid=11830, err=22/file:filesetup.c:713, func=open(/dev/nvme0n1), error=Invalid argument
fio: pid=11829, err=22/file:filesetup.c:713, func=open(/dev/nvme0n1), error=Invalid argument
fio: pid=11828, err=22/file:filesetup.c:713, func=open(/dev/nvme0n1), error=Invalid argument
fio: pid=11827, err=22/file:filesetup.c:713, func=open(/dev/nvme0n1), error=Invalid argument
3;fio-3.20-66-g797e;run;0;22;0;0;0;0;0;0;0.000000;0.000000;0;0;0.000000;0.000000;1.000000%=0;5.000000%=0;10.000000%=0;20.000000%=0;30.000000%=0;40.000000%=0;50.000000%=0;60.000000%=0;70.000000%=0;80.000000%=0;90.000000%=0;95.000000%=0;99.000000%=0;99.500000%=0;99.900000%=0;99.950000%=0;99.990000%=0;0%=0;0%=0;0%=0;0;0;0.000000;0.000000;0;0;0.000000%;0.000000;0.000000;0;0;0;0;0;0;0.000000;0.000000;0;0;0.000000;0.000000;1.000000%=0;5.000000%=0;10.000000%=0;20.000000%=0;30.000000%=0;40.000000%=0;50.000000%=0;60.000000%=0;70.000000%=0;80.000000%=0;90.000000%=0;95.000000%=0;99.000000%=0;99.500000%=0;99.900000%=0;99.950000%=0;99.990000%=0;0%=0;0%=0;0%=0;0;0;0.000000;0.000000;0;0;0.000000%;0.000000;0.000000;0.000000%;0.000000%;0;0;0;0.0%;0.0%;0.0%;0.0%;0.0%;0.0%;0.0%;-nan%;0.00%;0.00%;0.00%;0.00%;0.00%;0.00%;0.00%;0.00%;0.00%;0.00%;0.00%;0.00%;0.00%;0.00%;0.00%;0.00%;0.00%;0.00%;0.00%;0.00%;0.00%
== Engine io_uring Dev 4 Jobs 4 TargetIOPS 1000000 250000 Polling 2 ==
sudo ./open-loop/../scripts/fio ./open-loop/run.fio --filename=/dev/nvme0n1:/dev/nvme1n1:/dev/nvme2n1:/dev/nvme3n1 --rate_iops=250000 --numjobs=4 -runtime=2 --ioengine=io_uring --iodepth=32 --file_service_type=random:32 --hipri=1 --sqthread_poll=2
fio: pid=11861, err=22/file:filesetup.c:713, func=open(/dev/nvme0n1), error=Invalid argument
fio: pid=11859, err=22/file:filesetup.c:713, func=open(/dev/nvme0n1), error=Invalid argument
fio: pid=11860, err=22/file:filesetup.c:713, func=open(/dev/nvme0n1), error=Invalid argument
fio: pid=11862, err=22/file:filesetup.c:713, func=open(/dev/nvme0n1), error=Invalid argument
3;fio-3.20-66-g797e;run;0;22;0;0;0;0;0;0;0.000000;0.000000;0;0;0.000000;0.000000;1.000000%=0;5.000000%=0;10.000000%=0;20.000000%=0;30.000000%=0;40.000000%=0;50.000000%=0;60.000000%=0;70.000000%=0;80.000000%=0;90.000000%=0;95.000000%=0;99.000000%=0;99.500000%=0;99.900000%=0;99.950000%=0;99.990000%=0;0%=0;0%=0;0%=0;0;0;0.000000;0.000000;0;0;0.000000%;0.000000;0.000000;0;0;0;0;0;0;0.000000;0.000000;0;0;0.000000;0.000000;1.000000%=0;5.000000%=0;10.000000%=0;20.000000%=0;30.000000%=0;40.000000%=0;50.000000%=0;60.000000%=0;70.000000%=0;80.000000%=0;90.000000%=0;95.000000%=0;99.000000%=0;99.500000%=0;99.900000%=0;99.950000%=0;99.990000%=0;0%=0;0%=0;0%=0;0;0;0.000000;0.000000;0;0;0.000000%;0.000000;0.000000;0.000000%;0.000000%;0;0;0;0.0%;0.0%;0.0%;0.0%;0.0%;0.0%;0.0%;-nan%;0.00%;0.00%;0.00%;0.00%;0.00%;0.00%;0.00%;0.00%;0.00%;0.00%;0.00%;0.00%;0.00%;0.00%;0.00%;0.00%;0.00%;0.00%;0.00%;0.00%;0.00%
== Engine io_uring Dev 4 Jobs 4 TargetIOPS 1500000 375000 Polling 2 ==
sudo ./open-loop/../scripts/fio ./open-loop/run.fio --filename=/dev/nvme0n1:/dev/nvme1n1:/dev/nvme2n1:/dev/nvme3n1 --rate_iops=375000 --numjobs=4 -runtime=2 --ioengine=io_uring --iodepth=32 --file_service_type=random:32 --hipri=1 --sqthread_poll=2
fio: pid=11894, err=22/file:filesetup.c:713, func=open(/dev/nvme0n1), error=Invalid argument
fio: pid=11892, err=22/file:filesetup.c:713, func=open(/dev/nvme0n1), error=Invalid argument
fio: pid=11893, err=22/file:filesetup.c:713, func=open(/dev/nvme0n1), error=Invalid argument
fio: pid=11891, err=22/file:filesetup.c:713, func=open(/dev/nvme0n1), error=Invalid argument
3;fio-3.20-66-g797e;run;0;22;0;0;0;0;0;0;0.000000;0.000000;0;0;0.000000;0.000000;1.000000%=0;5.000000%=0;10.000000%=0;20.000000%=0;30.000000%=0;40.000000%=0;50.000000%=0;60.000000%=0;70.000000%=0;80.000000%=0;90.000000%=0;95.000000%=0;99.000000%=0;99.500000%=0;99.900000%=0;99.950000%=0;99.990000%=0;0%=0;0%=0;0%=0;0;0;0.000000;0.000000;0;0;0.000000%;0.000000;0.000000;0;0;0;0;0;0;0.000000;0.000000;0;0;0.000000;0.000000;1.000000%=0;5.000000%=0;10.000000%=0;20.000000%=0;30.000000%=0;40.000000%=0;50.000000%=0;60.000000%=0;70.000000%=0;80.000000%=0;90.000000%=0;95.000000%=0;99.000000%=0;99.500000%=0;99.900000%=0;99.950000%=0;99.990000%=0;0%=0;0%=0;0%=0;0;0;0.000000;0.000000;0;0;0.000000%;0.000000;0.000000;0.000000%;0.000000%;0;0;0;0.0%;0.0%;0.0%;0.0%;0.0%;0.0%;0.0%;-nan%;0.00%;0.00%;0.00%;0.00%;0.00%;0.00%;0.00%;0.00%;0.00%;0.00%;0.00%;0.00%;0.00%;0.00%;0.00%;0.00%;0.00%;0.00%;0.00%;0.00%;0.00%
== Engine io_uring Dev 4 Jobs 4 TargetIOPS 2000000 500000 Polling 2 ==
sudo ./open-loop/../scripts/fio ./open-loop/run.fio --filename=/dev/nvme0n1:/dev/nvme1n1:/dev/nvme2n1:/dev/nvme3n1 --rate_iops=500000 --numjobs=4 -runtime=2 --ioengine=io_uring --iodepth=32 --file_service_type=random:32 --hipri=1 --sqthread_poll=2
fio: pid=11923, err=22/file:filesetup.c:713, func=open(/dev/nvme0n1), error=Invalid argument
fio: pid=11925, err=22/file:filesetup.c:713, func=open(/dev/nvme0n1), error=Invalid argument
fio: pid=11924, err=22/file:filesetup.c:713, func=open(/dev/nvme0n1), error=Invalid argument
fio: pid=11926, err=22/file:filesetup.c:713, func=open(/dev/nvme0n1), error=Invalid argument
3;fio-3.20-66-g797e;run;0;22;0;0;0;0;0;0;0.000000;0.000000;0;0;0.000000;0.000000;1.000000%=0;5.000000%=0;10.000000%=0;20.000000%=0;30.000000%=0;40.000000%=0;50.000000%=0;60.000000%=0;70.000000%=0;80.000000%=0;90.000000%=0;95.000000%=0;99.000000%=0;99.500000%=0;99.900000%=0;99.950000%=0;99.990000%=0;0%=0;0%=0;0%=0;0;0;0.000000;0.000000;0;0;0.000000%;0.000000;0.000000;0;0;0;0;0;0;0.000000;0.000000;0;0;0.000000;0.000000;1.000000%=0;5.000000%=0;10.000000%=0;20.000000%=0;30.000000%=0;40.000000%=0;50.000000%=0;60.000000%=0;70.000000%=0;80.000000%=0;90.000000%=0;95.000000%=0;99.000000%=0;99.500000%=0;99.900000%=0;99.950000%=0;99.990000%=0;0%=0;0%=0;0%=0;0;0;0.000000;0.000000;0;0;0.000000%;0.000000;0.000000;0.000000%;0.000000%;0;0;0;0.0%;0.0%;0.0%;0.0%;0.0%;0.0%;0.0%;-nan%;0.00%;0.00%;0.00%;0.00%;0.00%;0.00%;0.00%;0.00%;0.00%;0.00%;0.00%;0.00%;0.00%;0.00%;0.00%;0.00%;0.00%;0.00%;0.00%;0.00%;0.00%
== Engine io_uring Dev 4 Jobs 4 TargetIOPS 2200000 550000 Polling 2 ==
sudo ./open-loop/../scripts/fio ./open-loop/run.fio --filename=/dev/nvme0n1:/dev/nvme1n1:/dev/nvme2n1:/dev/nvme3n1 --rate_iops=550000 --numjobs=4 -runtime=2 --ioengine=io_uring --iodepth=32 --file_service_type=random:32 --hipri=1 --sqthread_poll=2
fio: pid=11956, err=22/file:filesetup.c:713, func=open(/dev/nvme0n1), error=Invalid argument
fio: pid=11955, err=22/file:filesetup.c:713, func=open(/dev/nvme0n1), error=Invalid argument
fio: pid=11957, err=22/file:filesetup.c:713, func=open(/dev/nvme0n1), error=Invalid argument
fio: pid=11958, err=22/file:filesetup.c:713, func=open(/dev/nvme0n1), error=Invalid argument
3;fio-3.20-66-g797e;run;0;22;0;0;0;0;0;0;0.000000;0.000000;0;0;0.000000;0.000000;1.000000%=0;5.000000%=0;10.000000%=0;20.000000%=0;30.000000%=0;40.000000%=0;50.000000%=0;60.000000%=0;70.000000%=0;80.000000%=0;90.000000%=0;95.000000%=0;99.000000%=0;99.500000%=0;99.900000%=0;99.950000%=0;99.990000%=0;0%=0;0%=0;0%=0;0;0;0.000000;0.000000;0;0;0.000000%;0.000000;0.000000;0;0;0;0;0;0;0.000000;0.000000;0;0;0.000000;0.000000;1.000000%=0;5.000000%=0;10.000000%=0;20.000000%=0;30.000000%=0;40.000000%=0;50.000000%=0;60.000000%=0;70.000000%=0;80.000000%=0;90.000000%=0;95.000000%=0;99.000000%=0;99.500000%=0;99.900000%=0;99.950000%=0;99.990000%=0;0%=0;0%=0;0%=0;0;0;0.000000;0.000000;0;0;0.000000%;0.000000;0.000000;0.000000%;0.000000%;0;0;0;0.0%;0.0%;0.0%;0.0%;0.0%;0.0%;0.0%;-nan%;0.00%;0.00%;0.00%;0.00%;0.00%;0.00%;0.00%;0.00%;0.00%;0.00%;0.00%;0.00%;0.00%;0.00%;0.00%;0.00%;0.00%;0.00%;0.00%;0.00%;0.00%
== Engine io_uring Dev 4 Jobs 4 TargetIOPS 2400000 600000 Polling 2 ==
sudo ./open-loop/../scripts/fio ./open-loop/run.fio --filename=/dev/nvme0n1:/dev/nvme1n1:/dev/nvme2n1:/dev/nvme3n1 --rate_iops=600000 --numjobs=4 -runtime=2 --ioengine=io_uring --iodepth=32 --file_service_type=random:32 --hipri=1 --sqthread_poll=2
fio: pid=11987, err=22/file:filesetup.c:713, func=open(/dev/nvme0n1), error=Invalid argument
fio: pid=11988, err=22/file:filesetup.c:713, func=open(/dev/nvme0n1), error=Invalid argument
fio: pid=11990, err=22/file:filesetup.c:713, func=open(/dev/nvme0n1), error=Invalid argument
fio: pid=11989, err=22/file:filesetup.c:713, func=open(/dev/nvme0n1), error=Invalid argument
3;fio-3.20-66-g797e;run;0;22;0;0;0;0;0;0;0.000000;0.000000;0;0;0.000000;0.000000;1.000000%=0;5.000000%=0;10.000000%=0;20.000000%=0;30.000000%=0;40.000000%=0;50.000000%=0;60.000000%=0;70.000000%=0;80.000000%=0;90.000000%=0;95.000000%=0;99.000000%=0;99.500000%=0;99.900000%=0;99.950000%=0;99.990000%=0;0%=0;0%=0;0%=0;0;0;0.000000;0.000000;0;0;0.000000%;0.000000;0.000000;0;0;0;0;0;0;0.000000;0.000000;0;0;0.000000;0.000000;1.000000%=0;5.000000%=0;10.000000%=0;20.000000%=0;30.000000%=0;40.000000%=0;50.000000%=0;60.000000%=0;70.000000%=0;80.000000%=0;90.000000%=0;95.000000%=0;99.000000%=0;99.500000%=0;99.900000%=0;99.950000%=0;99.990000%=0;0%=0;0%=0;0%=0;0;0;0.000000;0.000000;0;0;0.000000%;0.000000;0.000000;0.000000%;0.000000%;0;0;0;0.0%;0.0%;0.0%;0.0%;0.0%;0.0%;0.0%;-nan%;0.00%;0.00%;0.00%;0.00%;0.00%;0.00%;0.00%;0.00%;0.00%;0.00%;0.00%;0.00%;0.00%;0.00%;0.00%;0.00%;0.00%;0.00%;0.00%;0.00%;0.00%
== Engine io_uring Dev 4 Jobs 4 TargetIOPS 2600000 650000 Polling 2 ==
sudo ./open-loop/../scripts/fio ./open-loop/run.fio --filename=/dev/nvme0n1:/dev/nvme1n1:/dev/nvme2n1:/dev/nvme3n1 --rate_iops=650000 --numjobs=4 -runtime=2 --ioengine=io_uring --iodepth=32 --file_service_type=random:32 --hipri=1 --sqthread_poll=2
fio: pid=12020, err=22/file:filesetup.c:713, func=open(/dev/nvme0n1), error=Invalid argument
fio: pid=12022, err=22/file:filesetup.c:713, func=open(/dev/nvme0n1), error=Invalid argument
fio: pid=12019, err=22/file:filesetup.c:713, func=open(/dev/nvme0n1), error=Invalid argument
fio: pid=12021, err=22/file:filesetup.c:713, func=open(/dev/nvme0n1), error=Invalid argument
3;fio-3.20-66-g797e;run;0;22;0;0;0;0;0;0;0.000000;0.000000;0;0;0.000000;0.000000;1.000000%=0;5.000000%=0;10.000000%=0;20.000000%=0;30.000000%=0;40.000000%=0;50.000000%=0;60.000000%=0;70.000000%=0;80.000000%=0;90.000000%=0;95.000000%=0;99.000000%=0;99.500000%=0;99.900000%=0;99.950000%=0;99.990000%=0;0%=0;0%=0;0%=0;0;0;0.000000;0.000000;0;0;0.000000%;0.000000;0.000000;0;0;0;0;0;0;0.000000;0.000000;0;0;0.000000;0.000000;1.000000%=0;5.000000%=0;10.000000%=0;20.000000%=0;30.000000%=0;40.000000%=0;50.000000%=0;60.000000%=0;70.000000%=0;80.000000%=0;90.000000%=0;95.000000%=0;99.000000%=0;99.500000%=0;99.900000%=0;99.950000%=0;99.990000%=0;0%=0;0%=0;0%=0;0;0;0.000000;0.000000;0;0;0.000000%;0.000000;0.000000;0.000000%;0.000000%;0;0;0;0.0%;0.0%;0.0%;0.0%;0.0%;0.0%;0.0%;-nan%;0.00%;0.00%;0.00%;0.00%;0.00%;0.00%;0.00%;0.00%;0.00%;0.00%;0.00%;0.00%;0.00%;0.00%;0.00%;0.00%;0.00%;0.00%;0.00%;0.00%;0.00%
== Engine io_uring Dev 4 Jobs 4 TargetIOPS 2800000 700000 Polling 2 ==
sudo ./open-loop/../scripts/fio ./open-loop/run.fio --filename=/dev/nvme0n1:/dev/nvme1n1:/dev/nvme2n1:/dev/nvme3n1 --rate_iops=700000 --numjobs=4 -runtime=2 --ioengine=io_uring --iodepth=32 --file_service_type=random:32 --hipri=1 --sqthread_poll=2
fio: pid=12054, err=22/file:filesetup.c:713, func=open(/dev/nvme0n1), error=Invalid argument
fio: pid=12053, err=22/file:filesetup.c:713, func=open(/dev/nvme0n1), error=Invalid argument
fio: pid=12051, err=22/file:filesetup.c:713, func=open(/dev/nvme0n1), error=Invalid argument
fio: pid=12052, err=22/file:filesetup.c:713, func=open(/dev/nvme0n1), error=Invalid argument
3;fio-3.20-66-g797e;run;0;22;0;0;0;0;0;0;0.000000;0.000000;0;0;0.000000;0.000000;1.000000%=0;5.000000%=0;10.000000%=0;20.000000%=0;30.000000%=0;40.000000%=0;50.000000%=0;60.000000%=0;70.000000%=0;80.000000%=0;90.000000%=0;95.000000%=0;99.000000%=0;99.500000%=0;99.900000%=0;99.950000%=0;99.990000%=0;0%=0;0%=0;0%=0;0;0;0.000000;0.000000;0;0;0.000000%;0.000000;0.000000;0;0;0;0;0;0;0.000000;0.000000;0;0;0.000000;0.000000;1.000000%=0;5.000000%=0;10.000000%=0;20.000000%=0;30.000000%=0;40.000000%=0;50.000000%=0;60.000000%=0;70.000000%=0;80.000000%=0;90.000000%=0;95.000000%=0;99.000000%=0;99.500000%=0;99.900000%=0;99.950000%=0;99.990000%=0;0%=0;0%=0;0%=0;0;0;0.000000;0.000000;0;0;0.000000%;0.000000;0.000000;0.000000%;0.000000%;0;0;0;0.0%;0.0%;0.0%;0.0%;0.0%;0.0%;0.0%;-nan%;0.00%;0.00%;0.00%;0.00%;0.00%;0.00%;0.00%;0.00%;0.00%;0.00%;0.00%;0.00%;0.00%;0.00%;0.00%;0.00%;0.00%;0.00%;0.00%;0.00%;0.00%
